---------------------------------------------------------------
[ 2018-01-08T17:59:31+08:00 ] ::1 ::1 GET /Blogs/public/index.php/Index/index
[ info ] localhost/Blogs/public/index.php/Index/index [运行时间：0.933363s][吞吐率：1.07req/s] [内存消耗：2,436.68kb] [文件加载：50]
[ info ] [ LANG ] D:\wamp\www\Blogs\thinkphp\lang\zh-cn.php
[ info ] [ ROUTE ] array (
  'type' => 'module',
  'module' => 
  array (
    0 => 'Index',
    1 => 'index',
    2 => NULL,
  ),
)
[ info ] [ HEADER ] array (
  'host' => 'localhost',
  'connection' => 'keep-alive',
  'upgrade-insecure-requests' => '1',
  'user-agent' => 'Mozilla/5.0 (Windows NT 10.0; WOW64) AppleWebKit/537.36 (KHTML, like Gecko) Chrome/60.0.3112.10 Safari/537.36',
  'accept' => 'text/html,application/xhtml+xml,application/xml;q=0.9,image/webp,image/apng,*/*;q=0.8',
  'accept-encoding' => 'gzip, deflate, br',
  'accept-language' => 'zh-CN,zh;q=0.8',
)
[ info ] [ PARAM ] array (
)
[ info ] [ RUN ] app\index\controller\Index->index[ D:\wamp\www\Blogs\application\index\controller\Index.php ]
[ info ] [ DB ] INIT mysql
[ info ] [ VIEW ] D:\wamp\www\Blogs\public/../application/index\view\index\index.html [ array (
  0 => 'Info',
  1 => 'click',
) ]
[ info ] [ LOG ] INIT File
[ sql ] [ DB ] CONNECT:[ UseTime:0.036012s ] mysql:host=127.0.0.1;dbname=blogs;charset=utf8
[ sql ] [ SQL ] select id ,arti_title,ad_time,arti_contents,clicksum,lei from article_php
                          UNION ALL 
                          select id ,arti_title,ad_time,arti_contents ,clicksum,lei from article_qian
                          UNION ALL 
                          select id ,arti_title,ad_time,arti_contents ,clicksum,lei from article_linux
                          UNION ALL 
                          select id ,arti_title,ad_time,arti_contents ,clicksum,lei from article_mysql
                          UNION ALL 
                          select id ,arti_title,ad_time,arti_contents ,clicksum,lei from article_blog
                          UNION ALL 
                          select id ,arti_title,ad_time,arti_contents ,clicksum,lei from article_zatan
                          ORDER BY ad_time DESC limit 5 [ RunTime:0.307955s ]
[ sql ] [ SQL ] select id,arti_title,clicksum,lei from article_php
                          UNION ALL
                          select id,arti_title,clicksum,lei from article_qian
                          UNION ALL
                          select id,arti_title,clicksum,lei from article_linux
                          UNION ALL
                          select id,arti_title,clicksum,lei from article_mysql
                          UNION ALL
                          select id,arti_title,clicksum,lei from article_blog
                          UNION ALL
                          select id,arti_title,clicksum,lei from article_zatan
                          ORDER BY clicksum DESC limit 5 [ RunTime:0.000647s ]
---------------------------------------------------------------
[ 2018-01-08T17:59:36+08:00 ] ::1 ::1 GET /Blogs/public/index.php/Admin/Index/index
[ info ] localhost/Blogs/public/index.php/Admin/Index/index [运行时间：0.071423s][吞吐率：14.00req/s] [内存消耗：1,928.34kb] [文件加载：45]
[ info ] [ LANG ] D:\wamp\www\Blogs\thinkphp\lang\zh-cn.php
[ info ] [ ROUTE ] array (
  'type' => 'module',
  'module' => 
  array (
    0 => 'Admin',
    1 => 'Index',
    2 => 'index',
  ),
)
[ info ] [ HEADER ] array (
  'host' => 'localhost',
  'connection' => 'keep-alive',
  'upgrade-insecure-requests' => '1',
  'user-agent' => 'Mozilla/5.0 (Windows NT 10.0; WOW64) AppleWebKit/537.36 (KHTML, like Gecko) Chrome/60.0.3112.10 Safari/537.36',
  'accept' => 'text/html,application/xhtml+xml,application/xml;q=0.9,image/webp,image/apng,*/*;q=0.8',
  'accept-encoding' => 'gzip, deflate, br',
  'accept-language' => 'zh-CN,zh;q=0.8',
)
[ info ] [ PARAM ] array (
)
[ info ] [ RUN ] app\admin\controller\Index->index[ D:\wamp\www\Blogs\application\admin\controller\Index.php ]
[ info ] [ VIEW ] D:\wamp\www\Blogs\public/../application/admin\view\index\index.html [ array (
) ]
[ info ] [ LOG ] INIT File
---------------------------------------------------------------
[ 2018-01-08T17:59:37+08:00 ] ::1 ::1 GET /Blogs/public/index.php/Admin/Index/menu.html
[ info ] localhost/Blogs/public/index.php/Admin/Index/menu.html [运行时间：0.079684s][吞吐率：12.55req/s] [内存消耗：1,928.84kb] [文件加载：45]
[ info ] [ LANG ] D:\wamp\www\Blogs\thinkphp\lang\zh-cn.php
[ info ] [ ROUTE ] array (
  'type' => 'module',
  'module' => 
  array (
    0 => 'Admin',
    1 => 'Index',
    2 => 'menu',
  ),
)
[ info ] [ HEADER ] array (
  'host' => 'localhost',
  'connection' => 'keep-alive',
  'upgrade-insecure-requests' => '1',
  'user-agent' => 'Mozilla/5.0 (Windows NT 10.0; WOW64) AppleWebKit/537.36 (KHTML, like Gecko) Chrome/60.0.3112.10 Safari/537.36',
  'accept' => 'text/html,application/xhtml+xml,application/xml;q=0.9,image/webp,image/apng,*/*;q=0.8',
  'referer' => 'http://localhost/Blogs/public/index.php/Admin/Index/index',
  'accept-encoding' => 'gzip, deflate, br',
  'accept-language' => 'zh-CN,zh;q=0.8',
)
[ info ] [ PARAM ] array (
)
[ info ] [ RUN ] app\admin\controller\Index->menu[ D:\wamp\www\Blogs\application\admin\controller\Index.php ]
[ info ] [ VIEW ] D:\wamp\www\Blogs\public/../application/admin\view\index\menu.html [ array (
) ]
[ info ] [ LOG ] INIT File
---------------------------------------------------------------
[ 2018-01-08T17:59:37+08:00 ] ::1 ::1 GET /Blogs/public/index.php/Admin/Index/top.html
[ info ] localhost/Blogs/public/index.php/Admin/Index/top.html [运行时间：0.074403s][吞吐率：13.44req/s] [内存消耗：1,928.71kb] [文件加载：45]
[ info ] [ LANG ] D:\wamp\www\Blogs\thinkphp\lang\zh-cn.php
[ info ] [ ROUTE ] array (
  'type' => 'module',
  'module' => 
  array (
    0 => 'Admin',
    1 => 'Index',
    2 => 'top',
  ),
)
[ info ] [ HEADER ] array (
  'host' => 'localhost',
  'connection' => 'keep-alive',
  'upgrade-insecure-requests' => '1',
  'user-agent' => 'Mozilla/5.0 (Windows NT 10.0; WOW64) AppleWebKit/537.36 (KHTML, like Gecko) Chrome/60.0.3112.10 Safari/537.36',
  'accept' => 'text/html,application/xhtml+xml,application/xml;q=0.9,image/webp,image/apng,*/*;q=0.8',
  'referer' => 'http://localhost/Blogs/public/index.php/Admin/Index/index',
  'accept-encoding' => 'gzip, deflate, br',
  'accept-language' => 'zh-CN,zh;q=0.8',
)
[ info ] [ PARAM ] array (
)
[ info ] [ RUN ] app\admin\controller\Index->top[ D:\wamp\www\Blogs\application\admin\controller\Index.php ]
[ info ] [ VIEW ] D:\wamp\www\Blogs\public/../application/admin\view\index\top.html [ array (
) ]
[ info ] [ LOG ] INIT File
---------------------------------------------------------------
[ 2018-01-08T17:59:37+08:00 ] ::1 ::1 GET /Blogs/public/index.php/Admin/Index/main.html
[ info ] localhost/Blogs/public/index.php/Admin/Index/main.html [运行时间：0.115427s][吞吐率：8.66req/s] [内存消耗：1,928.76kb] [文件加载：45]
[ info ] [ LANG ] D:\wamp\www\Blogs\thinkphp\lang\zh-cn.php
[ info ] [ ROUTE ] array (
  'type' => 'module',
  'module' => 
  array (
    0 => 'Admin',
    1 => 'Index',
    2 => 'main',
  ),
)
[ info ] [ HEADER ] array (
  'host' => 'localhost',
  'connection' => 'keep-alive',
  'upgrade-insecure-requests' => '1',
  'user-agent' => 'Mozilla/5.0 (Windows NT 10.0; WOW64) AppleWebKit/537.36 (KHTML, like Gecko) Chrome/60.0.3112.10 Safari/537.36',
  'accept' => 'text/html,application/xhtml+xml,application/xml;q=0.9,image/webp,image/apng,*/*;q=0.8',
  'referer' => 'http://localhost/Blogs/public/index.php/Admin/Index/index',
  'accept-encoding' => 'gzip, deflate, br',
  'accept-language' => 'zh-CN,zh;q=0.8',
)
[ info ] [ PARAM ] array (
)
[ info ] [ RUN ] app\admin\controller\Index->main[ D:\wamp\www\Blogs\application\admin\controller\Index.php ]
[ info ] [ VIEW ] D:\wamp\www\Blogs\public/../application/admin\view\index\main.html [ array (
) ]
[ info ] [ LOG ] INIT File
---------------------------------------------------------------
[ 2018-01-08T17:59:37+08:00 ] ::1 ::1 GET /Blogs/public/index.php/Admin/Index/bar.html
[ info ] localhost/Blogs/public/index.php/Admin/Index/bar.html [运行时间：0.120577s][吞吐率：8.29req/s] [内存消耗：1,928.70kb] [文件加载：45]
[ info ] [ LANG ] D:\wamp\www\Blogs\thinkphp\lang\zh-cn.php
[ info ] [ ROUTE ] array (
  'type' => 'module',
  'module' => 
  array (
    0 => 'Admin',
    1 => 'Index',
    2 => 'bar',
  ),
)
[ info ] [ HEADER ] array (
  'host' => 'localhost',
  'connection' => 'keep-alive',
  'upgrade-insecure-requests' => '1',
  'user-agent' => 'Mozilla/5.0 (Windows NT 10.0; WOW64) AppleWebKit/537.36 (KHTML, like Gecko) Chrome/60.0.3112.10 Safari/537.36',
  'accept' => 'text/html,application/xhtml+xml,application/xml;q=0.9,image/webp,image/apng,*/*;q=0.8',
  'referer' => 'http://localhost/Blogs/public/index.php/Admin/Index/index',
  'accept-encoding' => 'gzip, deflate, br',
  'accept-language' => 'zh-CN,zh;q=0.8',
)
[ info ] [ PARAM ] array (
)
[ info ] [ RUN ] app\admin\controller\Index->bar[ D:\wamp\www\Blogs\application\admin\controller\Index.php ]
[ info ] [ VIEW ] D:\wamp\www\Blogs\public/../application/admin\view\index\bar.html [ array (
) ]
[ info ] [ LOG ] INIT File
---------------------------------------------------------------
[ 2018-01-08T17:59:37+08:00 ] ::1 ::1 GET /Blogs/public/static/images/admin_bg.png
[ info ] localhost/Blogs/public/static/images/admin_bg.png [运行时间：0.094853s][吞吐率：10.54req/s] [内存消耗：1,633.81kb] [文件加载：39]
[ info ] [ LANG ] D:\wamp\www\Blogs\thinkphp\lang\zh-cn.php
[ info ] [ ROUTE ] array (
  'type' => 'module',
  'module' => 
  array (
    0 => 'static',
    1 => 'images',
    2 => 'admin_bg.png',
  ),
)
[ info ] [ HEADER ] array (
  'host' => 'localhost',
  'connection' => 'keep-alive',
  'user-agent' => 'Mozilla/5.0 (Windows NT 10.0; WOW64) AppleWebKit/537.36 (KHTML, like Gecko) Chrome/60.0.3112.10 Safari/537.36',
  'accept' => 'image/webp,image/apng,image/*,*/*;q=0.8',
  'referer' => 'http://localhost/Blogs/public/static/css/adminStyle.css',
  'accept-encoding' => 'gzip, deflate, br',
  'accept-language' => 'zh-CN,zh;q=0.8',
)
[ info ] [ PARAM ] array (
)
[ info ] [ LOG ] INIT File
---------------------------------------------------------------
[ 2018-01-08T17:59:37+08:00 ] ::1 ::1 GET /Blogs/public/static/images/admin_bg.png
[ info ] localhost/Blogs/public/static/images/admin_bg.png [运行时间：0.039129s][吞吐率：25.56req/s] [内存消耗：1,633.81kb] [文件加载：39]
[ info ] [ LANG ] D:\wamp\www\Blogs\thinkphp\lang\zh-cn.php
[ info ] [ ROUTE ] array (
  'type' => 'module',
  'module' => 
  array (
    0 => 'static',
    1 => 'images',
    2 => 'admin_bg.png',
  ),
)
[ info ] [ HEADER ] array (
  'host' => 'localhost',
  'connection' => 'keep-alive',
  'user-agent' => 'Mozilla/5.0 (Windows NT 10.0; WOW64) AppleWebKit/537.36 (KHTML, like Gecko) Chrome/60.0.3112.10 Safari/537.36',
  'accept' => 'image/webp,image/apng,image/*,*/*;q=0.8',
  'referer' => 'http://localhost/Blogs/public/static/css/adminStyle.css',
  'accept-encoding' => 'gzip, deflate, br',
  'accept-language' => 'zh-CN,zh;q=0.8',
)
[ info ] [ PARAM ] array (
)
[ info ] [ LOG ] INIT File
