---------------------------------------------------------------
[ 2018-01-18T20:18:03+08:00 ] ::1 ::1 GET /Blogs/public/index.php/Admin/Index/index
[ info ] localhost/Blogs/public/index.php/Admin/Index/index [运行时间：0.844727s][吞吐率：1.18req/s] [内存消耗：1,928.34kb] [文件加载：45]
[ info ] [ LANG ] D:\wamp\www\Blogs\thinkphp\lang\zh-cn.php
[ info ] [ ROUTE ] array (
  'type' => 'module',
  'module' => 
  array (
    0 => 'Admin',
    1 => 'Index',
    2 => 'index',
  ),
)
[ info ] [ HEADER ] array (
  'host' => 'localhost',
  'connection' => 'keep-alive',
  'upgrade-insecure-requests' => '1',
  'user-agent' => 'Mozilla/5.0 (Windows NT 10.0; WOW64) AppleWebKit/537.36 (KHTML, like Gecko) Chrome/60.0.3112.10 Safari/537.36',
  'accept' => 'text/html,application/xhtml+xml,application/xml;q=0.9,image/webp,image/apng,*/*;q=0.8',
  'accept-encoding' => 'gzip, deflate, br',
  'accept-language' => 'zh-CN,zh;q=0.8',
)
[ info ] [ PARAM ] array (
)
[ info ] [ RUN ] app\admin\controller\Index->index[ D:\wamp\www\Blogs\application\admin\controller\Index.php ]
[ info ] [ VIEW ] D:\wamp\www\Blogs\public/../application/admin\view\index\index.html [ array (
) ]
[ info ] [ LOG ] INIT File
---------------------------------------------------------------
[ 2018-01-18T20:18:03+08:00 ] ::1 ::1 GET /Blogs/public/index.php/Admin/Index/menu.html
[ info ] localhost/Blogs/public/index.php/Admin/Index/menu.html [运行时间：0.099090s][吞吐率：10.09req/s] [内存消耗：1,928.84kb] [文件加载：45]
[ info ] [ LANG ] D:\wamp\www\Blogs\thinkphp\lang\zh-cn.php
[ info ] [ ROUTE ] array (
  'type' => 'module',
  'module' => 
  array (
    0 => 'Admin',
    1 => 'Index',
    2 => 'menu',
  ),
)
[ info ] [ HEADER ] array (
  'host' => 'localhost',
  'connection' => 'keep-alive',
  'upgrade-insecure-requests' => '1',
  'user-agent' => 'Mozilla/5.0 (Windows NT 10.0; WOW64) AppleWebKit/537.36 (KHTML, like Gecko) Chrome/60.0.3112.10 Safari/537.36',
  'accept' => 'text/html,application/xhtml+xml,application/xml;q=0.9,image/webp,image/apng,*/*;q=0.8',
  'referer' => 'http://localhost/Blogs/public/index.php/Admin/Index/index',
  'accept-encoding' => 'gzip, deflate, br',
  'accept-language' => 'zh-CN,zh;q=0.8',
)
[ info ] [ PARAM ] array (
)
[ info ] [ RUN ] app\admin\controller\Index->menu[ D:\wamp\www\Blogs\application\admin\controller\Index.php ]
[ info ] [ VIEW ] D:\wamp\www\Blogs\public/../application/admin\view\index\menu.html [ array (
) ]
[ info ] [ LOG ] INIT File
---------------------------------------------------------------
[ 2018-01-18T20:18:03+08:00 ] ::1 ::1 GET /Blogs/public/index.php/Admin/Index/main.html
[ info ] localhost/Blogs/public/index.php/Admin/Index/main.html [运行时间：0.090791s][吞吐率：11.01req/s] [内存消耗：1,928.76kb] [文件加载：45]
[ info ] [ LANG ] D:\wamp\www\Blogs\thinkphp\lang\zh-cn.php
[ info ] [ ROUTE ] array (
  'type' => 'module',
  'module' => 
  array (
    0 => 'Admin',
    1 => 'Index',
    2 => 'main',
  ),
)
[ info ] [ HEADER ] array (
  'host' => 'localhost',
  'connection' => 'keep-alive',
  'upgrade-insecure-requests' => '1',
  'user-agent' => 'Mozilla/5.0 (Windows NT 10.0; WOW64) AppleWebKit/537.36 (KHTML, like Gecko) Chrome/60.0.3112.10 Safari/537.36',
  'accept' => 'text/html,application/xhtml+xml,application/xml;q=0.9,image/webp,image/apng,*/*;q=0.8',
  'referer' => 'http://localhost/Blogs/public/index.php/Admin/Index/index',
  'accept-encoding' => 'gzip, deflate, br',
  'accept-language' => 'zh-CN,zh;q=0.8',
)
[ info ] [ PARAM ] array (
)
[ info ] [ RUN ] app\admin\controller\Index->main[ D:\wamp\www\Blogs\application\admin\controller\Index.php ]
[ info ] [ VIEW ] D:\wamp\www\Blogs\public/../application/admin\view\index\main.html [ array (
) ]
[ info ] [ LOG ] INIT File
---------------------------------------------------------------
[ 2018-01-18T20:18:03+08:00 ] ::1 ::1 GET /Blogs/public/index.php/Admin/Index/top.html
[ info ] localhost/Blogs/public/index.php/Admin/Index/top.html [运行时间：0.122003s][吞吐率：8.20req/s] [内存消耗：1,928.71kb] [文件加载：45]
[ info ] [ LANG ] D:\wamp\www\Blogs\thinkphp\lang\zh-cn.php
[ info ] [ ROUTE ] array (
  'type' => 'module',
  'module' => 
  array (
    0 => 'Admin',
    1 => 'Index',
    2 => 'top',
  ),
)
[ info ] [ HEADER ] array (
  'host' => 'localhost',
  'connection' => 'keep-alive',
  'upgrade-insecure-requests' => '1',
  'user-agent' => 'Mozilla/5.0 (Windows NT 10.0; WOW64) AppleWebKit/537.36 (KHTML, like Gecko) Chrome/60.0.3112.10 Safari/537.36',
  'accept' => 'text/html,application/xhtml+xml,application/xml;q=0.9,image/webp,image/apng,*/*;q=0.8',
  'referer' => 'http://localhost/Blogs/public/index.php/Admin/Index/index',
  'accept-encoding' => 'gzip, deflate, br',
  'accept-language' => 'zh-CN,zh;q=0.8',
)
[ info ] [ PARAM ] array (
)
[ info ] [ RUN ] app\admin\controller\Index->top[ D:\wamp\www\Blogs\application\admin\controller\Index.php ]
[ info ] [ VIEW ] D:\wamp\www\Blogs\public/../application/admin\view\index\top.html [ array (
) ]
[ info ] [ LOG ] INIT File
---------------------------------------------------------------
[ 2018-01-18T20:18:03+08:00 ] ::1 ::1 GET /Blogs/public/index.php/Admin/Index/bar.html
[ info ] localhost/Blogs/public/index.php/Admin/Index/bar.html [运行时间：0.122147s][吞吐率：8.19req/s] [内存消耗：1,928.70kb] [文件加载：45]
[ info ] [ LANG ] D:\wamp\www\Blogs\thinkphp\lang\zh-cn.php
[ info ] [ ROUTE ] array (
  'type' => 'module',
  'module' => 
  array (
    0 => 'Admin',
    1 => 'Index',
    2 => 'bar',
  ),
)
[ info ] [ HEADER ] array (
  'host' => 'localhost',
  'connection' => 'keep-alive',
  'upgrade-insecure-requests' => '1',
  'user-agent' => 'Mozilla/5.0 (Windows NT 10.0; WOW64) AppleWebKit/537.36 (KHTML, like Gecko) Chrome/60.0.3112.10 Safari/537.36',
  'accept' => 'text/html,application/xhtml+xml,application/xml;q=0.9,image/webp,image/apng,*/*;q=0.8',
  'referer' => 'http://localhost/Blogs/public/index.php/Admin/Index/index',
  'accept-encoding' => 'gzip, deflate, br',
  'accept-language' => 'zh-CN,zh;q=0.8',
)
[ info ] [ PARAM ] array (
)
[ info ] [ RUN ] app\admin\controller\Index->bar[ D:\wamp\www\Blogs\application\admin\controller\Index.php ]
[ info ] [ VIEW ] D:\wamp\www\Blogs\public/../application/admin\view\index\bar.html [ array (
) ]
[ info ] [ LOG ] INIT File
---------------------------------------------------------------
[ 2018-01-18T20:18:03+08:00 ] ::1 ::1 GET /Blogs/public/static/images/admin_bg.png
[ info ] localhost/Blogs/public/static/images/admin_bg.png [运行时间：0.192380s][吞吐率：5.20req/s] [内存消耗：1,633.81kb] [文件加载：39]
[ info ] [ LANG ] D:\wamp\www\Blogs\thinkphp\lang\zh-cn.php
[ info ] [ ROUTE ] array (
  'type' => 'module',
  'module' => 
  array (
    0 => 'static',
    1 => 'images',
    2 => 'admin_bg.png',
  ),
)
[ info ] [ HEADER ] array (
  'host' => 'localhost',
  'connection' => 'keep-alive',
  'user-agent' => 'Mozilla/5.0 (Windows NT 10.0; WOW64) AppleWebKit/537.36 (KHTML, like Gecko) Chrome/60.0.3112.10 Safari/537.36',
  'accept' => 'image/webp,image/apng,image/*,*/*;q=0.8',
  'referer' => 'http://localhost/Blogs/public/static/css/adminStyle.css',
  'accept-encoding' => 'gzip, deflate, br',
  'accept-language' => 'zh-CN,zh;q=0.8',
)
[ info ] [ PARAM ] array (
)
[ info ] [ LOG ] INIT File
---------------------------------------------------------------
[ 2018-01-18T20:18:03+08:00 ] ::1 ::1 GET /Blogs/public/static/images/admin_bg.png
[ info ] localhost/Blogs/public/static/images/admin_bg.png [运行时间：0.021162s][吞吐率：47.25req/s] [内存消耗：1,633.81kb] [文件加载：39]
[ info ] [ LANG ] D:\wamp\www\Blogs\thinkphp\lang\zh-cn.php
[ info ] [ ROUTE ] array (
  'type' => 'module',
  'module' => 
  array (
    0 => 'static',
    1 => 'images',
    2 => 'admin_bg.png',
  ),
)
[ info ] [ HEADER ] array (
  'host' => 'localhost',
  'connection' => 'keep-alive',
  'user-agent' => 'Mozilla/5.0 (Windows NT 10.0; WOW64) AppleWebKit/537.36 (KHTML, like Gecko) Chrome/60.0.3112.10 Safari/537.36',
  'accept' => 'image/webp,image/apng,image/*,*/*;q=0.8',
  'referer' => 'http://localhost/Blogs/public/static/css/adminStyle.css',
  'accept-encoding' => 'gzip, deflate, br',
  'accept-language' => 'zh-CN,zh;q=0.8',
)
[ info ] [ PARAM ] array (
)
[ info ] [ LOG ] INIT File
---------------------------------------------------------------
[ 2018-01-18T20:18:06+08:00 ] ::1 ::1 GET /Blogs/public/index.php/Index/index
[ info ] localhost/Blogs/public/index.php/Index/index [运行时间：0.653147s][吞吐率：1.53req/s] [内存消耗：2,436.66kb] [文件加载：50]
[ info ] [ LANG ] D:\wamp\www\Blogs\thinkphp\lang\zh-cn.php
[ info ] [ ROUTE ] array (
  'type' => 'module',
  'module' => 
  array (
    0 => 'Index',
    1 => 'index',
    2 => NULL,
  ),
)
[ info ] [ HEADER ] array (
  'host' => 'localhost',
  'connection' => 'keep-alive',
  'upgrade-insecure-requests' => '1',
  'user-agent' => 'Mozilla/5.0 (Windows NT 10.0; WOW64) AppleWebKit/537.36 (KHTML, like Gecko) Chrome/60.0.3112.10 Safari/537.36',
  'accept' => 'text/html,application/xhtml+xml,application/xml;q=0.9,image/webp,image/apng,*/*;q=0.8',
  'accept-encoding' => 'gzip, deflate, br',
  'accept-language' => 'zh-CN,zh;q=0.8',
)
[ info ] [ PARAM ] array (
)
[ info ] [ RUN ] app\index\controller\Index->index[ D:\wamp\www\Blogs\application\index\controller\Index.php ]
[ info ] [ DB ] INIT mysql
[ info ] [ VIEW ] D:\wamp\www\Blogs\public/../application/index\view\index\index.html [ array (
  0 => 'Info',
  1 => 'click',
) ]
[ info ] [ LOG ] INIT File
[ sql ] [ DB ] CONNECT:[ UseTime:0.001160s ] mysql:host=127.0.0.1;dbname=blogs;charset=utf8
[ sql ] [ SQL ] select id ,arti_title,ad_time,arti_contents,clicksum,lei from article_php
                          UNION ALL 
                          select id ,arti_title,ad_time,arti_contents ,clicksum,lei from article_qian
                          UNION ALL 
                          select id ,arti_title,ad_time,arti_contents ,clicksum,lei from article_linux
                          UNION ALL 
                          select id ,arti_title,ad_time,arti_contents ,clicksum,lei from article_mysql
                          UNION ALL 
                          select id ,arti_title,ad_time,arti_contents ,clicksum,lei from article_blog
                          UNION ALL 
                          select id ,arti_title,ad_time,arti_contents ,clicksum,lei from article_zatan
                          ORDER BY ad_time DESC limit 5 [ RunTime:0.372726s ]
[ sql ] [ SQL ] select id,arti_title,clicksum,lei from article_php
                          UNION ALL
                          select id,arti_title,clicksum,lei from article_qian
                          UNION ALL
                          select id,arti_title,clicksum,lei from article_linux
                          UNION ALL
                          select id,arti_title,clicksum,lei from article_mysql
                          UNION ALL
                          select id,arti_title,clicksum,lei from article_blog
                          UNION ALL
                          select id,arti_title,clicksum,lei from article_zatan
                          ORDER BY clicksum DESC limit 5 [ RunTime:0.000611s ]
---------------------------------------------------------------
[ 2018-01-18T20:18:28+08:00 ] ::1 ::1 GET /Blogs/public/index.php/Index/index/show?biao=article_qian&&id=1
[ info ] localhost/Blogs/public/index.php/Index/index/show?biao=article_qian&&id=1 [运行时间：0.286253s][吞吐率：3.49req/s] [内存消耗：3,011.57kb] [文件加载：53]
[ info ] [ LANG ] D:\wamp\www\Blogs\thinkphp\lang\zh-cn.php
[ info ] [ ROUTE ] array (
  'type' => 'module',
  'module' => 
  array (
    0 => 'Index',
    1 => 'index',
    2 => 'show',
  ),
)
[ info ] [ HEADER ] array (
  'host' => 'localhost',
  'connection' => 'keep-alive',
  'upgrade-insecure-requests' => '1',
  'user-agent' => 'Mozilla/5.0 (Windows NT 10.0; WOW64) AppleWebKit/537.36 (KHTML, like Gecko) Chrome/60.0.3112.10 Safari/537.36',
  'accept' => 'text/html,application/xhtml+xml,application/xml;q=0.9,image/webp,image/apng,*/*;q=0.8',
  'referer' => 'http://localhost/Blogs/public/index.php/Index/index',
  'accept-encoding' => 'gzip, deflate, br',
  'accept-language' => 'zh-CN,zh;q=0.8',
)
[ info ] [ PARAM ] array (
  'biao' => 'article_qian',
  'id' => '1',
)
[ info ] [ RUN ] app\index\controller\Index->show[ D:\wamp\www\Blogs\application\index\controller\Index.php ]
[ info ] [ DB ] INIT mysql
[ info ] [ VIEW ] D:\wamp\www\Blogs\public/../application/index\view\index\show.html [ array (
  0 => 'info',
  1 => 'text',
  2 => 'click',
) ]
[ info ] [ LOG ] INIT File
[ sql ] [ DB ] CONNECT:[ UseTime:0.000875s ] mysql:host=127.0.0.1;dbname=blogs;charset=utf8
[ sql ] [ SQL ] SHOW COLUMNS FROM `article_qian` [ RunTime:0.029614s ]
[ sql ] [ SQL ] SELECT * FROM `article_qian` WHERE  `id` = 1 LIMIT 1 [ RunTime:0.029935s ]
[ sql ] [ SQL ] select id,arti_title,clicksum,lei from article_php
                          UNION ALL
                          select id,arti_title,clicksum,lei from article_qian
                          UNION ALL
                          select id,arti_title,clicksum,lei from article_linux
                          UNION ALL
                          select id,arti_title,clicksum,lei from article_mysql
                          UNION ALL
                          select id,arti_title,clicksum,lei from article_blog
                          UNION ALL
                          select id,arti_title,clicksum,lei from article_zatan
                          ORDER BY clicksum DESC limit 5 [ RunTime:0.000687s ]
---------------------------------------------------------------
[ 2018-01-18T20:18:38+08:00 ] ::1 ::1 GET /Blogs/public/index.php/Index/index/show?biao=article_qian&&id=6
[ info ] localhost/Blogs/public/index.php/Index/index/show?biao=article_qian&&id=6 [运行时间：0.044424s][吞吐率：22.51req/s] [内存消耗：3,011.20kb] [文件加载：53]
[ info ] [ LANG ] D:\wamp\www\Blogs\thinkphp\lang\zh-cn.php
[ info ] [ ROUTE ] array (
  'type' => 'module',
  'module' => 
  array (
    0 => 'Index',
    1 => 'index',
    2 => 'show',
  ),
)
[ info ] [ HEADER ] array (
  'host' => 'localhost',
  'connection' => 'keep-alive',
  'upgrade-insecure-requests' => '1',
  'user-agent' => 'Mozilla/5.0 (Windows NT 10.0; WOW64) AppleWebKit/537.36 (KHTML, like Gecko) Chrome/60.0.3112.10 Safari/537.36',
  'accept' => 'text/html,application/xhtml+xml,application/xml;q=0.9,image/webp,image/apng,*/*;q=0.8',
  'referer' => 'http://localhost/Blogs/public/index.php/Index/index',
  'accept-encoding' => 'gzip, deflate, br',
  'accept-language' => 'zh-CN,zh;q=0.8',
)
[ info ] [ PARAM ] array (
  'biao' => 'article_qian',
  'id' => '6',
)
[ info ] [ RUN ] app\index\controller\Index->show[ D:\wamp\www\Blogs\application\index\controller\Index.php ]
[ info ] [ DB ] INIT mysql
[ info ] [ VIEW ] D:\wamp\www\Blogs\public/../application/index\view\index\show.html [ array (
  0 => 'info',
  1 => 'text',
  2 => 'click',
) ]
[ info ] [ LOG ] INIT File
[ sql ] [ DB ] CONNECT:[ UseTime:0.001082s ] mysql:host=127.0.0.1;dbname=blogs;charset=utf8
[ sql ] [ SQL ] SHOW COLUMNS FROM `article_qian` [ RunTime:0.003889s ]
[ sql ] [ SQL ] SELECT * FROM `article_qian` WHERE  `id` = 6 LIMIT 1 [ RunTime:0.000404s ]
[ sql ] [ SQL ] select id,arti_title,clicksum,lei from article_php
                          UNION ALL
                          select id,arti_title,clicksum,lei from article_qian
                          UNION ALL
                          select id,arti_title,clicksum,lei from article_linux
                          UNION ALL
                          select id,arti_title,clicksum,lei from article_mysql
                          UNION ALL
                          select id,arti_title,clicksum,lei from article_blog
                          UNION ALL
                          select id,arti_title,clicksum,lei from article_zatan
                          ORDER BY clicksum DESC limit 5 [ RunTime:0.000603s ]
---------------------------------------------------------------
[ 2018-01-18T20:18:41+08:00 ] ::1 ::1 GET /Blogs/public/index.php/Admin/Admin/article_list?biao=article_qian
[ info ] localhost/Blogs/public/index.php/Admin/Admin/article_list?biao=article_qian [运行时间：0.284465s][吞吐率：3.52req/s] [内存消耗：3,065.99kb] [文件加载：56]
[ info ] [ LANG ] D:\wamp\www\Blogs\thinkphp\lang\zh-cn.php
[ info ] [ ROUTE ] array (
  'type' => 'module',
  'module' => 
  array (
    0 => 'Admin',
    1 => 'Admin',
    2 => 'article_list',
  ),
)
[ info ] [ HEADER ] array (
  'host' => 'localhost',
  'connection' => 'keep-alive',
  'upgrade-insecure-requests' => '1',
  'user-agent' => 'Mozilla/5.0 (Windows NT 10.0; WOW64) AppleWebKit/537.36 (KHTML, like Gecko) Chrome/60.0.3112.10 Safari/537.36',
  'accept' => 'text/html,application/xhtml+xml,application/xml;q=0.9,image/webp,image/apng,*/*;q=0.8',
  'referer' => 'http://localhost/Blogs/public/index.php/Admin/Index/menu.html',
  'accept-encoding' => 'gzip, deflate, br',
  'accept-language' => 'zh-CN,zh;q=0.8',
)
[ info ] [ PARAM ] array (
  'biao' => 'article_qian',
)
[ info ] [ RUN ] app\Admin\controller\Admin->article_list[ D:\wamp\www\Blogs\application\admin\controller\Admin.php ]
[ info ] [ DB ] INIT mysql
[ info ] [ VIEW ] D:\wamp\www\Blogs\public/../application/admin\view\admin\article_list.html [ array (
  0 => 'biao',
  1 => 'Info',
) ]
[ info ] [ LOG ] INIT File
[ sql ] [ DB ] CONNECT:[ UseTime:0.000830s ] mysql:host=127.0.0.1;dbname=blogs;charset=utf8
[ sql ] [ SQL ] SHOW COLUMNS FROM `article_qian` [ RunTime:0.003723s ]
[ sql ] [ SQL ] SELECT COUNT(*) AS tp_count FROM `article_qian` WHERE  `de_time` IS NULL LIMIT 1 [ RunTime:0.017421s ]
[ sql ] [ SQL ] SELECT * FROM `article_qian` WHERE  `de_time` IS NULL LIMIT 0,3 [ RunTime:0.000365s ]
---------------------------------------------------------------
[ 2018-01-18T20:18:41+08:00 ] ::1 ::1 GET /Blogs/public/static/images/admin_bg.png
[ info ] localhost/Blogs/public/static/images/admin_bg.png [运行时间：0.026397s][吞吐率：37.88req/s] [内存消耗：1,633.81kb] [文件加载：39]
[ info ] [ LANG ] D:\wamp\www\Blogs\thinkphp\lang\zh-cn.php
[ info ] [ ROUTE ] array (
  'type' => 'module',
  'module' => 
  array (
    0 => 'static',
    1 => 'images',
    2 => 'admin_bg.png',
  ),
)
[ info ] [ HEADER ] array (
  'host' => 'localhost',
  'connection' => 'keep-alive',
  'user-agent' => 'Mozilla/5.0 (Windows NT 10.0; WOW64) AppleWebKit/537.36 (KHTML, like Gecko) Chrome/60.0.3112.10 Safari/537.36',
  'accept' => 'image/webp,image/apng,image/*,*/*;q=0.8',
  'referer' => 'http://localhost/Blogs/public/static/css/adminStyle.css',
  'accept-encoding' => 'gzip, deflate, br',
  'accept-language' => 'zh-CN,zh;q=0.8',
)
[ info ] [ PARAM ] array (
)
[ info ] [ LOG ] INIT File
---------------------------------------------------------------
[ 2018-01-18T20:18:44+08:00 ] ::1 ::1 GET /Blogs/public/index.php/Admin/Admin/edi_larticle?id=1&biao=article_qian
[ info ] localhost/Blogs/public/index.php/Admin/Admin/edi_larticle?id=1&biao=article_qian [运行时间：0.073522s][吞吐率：13.60req/s] [内存消耗：2,855.71kb] [文件加载：52]
[ info ] [ LANG ] D:\wamp\www\Blogs\thinkphp\lang\zh-cn.php
[ info ] [ ROUTE ] array (
  'type' => 'module',
  'module' => 
  array (
    0 => 'Admin',
    1 => 'Admin',
    2 => 'edi_larticle',
  ),
)
[ info ] [ HEADER ] array (
  'host' => 'localhost',
  'connection' => 'keep-alive',
  'upgrade-insecure-requests' => '1',
  'user-agent' => 'Mozilla/5.0 (Windows NT 10.0; WOW64) AppleWebKit/537.36 (KHTML, like Gecko) Chrome/60.0.3112.10 Safari/537.36',
  'accept' => 'text/html,application/xhtml+xml,application/xml;q=0.9,image/webp,image/apng,*/*;q=0.8',
  'referer' => 'http://localhost/Blogs/public/index.php/Admin/Admin/article_list?biao=article_qian',
  'accept-encoding' => 'gzip, deflate, br',
  'accept-language' => 'zh-CN,zh;q=0.8',
)
[ info ] [ PARAM ] array (
  'id' => '1',
  'biao' => 'article_qian',
)
[ info ] [ RUN ] app\Admin\controller\Admin->edi_larticle[ D:\wamp\www\Blogs\application\admin\controller\Admin.php ]
[ info ] [ DB ] INIT mysql
[ info ] [ VIEW ] D:\wamp\www\Blogs\public/../application/admin\view\admin\edi_larticle.html [ array (
  0 => 'Info',
  1 => 'biao',
) ]
[ info ] [ LOG ] INIT File
[ sql ] [ DB ] CONNECT:[ UseTime:0.000829s ] mysql:host=127.0.0.1;dbname=blogs;charset=utf8
[ sql ] [ SQL ] SHOW COLUMNS FROM `article_qian` [ RunTime:0.003693s ]
[ sql ] [ SQL ] SELECT * FROM `article_qian` WHERE  `id` = 1 LIMIT 1 [ RunTime:0.000449s ]
---------------------------------------------------------------
[ 2018-01-18T20:18:44+08:00 ] ::1 ::1 GET /Blogs/public/static/images/admin_bg.png
[ info ] localhost/Blogs/public/static/images/admin_bg.png [运行时间：0.018760s][吞吐率：53.31req/s] [内存消耗：1,633.81kb] [文件加载：39]
[ info ] [ LANG ] D:\wamp\www\Blogs\thinkphp\lang\zh-cn.php
[ info ] [ ROUTE ] array (
  'type' => 'module',
  'module' => 
  array (
    0 => 'static',
    1 => 'images',
    2 => 'admin_bg.png',
  ),
)
[ info ] [ HEADER ] array (
  'host' => 'localhost',
  'connection' => 'keep-alive',
  'user-agent' => 'Mozilla/5.0 (Windows NT 10.0; WOW64) AppleWebKit/537.36 (KHTML, like Gecko) Chrome/60.0.3112.10 Safari/537.36',
  'accept' => 'image/webp,image/apng,image/*,*/*;q=0.8',
  'referer' => 'http://localhost/Blogs/public/static/css/adminStyle.css',
  'accept-encoding' => 'gzip, deflate, br',
  'accept-language' => 'zh-CN,zh;q=0.8',
)
[ info ] [ PARAM ] array (
)
[ info ] [ LOG ] INIT File
---------------------------------------------------------------
[ 2018-01-18T20:18:45+08:00 ] ::1 ::1 GET /Blogs/public/static/images/loading.gif
[ info ] localhost/Blogs/public/static/images/loading.gif [运行时间：0.022778s][吞吐率：43.90req/s] [内存消耗：1,633.76kb] [文件加载：39]
[ info ] [ LANG ] D:\wamp\www\Blogs\thinkphp\lang\zh-cn.php
[ info ] [ ROUTE ] array (
  'type' => 'module',
  'module' => 
  array (
    0 => 'static',
    1 => 'images',
    2 => 'loading.gif',
  ),
)
[ info ] [ HEADER ] array (
  'host' => 'localhost',
  'connection' => 'keep-alive',
  'user-agent' => 'Mozilla/5.0 (Windows NT 10.0; WOW64) AppleWebKit/537.36 (KHTML, like Gecko) Chrome/60.0.3112.10 Safari/537.36',
  'accept' => 'image/webp,image/apng,image/*,*/*;q=0.8',
  'referer' => 'http://localhost/Blogs/public/static/css/editormd.css',
  'accept-encoding' => 'gzip, deflate, br',
  'accept-language' => 'zh-CN,zh;q=0.8',
)
[ info ] [ PARAM ] array (
)
[ info ] [ LOG ] INIT File
---------------------------------------------------------------
[ 2018-01-18T20:18:51+08:00 ] ::1 ::1 POST /Blogs/public/index.php/Admin/Admin/edi_article
[ info ] localhost/Blogs/public/index.php/Admin/Admin/edi_article [运行时间：0.213669s][吞吐率：4.68req/s] [内存消耗：2,944.85kb] [文件加载：54]
[ info ] [ LANG ] D:\wamp\www\Blogs\thinkphp\lang\zh-cn.php
[ info ] [ ROUTE ] array (
  'type' => 'module',
  'module' => 
  array (
    0 => 'Admin',
    1 => 'Admin',
    2 => 'edi_article',
  ),
)
[ info ] [ HEADER ] array (
  'host' => 'localhost',
  'connection' => 'keep-alive',
  'content-length' => '253',
  'accept' => '*/*',
  'origin' => 'http://localhost',
  'x-requested-with' => 'XMLHttpRequest',
  'user-agent' => 'Mozilla/5.0 (Windows NT 10.0; WOW64) AppleWebKit/537.36 (KHTML, like Gecko) Chrome/60.0.3112.10 Safari/537.36',
  'content-type' => 'application/x-www-form-urlencoded; charset=UTF-8',
  'referer' => 'http://localhost/Blogs/public/index.php/Admin/Admin/edi_larticle?id=1&biao=article_qian',
  'accept-encoding' => 'gzip, deflate, br',
  'accept-language' => 'zh-CN,zh;q=0.8',
)
[ info ] [ PARAM ] array (
  'id' => '1',
  'biao' => 'article_qian',
  'arti_title' => '前端测试',
  'arti_contents' => '```php
echo "这是一个测试";
```
``````java
import
```

',
)
[ info ] [ RUN ] app\Admin\controller\Admin->edi_article[ D:\wamp\www\Blogs\application\admin\controller\Admin.php ]
[ info ] [ DB ] INIT mysql
[ info ] [ CACHE ] INIT File
[ info ] [ LOG ] INIT File
[ sql ] [ DB ] CONNECT:[ UseTime:0.000863s ] mysql:host=127.0.0.1;dbname=blogs;charset=utf8
[ sql ] [ SQL ] SHOW COLUMNS FROM `article_qian` [ RunTime:0.006098s ]
[ sql ] [ SQL ] UPDATE `article_qian`  SET `arti_title`='前端测试',`arti_contents`='```php\r\necho \"这是一个测试\";\r\n```\r\n``````java\r\nimport\r\n```\r\n\r\n'  WHERE  `id` = 1 [ RunTime:0.088384s ]
---------------------------------------------------------------
[ 2018-01-18T20:18:53+08:00 ] ::1 ::1 GET /Blogs/public/index.php/Admin/Admin/add_article
[ info ] localhost/Blogs/public/index.php/Admin/Admin/add_article [运行时间：0.053002s][吞吐率：18.87req/s] [内存消耗：1,993.00kb] [文件加载：45]
[ info ] [ LANG ] D:\wamp\www\Blogs\thinkphp\lang\zh-cn.php
[ info ] [ ROUTE ] array (
  'type' => 'module',
  'module' => 
  array (
    0 => 'Admin',
    1 => 'Admin',
    2 => 'add_article',
  ),
)
[ info ] [ HEADER ] array (
  'host' => 'localhost',
  'connection' => 'keep-alive',
  'upgrade-insecure-requests' => '1',
  'user-agent' => 'Mozilla/5.0 (Windows NT 10.0; WOW64) AppleWebKit/537.36 (KHTML, like Gecko) Chrome/60.0.3112.10 Safari/537.36',
  'accept' => 'text/html,application/xhtml+xml,application/xml;q=0.9,image/webp,image/apng,*/*;q=0.8',
  'referer' => 'http://localhost/Blogs/public/index.php/Admin/Index/menu.html',
  'accept-encoding' => 'gzip, deflate, br',
  'accept-language' => 'zh-CN,zh;q=0.8',
)
[ info ] [ PARAM ] array (
)
[ info ] [ RUN ] app\Admin\controller\Admin->add_article[ D:\wamp\www\Blogs\application\admin\controller\Admin.php ]
[ info ] [ VIEW ] D:\wamp\www\Blogs\public/../application/admin\view\admin\add_article.html [ array (
) ]
[ info ] [ LOG ] INIT File
---------------------------------------------------------------
[ 2018-01-18T20:18:54+08:00 ] ::1 ::1 GET /Blogs/public/static/images/admin_bg.png
[ info ] localhost/Blogs/public/static/images/admin_bg.png [运行时间：0.038288s][吞吐率：26.12req/s] [内存消耗：1,633.81kb] [文件加载：39]
[ info ] [ LANG ] D:\wamp\www\Blogs\thinkphp\lang\zh-cn.php
[ info ] [ ROUTE ] array (
  'type' => 'module',
  'module' => 
  array (
    0 => 'static',
    1 => 'images',
    2 => 'admin_bg.png',
  ),
)
[ info ] [ HEADER ] array (
  'host' => 'localhost',
  'connection' => 'keep-alive',
  'user-agent' => 'Mozilla/5.0 (Windows NT 10.0; WOW64) AppleWebKit/537.36 (KHTML, like Gecko) Chrome/60.0.3112.10 Safari/537.36',
  'accept' => 'image/webp,image/apng,image/*,*/*;q=0.8',
  'referer' => 'http://localhost/Blogs/public/static/css/adminStyle.css',
  'accept-encoding' => 'gzip, deflate, br',
  'accept-language' => 'zh-CN,zh;q=0.8',
)
[ info ] [ PARAM ] array (
)
[ info ] [ LOG ] INIT File
---------------------------------------------------------------
[ 2018-01-18T20:18:54+08:00 ] ::1 ::1 GET /Blogs/public/static/images/loading.gif
[ info ] localhost/Blogs/public/static/images/loading.gif [运行时间：0.038893s][吞吐率：25.71req/s] [内存消耗：1,633.76kb] [文件加载：39]
[ info ] [ LANG ] D:\wamp\www\Blogs\thinkphp\lang\zh-cn.php
[ info ] [ ROUTE ] array (
  'type' => 'module',
  'module' => 
  array (
    0 => 'static',
    1 => 'images',
    2 => 'loading.gif',
  ),
)
[ info ] [ HEADER ] array (
  'host' => 'localhost',
  'connection' => 'keep-alive',
  'user-agent' => 'Mozilla/5.0 (Windows NT 10.0; WOW64) AppleWebKit/537.36 (KHTML, like Gecko) Chrome/60.0.3112.10 Safari/537.36',
  'accept' => 'image/webp,image/apng,image/*,*/*;q=0.8',
  'referer' => 'http://localhost/Blogs/public/static/css/editormd.css',
  'accept-encoding' => 'gzip, deflate, br',
  'accept-language' => 'zh-CN,zh;q=0.8',
)
[ info ] [ PARAM ] array (
)
[ info ] [ LOG ] INIT File
---------------------------------------------------------------
[ 2018-01-18T20:18:58+08:00 ] ::1 ::1 GET /Blogs/public/index.php/Admin/Admin/hui_article?biao=article_qian
[ info ] localhost/Blogs/public/index.php/Admin/Admin/hui_article?biao=article_qian [运行时间：0.086195s][吞吐率：11.60req/s] [内存消耗：3,061.42kb] [文件加载：56]
[ info ] [ LANG ] D:\wamp\www\Blogs\thinkphp\lang\zh-cn.php
[ info ] [ ROUTE ] array (
  'type' => 'module',
  'module' => 
  array (
    0 => 'Admin',
    1 => 'Admin',
    2 => 'hui_article',
  ),
)
[ info ] [ HEADER ] array (
  'host' => 'localhost',
  'connection' => 'keep-alive',
  'upgrade-insecure-requests' => '1',
  'user-agent' => 'Mozilla/5.0 (Windows NT 10.0; WOW64) AppleWebKit/537.36 (KHTML, like Gecko) Chrome/60.0.3112.10 Safari/537.36',
  'accept' => 'text/html,application/xhtml+xml,application/xml;q=0.9,image/webp,image/apng,*/*;q=0.8',
  'referer' => 'http://localhost/Blogs/public/index.php/Admin/Index/menu.html',
  'accept-encoding' => 'gzip, deflate, br',
  'accept-language' => 'zh-CN,zh;q=0.8',
)
[ info ] [ PARAM ] array (
  'biao' => 'article_qian',
)
[ info ] [ RUN ] app\Admin\controller\Admin->hui_article[ D:\wamp\www\Blogs\application\admin\controller\Admin.php ]
[ info ] [ DB ] INIT mysql
[ info ] [ VIEW ] D:\wamp\www\Blogs\public/../application/admin\view\admin\hui_article.html [ array (
  0 => 'Info',
  1 => 'biaoname',
) ]
[ info ] [ LOG ] INIT File
[ sql ] [ DB ] CONNECT:[ UseTime:0.000945s ] mysql:host=127.0.0.1;dbname=blogs;charset=utf8
[ sql ] [ SQL ] SHOW COLUMNS FROM `article_qian` [ RunTime:0.003514s ]
[ sql ] [ SQL ] SELECT COUNT(*) AS tp_count FROM `article_qian` WHERE  `de_time` IS NOT NULL LIMIT 1 [ RunTime:0.000346s ]
[ sql ] [ SQL ] SELECT * FROM `article_qian` WHERE  `de_time` IS NOT NULL LIMIT 0,3 [ RunTime:0.000330s ]
---------------------------------------------------------------
[ 2018-01-18T20:18:58+08:00 ] ::1 ::1 GET /Blogs/public/static/images/admin_bg.png
[ info ] localhost/Blogs/public/static/images/admin_bg.png [运行时间：0.023723s][吞吐率：42.15req/s] [内存消耗：1,633.81kb] [文件加载：39]
[ info ] [ LANG ] D:\wamp\www\Blogs\thinkphp\lang\zh-cn.php
[ info ] [ ROUTE ] array (
  'type' => 'module',
  'module' => 
  array (
    0 => 'static',
    1 => 'images',
    2 => 'admin_bg.png',
  ),
)
[ info ] [ HEADER ] array (
  'host' => 'localhost',
  'connection' => 'keep-alive',
  'user-agent' => 'Mozilla/5.0 (Windows NT 10.0; WOW64) AppleWebKit/537.36 (KHTML, like Gecko) Chrome/60.0.3112.10 Safari/537.36',
  'accept' => 'image/webp,image/apng,image/*,*/*;q=0.8',
  'referer' => 'http://localhost/Blogs/public/static/css/adminStyle.css',
  'accept-encoding' => 'gzip, deflate, br',
  'accept-language' => 'zh-CN,zh;q=0.8',
)
[ info ] [ PARAM ] array (
)
[ info ] [ LOG ] INIT File
---------------------------------------------------------------
[ 2018-01-18T20:19:01+08:00 ] ::1 ::1 GET /Blogs/public/index.php/Admin/Admin/hui_article?biao=article_php
[ info ] localhost/Blogs/public/index.php/Admin/Admin/hui_article?biao=article_php [运行时间：0.036972s][吞吐率：27.05req/s] [内存消耗：3,064.20kb] [文件加载：56]
[ info ] [ LANG ] D:\wamp\www\Blogs\thinkphp\lang\zh-cn.php
[ info ] [ ROUTE ] array (
  'type' => 'module',
  'module' => 
  array (
    0 => 'Admin',
    1 => 'Admin',
    2 => 'hui_article',
  ),
)
[ info ] [ HEADER ] array (
  'host' => 'localhost',
  'connection' => 'keep-alive',
  'upgrade-insecure-requests' => '1',
  'user-agent' => 'Mozilla/5.0 (Windows NT 10.0; WOW64) AppleWebKit/537.36 (KHTML, like Gecko) Chrome/60.0.3112.10 Safari/537.36',
  'accept' => 'text/html,application/xhtml+xml,application/xml;q=0.9,image/webp,image/apng,*/*;q=0.8',
  'referer' => 'http://localhost/Blogs/public/index.php/Admin/Admin/hui_article?biao=article_qian',
  'accept-encoding' => 'gzip, deflate, br',
  'accept-language' => 'zh-CN,zh;q=0.8',
)
[ info ] [ PARAM ] array (
  'biao' => 'article_php',
)
[ info ] [ RUN ] app\Admin\controller\Admin->hui_article[ D:\wamp\www\Blogs\application\admin\controller\Admin.php ]
[ info ] [ DB ] INIT mysql
[ info ] [ VIEW ] D:\wamp\www\Blogs\public/../application/admin\view\admin\hui_article.html [ array (
  0 => 'Info',
  1 => 'biaoname',
) ]
[ info ] [ LOG ] INIT File
[ sql ] [ DB ] CONNECT:[ UseTime:0.000850s ] mysql:host=127.0.0.1;dbname=blogs;charset=utf8
[ sql ] [ SQL ] SHOW COLUMNS FROM `article_php` [ RunTime:0.003496s ]
[ sql ] [ SQL ] SELECT COUNT(*) AS tp_count FROM `article_php` WHERE  `de_time` IS NOT NULL LIMIT 1 [ RunTime:0.000388s ]
[ sql ] [ SQL ] SELECT * FROM `article_php` WHERE  `de_time` IS NOT NULL LIMIT 0,3 [ RunTime:0.000504s ]
---------------------------------------------------------------
[ 2018-01-18T20:19:01+08:00 ] ::1 ::1 GET /Blogs/public/static/images/admin_bg.png
[ info ] localhost/Blogs/public/static/images/admin_bg.png [运行时间：0.021359s][吞吐率：46.82req/s] [内存消耗：1,633.81kb] [文件加载：39]
[ info ] [ LANG ] D:\wamp\www\Blogs\thinkphp\lang\zh-cn.php
[ info ] [ ROUTE ] array (
  'type' => 'module',
  'module' => 
  array (
    0 => 'static',
    1 => 'images',
    2 => 'admin_bg.png',
  ),
)
[ info ] [ HEADER ] array (
  'host' => 'localhost',
  'connection' => 'keep-alive',
  'user-agent' => 'Mozilla/5.0 (Windows NT 10.0; WOW64) AppleWebKit/537.36 (KHTML, like Gecko) Chrome/60.0.3112.10 Safari/537.36',
  'accept' => 'image/webp,image/apng,image/*,*/*;q=0.8',
  'referer' => 'http://localhost/Blogs/public/static/css/adminStyle.css',
  'accept-encoding' => 'gzip, deflate, br',
  'accept-language' => 'zh-CN,zh;q=0.8',
)
[ info ] [ PARAM ] array (
)
[ info ] [ LOG ] INIT File
---------------------------------------------------------------
[ 2018-01-18T20:19:05+08:00 ] ::1 ::1 GET /Blogs/public/index.php/Admin/Admin/privilege
[ info ] localhost/Blogs/public/index.php/Admin/Admin/privilege [运行时间：0.087513s][吞吐率：11.43req/s] [内存消耗：2,930.04kb] [文件加载：53]
[ info ] [ LANG ] D:\wamp\www\Blogs\thinkphp\lang\zh-cn.php
[ info ] [ ROUTE ] array (
  'type' => 'module',
  'module' => 
  array (
    0 => 'Admin',
    1 => 'Admin',
    2 => 'privilege',
  ),
)
[ info ] [ HEADER ] array (
  'host' => 'localhost',
  'connection' => 'keep-alive',
  'upgrade-insecure-requests' => '1',
  'user-agent' => 'Mozilla/5.0 (Windows NT 10.0; WOW64) AppleWebKit/537.36 (KHTML, like Gecko) Chrome/60.0.3112.10 Safari/537.36',
  'accept' => 'text/html,application/xhtml+xml,application/xml;q=0.9,image/webp,image/apng,*/*;q=0.8',
  'referer' => 'http://localhost/Blogs/public/index.php/Admin/Index/menu.html',
  'accept-encoding' => 'gzip, deflate, br',
  'accept-language' => 'zh-CN,zh;q=0.8',
)
[ info ] [ PARAM ] array (
)
[ info ] [ RUN ] app\Admin\controller\Admin->privilege[ D:\wamp\www\Blogs\application\admin\controller\Admin.php ]
[ info ] [ DB ] INIT mysql
[ info ] [ VIEW ] D:\wamp\www\Blogs\public/../application/admin\view\admin\privilege.html [ array (
  0 => 'info',
) ]
[ info ] [ LOG ] INIT File
[ sql ] [ DB ] CONNECT:[ UseTime:0.000856s ] mysql:host=127.0.0.1;dbname=blogs;charset=utf8
[ sql ] [ SQL ] SHOW COLUMNS FROM `admin` [ RunTime:0.040394s ]
[ sql ] [ SQL ] SELECT * FROM `admin` [ RunTime:0.000417s ]
---------------------------------------------------------------
[ 2018-01-18T20:19:05+08:00 ] ::1 ::1 POST /Blogs/public/index.php/admin/admin/privilege_cha.html
[ info ] localhost/Blogs/public/index.php/admin/admin/privilege_cha.html [运行时间：0.047555s][吞吐率：21.03req/s] [内存消耗：2,848.44kb] [文件加载：51]
[ info ] [ LANG ] D:\wamp\www\Blogs\thinkphp\lang\zh-cn.php
[ info ] [ ROUTE ] array (
  'type' => 'module',
  'module' => 
  array (
    0 => 'admin',
    1 => 'admin',
    2 => 'privilege_cha',
  ),
)
[ info ] [ HEADER ] array (
  'host' => 'localhost',
  'connection' => 'keep-alive',
  'content-length' => '6',
  'accept' => 'application/json, text/javascript, */*; q=0.01',
  'origin' => 'http://localhost',
  'x-requested-with' => 'XMLHttpRequest',
  'user-agent' => 'Mozilla/5.0 (Windows NT 10.0; WOW64) AppleWebKit/537.36 (KHTML, like Gecko) Chrome/60.0.3112.10 Safari/537.36',
  'content-type' => 'application/x-www-form-urlencoded; charset=UTF-8',
  'referer' => 'http://localhost/Blogs/public/index.php/Admin/Admin/privilege',
  'accept-encoding' => 'gzip, deflate, br',
  'accept-language' => 'zh-CN,zh;q=0.8',
)
[ info ] [ PARAM ] array (
  'data' => '1',
)
[ info ] [ RUN ] app\Admin\controller\Admin->privilege_cha[ D:\wamp\www\Blogs\application\admin\controller\Admin.php ]
[ info ] [ DB ] INIT mysql
[ info ] [ LOG ] INIT File
[ sql ] [ DB ] CONNECT:[ UseTime:0.001060s ] mysql:host=127.0.0.1;dbname=blogs;charset=utf8
[ sql ] [ SQL ] SHOW COLUMNS FROM `admin` [ RunTime:0.005095s ]
[ sql ] [ SQL ] SELECT * FROM `admin` WHERE  `id` = 1 LIMIT 1 [ RunTime:0.000705s ]
---------------------------------------------------------------
[ 2018-01-18T20:19:10+08:00 ] ::1 ::1 POST /Blogs/public/index.php/admin/admin/privilege_cha.html
[ info ] localhost/Blogs/public/index.php/admin/admin/privilege_cha.html [运行时间：0.036370s][吞吐率：27.50req/s] [内存消耗：2,848.44kb] [文件加载：51]
[ info ] [ LANG ] D:\wamp\www\Blogs\thinkphp\lang\zh-cn.php
[ info ] [ ROUTE ] array (
  'type' => 'module',
  'module' => 
  array (
    0 => 'admin',
    1 => 'admin',
    2 => 'privilege_cha',
  ),
)
[ info ] [ HEADER ] array (
  'host' => 'localhost',
  'connection' => 'keep-alive',
  'content-length' => '7',
  'accept' => 'application/json, text/javascript, */*; q=0.01',
  'origin' => 'http://localhost',
  'x-requested-with' => 'XMLHttpRequest',
  'user-agent' => 'Mozilla/5.0 (Windows NT 10.0; WOW64) AppleWebKit/537.36 (KHTML, like Gecko) Chrome/60.0.3112.10 Safari/537.36',
  'content-type' => 'application/x-www-form-urlencoded; charset=UTF-8',
  'referer' => 'http://localhost/Blogs/public/index.php/Admin/Admin/privilege',
  'accept-encoding' => 'gzip, deflate, br',
  'accept-language' => 'zh-CN,zh;q=0.8',
)
[ info ] [ PARAM ] array (
  'data' => '12',
)
[ info ] [ RUN ] app\Admin\controller\Admin->privilege_cha[ D:\wamp\www\Blogs\application\admin\controller\Admin.php ]
[ info ] [ DB ] INIT mysql
[ info ] [ LOG ] INIT File
[ sql ] [ DB ] CONNECT:[ UseTime:0.001214s ] mysql:host=127.0.0.1;dbname=blogs;charset=utf8
[ sql ] [ SQL ] SHOW COLUMNS FROM `admin` [ RunTime:0.003563s ]
[ sql ] [ SQL ] SELECT * FROM `admin` WHERE  `id` = 12 LIMIT 1 [ RunTime:0.000449s ]
---------------------------------------------------------------
[ 2018-01-18T20:19:13+08:00 ] ::1 ::1 GET /Blogs/public/index.php/Admin/Admin/add_user
[ info ] localhost/Blogs/public/index.php/Admin/Admin/add_user [运行时间：0.079577s][吞吐率：12.57req/s] [内存消耗：2,066.38kb] [文件加载：46]
[ info ] [ LANG ] D:\wamp\www\Blogs\thinkphp\lang\zh-cn.php
[ info ] [ ROUTE ] array (
  'type' => 'module',
  'module' => 
  array (
    0 => 'Admin',
    1 => 'Admin',
    2 => 'add_user',
  ),
)
[ info ] [ HEADER ] array (
  'host' => 'localhost',
  'connection' => 'keep-alive',
  'upgrade-insecure-requests' => '1',
  'user-agent' => 'Mozilla/5.0 (Windows NT 10.0; WOW64) AppleWebKit/537.36 (KHTML, like Gecko) Chrome/60.0.3112.10 Safari/537.36',
  'accept' => 'text/html,application/xhtml+xml,application/xml;q=0.9,image/webp,image/apng,*/*;q=0.8',
  'referer' => 'http://localhost/Blogs/public/index.php/Admin/Index/menu.html',
  'accept-encoding' => 'gzip, deflate, br',
  'accept-language' => 'zh-CN,zh;q=0.8',
)
[ info ] [ PARAM ] array (
)
[ info ] [ RUN ] app\Admin\controller\Admin->add_user[ D:\wamp\www\Blogs\application\admin\controller\Admin.php ]
[ info ] [ VIEW ] D:\wamp\www\Blogs\public/../application/admin\view\admin\add_user.html [ array (
) ]
[ info ] [ LOG ] INIT File
---------------------------------------------------------------
[ 2018-01-18T20:19:13+08:00 ] ::1 ::1 GET /Blogs/public/static/images/admin_bg.png
[ info ] localhost/Blogs/public/static/images/admin_bg.png [运行时间：0.025766s][吞吐率：38.81req/s] [内存消耗：1,633.81kb] [文件加载：39]
[ info ] [ LANG ] D:\wamp\www\Blogs\thinkphp\lang\zh-cn.php
[ info ] [ ROUTE ] array (
  'type' => 'module',
  'module' => 
  array (
    0 => 'static',
    1 => 'images',
    2 => 'admin_bg.png',
  ),
)
[ info ] [ HEADER ] array (
  'host' => 'localhost',
  'connection' => 'keep-alive',
  'user-agent' => 'Mozilla/5.0 (Windows NT 10.0; WOW64) AppleWebKit/537.36 (KHTML, like Gecko) Chrome/60.0.3112.10 Safari/537.36',
  'accept' => 'image/webp,image/apng,image/*,*/*;q=0.8',
  'referer' => 'http://localhost/Blogs/public/static/css/adminStyle.css',
  'accept-encoding' => 'gzip, deflate, br',
  'accept-language' => 'zh-CN,zh;q=0.8',
)
[ info ] [ PARAM ] array (
)
[ info ] [ LOG ] INIT File
---------------------------------------------------------------
[ 2018-01-18T20:19:16+08:00 ] ::1 ::1 GET /Blogs/public/index.php/Admin/Admin/article_list?biao=article_qian
[ info ] localhost/Blogs/public/index.php/Admin/Admin/article_list?biao=article_qian [运行时间：0.038082s][吞吐率：26.26req/s] [内存消耗：3,065.97kb] [文件加载：56]
[ info ] [ LANG ] D:\wamp\www\Blogs\thinkphp\lang\zh-cn.php
[ info ] [ ROUTE ] array (
  'type' => 'module',
  'module' => 
  array (
    0 => 'Admin',
    1 => 'Admin',
    2 => 'article_list',
  ),
)
[ info ] [ HEADER ] array (
  'host' => 'localhost',
  'connection' => 'keep-alive',
  'upgrade-insecure-requests' => '1',
  'user-agent' => 'Mozilla/5.0 (Windows NT 10.0; WOW64) AppleWebKit/537.36 (KHTML, like Gecko) Chrome/60.0.3112.10 Safari/537.36',
  'accept' => 'text/html,application/xhtml+xml,application/xml;q=0.9,image/webp,image/apng,*/*;q=0.8',
  'referer' => 'http://localhost/Blogs/public/index.php/Admin/Index/menu.html',
  'accept-encoding' => 'gzip, deflate, br',
  'accept-language' => 'zh-CN,zh;q=0.8',
)
[ info ] [ PARAM ] array (
  'biao' => 'article_qian',
)
[ info ] [ RUN ] app\Admin\controller\Admin->article_list[ D:\wamp\www\Blogs\application\admin\controller\Admin.php ]
[ info ] [ DB ] INIT mysql
[ info ] [ VIEW ] D:\wamp\www\Blogs\public/../application/admin\view\admin\article_list.html [ array (
  0 => 'biao',
  1 => 'Info',
) ]
[ info ] [ LOG ] INIT File
[ sql ] [ DB ] CONNECT:[ UseTime:0.000875s ] mysql:host=127.0.0.1;dbname=blogs;charset=utf8
[ sql ] [ SQL ] SHOW COLUMNS FROM `article_qian` [ RunTime:0.004213s ]
[ sql ] [ SQL ] SELECT COUNT(*) AS tp_count FROM `article_qian` WHERE  `de_time` IS NULL LIMIT 1 [ RunTime:0.000370s ]
[ sql ] [ SQL ] SELECT * FROM `article_qian` WHERE  `de_time` IS NULL LIMIT 0,3 [ RunTime:0.000397s ]
---------------------------------------------------------------
[ 2018-01-18T20:19:23+08:00 ] ::1 ::1 GET /Blogs/public/index.php/Index/index/fenlei?biao=article_mysql
[ info ] localhost/Blogs/public/index.php/Index/index/fenlei?biao=article_mysql [运行时间：0.109963s][吞吐率：9.09req/s] [内存消耗：3,212.13kb] [文件加载：58]
[ info ] [ LANG ] D:\wamp\www\Blogs\thinkphp\lang\zh-cn.php
[ info ] [ ROUTE ] array (
  'type' => 'module',
  'module' => 
  array (
    0 => 'Index',
    1 => 'index',
    2 => 'fenlei',
  ),
)
[ info ] [ HEADER ] array (
  'host' => 'localhost',
  'connection' => 'keep-alive',
  'upgrade-insecure-requests' => '1',
  'user-agent' => 'Mozilla/5.0 (Windows NT 10.0; WOW64) AppleWebKit/537.36 (KHTML, like Gecko) Chrome/60.0.3112.10 Safari/537.36',
  'accept' => 'text/html,application/xhtml+xml,application/xml;q=0.9,image/webp,image/apng,*/*;q=0.8',
  'referer' => 'http://localhost/Blogs/public/index.php/Index/index',
  'accept-encoding' => 'gzip, deflate, br',
  'accept-language' => 'zh-CN,zh;q=0.8',
)
[ info ] [ PARAM ] array (
  'biao' => 'article_mysql',
)
[ info ] [ RUN ] app\index\controller\Index->fenlei[ D:\wamp\www\Blogs\application\index\controller\Index.php ]
[ info ] [ DB ] INIT mysql
[ info ] [ VIEW ] D:\wamp\www\Blogs\public/../application/index\view\index\fenlei.html [ array (
  0 => 'biao',
  1 => 'Info',
  2 => 'click',
) ]
[ info ] [ LOG ] INIT File
[ sql ] [ DB ] CONNECT:[ UseTime:0.000879s ] mysql:host=127.0.0.1;dbname=blogs;charset=utf8
[ sql ] [ SQL ] SHOW COLUMNS FROM `article_mysql` [ RunTime:0.003639s ]
[ sql ] [ SQL ] SELECT COUNT(*) AS tp_count FROM `article_mysql` LIMIT 1 [ RunTime:0.000331s ]
[ sql ] [ SQL ] SELECT * FROM `article_mysql` LIMIT 0,5 [ RunTime:0.000384s ]
[ sql ] [ SQL ] select id,arti_title,clicksum,lei from article_php
                          UNION ALL
                          select id,arti_title,clicksum,lei from article_qian
                          UNION ALL
                          select id,arti_title,clicksum,lei from article_linux
                          UNION ALL
                          select id,arti_title,clicksum,lei from article_mysql
                          UNION ALL
                          select id,arti_title,clicksum,lei from article_blog
                          UNION ALL
                          select id,arti_title,clicksum,lei from article_zatan
                          ORDER BY clicksum DESC limit 5 [ RunTime:0.000645s ]
---------------------------------------------------------------
[ 2018-01-18T20:19:25+08:00 ] ::1 ::1 GET /Blogs/public/index.php/Index/index/fenlei?biao=article_php
[ info ] localhost/Blogs/public/index.php/Index/index/fenlei?biao=article_php [运行时间：0.038897s][吞吐率：25.71req/s] [内存消耗：3,072.15kb] [文件加载：56]
[ info ] [ LANG ] D:\wamp\www\Blogs\thinkphp\lang\zh-cn.php
[ info ] [ ROUTE ] array (
  'type' => 'module',
  'module' => 
  array (
    0 => 'Index',
    1 => 'index',
    2 => 'fenlei',
  ),
)
[ info ] [ HEADER ] array (
  'host' => 'localhost',
  'connection' => 'keep-alive',
  'upgrade-insecure-requests' => '1',
  'user-agent' => 'Mozilla/5.0 (Windows NT 10.0; WOW64) AppleWebKit/537.36 (KHTML, like Gecko) Chrome/60.0.3112.10 Safari/537.36',
  'accept' => 'text/html,application/xhtml+xml,application/xml;q=0.9,image/webp,image/apng,*/*;q=0.8',
  'referer' => 'http://localhost/Blogs/public/index.php/Index/index/fenlei?biao=article_mysql',
  'accept-encoding' => 'gzip, deflate, br',
  'accept-language' => 'zh-CN,zh;q=0.8',
)
[ info ] [ PARAM ] array (
  'biao' => 'article_php',
)
[ info ] [ RUN ] app\index\controller\Index->fenlei[ D:\wamp\www\Blogs\application\index\controller\Index.php ]
[ info ] [ DB ] INIT mysql
[ info ] [ VIEW ] D:\wamp\www\Blogs\public/../application/index\view\index\fenlei.html [ array (
  0 => 'biao',
  1 => 'Info',
  2 => 'click',
) ]
[ info ] [ LOG ] INIT File
[ sql ] [ DB ] CONNECT:[ UseTime:0.000847s ] mysql:host=127.0.0.1;dbname=blogs;charset=utf8
[ sql ] [ SQL ] SHOW COLUMNS FROM `article_php` [ RunTime:0.003915s ]
[ sql ] [ SQL ] SELECT COUNT(*) AS tp_count FROM `article_php` LIMIT 1 [ RunTime:0.000368s ]
[ sql ] [ SQL ] SELECT * FROM `article_php` LIMIT 0,5 [ RunTime:0.000414s ]
[ sql ] [ SQL ] select id,arti_title,clicksum,lei from article_php
                          UNION ALL
                          select id,arti_title,clicksum,lei from article_qian
                          UNION ALL
                          select id,arti_title,clicksum,lei from article_linux
                          UNION ALL
                          select id,arti_title,clicksum,lei from article_mysql
                          UNION ALL
                          select id,arti_title,clicksum,lei from article_blog
                          UNION ALL
                          select id,arti_title,clicksum,lei from article_zatan
                          ORDER BY clicksum DESC limit 5 [ RunTime:0.000644s ]
---------------------------------------------------------------
[ 2018-01-18T20:19:26+08:00 ] ::1 ::1 GET /Blogs/public/index.php/Index/index/fenlei?biao=article_linux
[ info ] localhost/Blogs/public/index.php/Index/index/fenlei?biao=article_linux [运行时间：0.037500s][吞吐率：26.67req/s] [内存消耗：3,043.52kb] [文件加载：56]
[ info ] [ LANG ] D:\wamp\www\Blogs\thinkphp\lang\zh-cn.php
[ info ] [ ROUTE ] array (
  'type' => 'module',
  'module' => 
  array (
    0 => 'Index',
    1 => 'index',
    2 => 'fenlei',
  ),
)
[ info ] [ HEADER ] array (
  'host' => 'localhost',
  'connection' => 'keep-alive',
  'upgrade-insecure-requests' => '1',
  'user-agent' => 'Mozilla/5.0 (Windows NT 10.0; WOW64) AppleWebKit/537.36 (KHTML, like Gecko) Chrome/60.0.3112.10 Safari/537.36',
  'accept' => 'text/html,application/xhtml+xml,application/xml;q=0.9,image/webp,image/apng,*/*;q=0.8',
  'referer' => 'http://localhost/Blogs/public/index.php/Index/index/fenlei?biao=article_php',
  'accept-encoding' => 'gzip, deflate, br',
  'accept-language' => 'zh-CN,zh;q=0.8',
)
[ info ] [ PARAM ] array (
  'biao' => 'article_linux',
)
[ info ] [ RUN ] app\index\controller\Index->fenlei[ D:\wamp\www\Blogs\application\index\controller\Index.php ]
[ info ] [ DB ] INIT mysql
[ info ] [ VIEW ] D:\wamp\www\Blogs\public/../application/index\view\index\fenlei.html [ array (
  0 => 'biao',
  1 => 'Info',
  2 => 'click',
) ]
[ info ] [ LOG ] INIT File
[ sql ] [ DB ] CONNECT:[ UseTime:0.000867s ] mysql:host=127.0.0.1;dbname=blogs;charset=utf8
[ sql ] [ SQL ] SHOW COLUMNS FROM `article_linux` [ RunTime:0.004140s ]
[ sql ] [ SQL ] SELECT COUNT(*) AS tp_count FROM `article_linux` LIMIT 1 [ RunTime:0.000332s ]
[ sql ] [ SQL ] SELECT * FROM `article_linux` LIMIT 0,5 [ RunTime:0.000374s ]
[ sql ] [ SQL ] select id,arti_title,clicksum,lei from article_php
                          UNION ALL
                          select id,arti_title,clicksum,lei from article_qian
                          UNION ALL
                          select id,arti_title,clicksum,lei from article_linux
                          UNION ALL
                          select id,arti_title,clicksum,lei from article_mysql
                          UNION ALL
                          select id,arti_title,clicksum,lei from article_blog
                          UNION ALL
                          select id,arti_title,clicksum,lei from article_zatan
                          ORDER BY clicksum DESC limit 5 [ RunTime:0.000613s ]
