---------------------------------------------------------------
[ 2018-01-25T14:22:58+08:00 ] ::1 ::1 GET /Blogs/public/index.php/Admin/Index/index
[ info ] localhost/Blogs/public/index.php/Admin/Index/index [运行时间：0.656588s][吞吐率：1.52req/s] [内存消耗：1,928.34kb] [文件加载：45]
[ info ] [ LANG ] D:\wamp\www\Blogs\thinkphp\lang\zh-cn.php
[ info ] [ ROUTE ] array (
  'type' => 'module',
  'module' => 
  array (
    0 => 'Admin',
    1 => 'Index',
    2 => 'index',
  ),
)
[ info ] [ HEADER ] array (
  'host' => 'localhost',
  'connection' => 'keep-alive',
  'upgrade-insecure-requests' => '1',
  'user-agent' => 'Mozilla/5.0 (Windows NT 10.0; WOW64) AppleWebKit/537.36 (KHTML, like Gecko) Chrome/60.0.3112.10 Safari/537.36',
  'accept' => 'text/html,application/xhtml+xml,application/xml;q=0.9,image/webp,image/apng,*/*;q=0.8',
  'accept-encoding' => 'gzip, deflate, br',
  'accept-language' => 'zh-CN,zh;q=0.8',
)
[ info ] [ PARAM ] array (
)
[ info ] [ RUN ] app\admin\controller\Index->index[ D:\wamp\www\Blogs\application\admin\controller\Index.php ]
[ info ] [ VIEW ] D:\wamp\www\Blogs\public/../application/admin\view\index\index.html [ array (
) ]
[ info ] [ LOG ] INIT File
---------------------------------------------------------------
[ 2018-01-25T14:22:58+08:00 ] ::1 ::1 GET /Blogs/public/index.php/Admin/Index/bar.html
[ info ] localhost/Blogs/public/index.php/Admin/Index/bar.html [运行时间：0.113743s][吞吐率：8.79req/s] [内存消耗：1,928.84kb] [文件加载：45]
[ info ] [ LANG ] D:\wamp\www\Blogs\thinkphp\lang\zh-cn.php
[ info ] [ ROUTE ] array (
  'type' => 'module',
  'module' => 
  array (
    0 => 'Admin',
    1 => 'Index',
    2 => 'bar',
  ),
)
[ info ] [ HEADER ] array (
  'host' => 'localhost',
  'connection' => 'keep-alive',
  'upgrade-insecure-requests' => '1',
  'user-agent' => 'Mozilla/5.0 (Windows NT 10.0; WOW64) AppleWebKit/537.36 (KHTML, like Gecko) Chrome/60.0.3112.10 Safari/537.36',
  'accept' => 'text/html,application/xhtml+xml,application/xml;q=0.9,image/webp,image/apng,*/*;q=0.8',
  'referer' => 'http://localhost/Blogs/public/index.php/Admin/Index/index',
  'accept-encoding' => 'gzip, deflate, br',
  'accept-language' => 'zh-CN,zh;q=0.8',
)
[ info ] [ PARAM ] array (
)
[ info ] [ RUN ] app\admin\controller\Index->bar[ D:\wamp\www\Blogs\application\admin\controller\Index.php ]
[ info ] [ VIEW ] D:\wamp\www\Blogs\public/../application/admin\view\index\bar.html [ array (
) ]
[ info ] [ LOG ] INIT File
---------------------------------------------------------------
[ 2018-01-25T14:22:58+08:00 ] ::1 ::1 GET /Blogs/public/index.php/Admin/Index/top.html
[ info ] localhost/Blogs/public/index.php/Admin/Index/top.html [运行时间：0.107848s][吞吐率：9.27req/s] [内存消耗：1,928.81kb] [文件加载：45]
[ info ] [ LANG ] D:\wamp\www\Blogs\thinkphp\lang\zh-cn.php
[ info ] [ ROUTE ] array (
  'type' => 'module',
  'module' => 
  array (
    0 => 'Admin',
    1 => 'Index',
    2 => 'top',
  ),
)
[ info ] [ HEADER ] array (
  'host' => 'localhost',
  'connection' => 'keep-alive',
  'upgrade-insecure-requests' => '1',
  'user-agent' => 'Mozilla/5.0 (Windows NT 10.0; WOW64) AppleWebKit/537.36 (KHTML, like Gecko) Chrome/60.0.3112.10 Safari/537.36',
  'accept' => 'text/html,application/xhtml+xml,application/xml;q=0.9,image/webp,image/apng,*/*;q=0.8',
  'referer' => 'http://localhost/Blogs/public/index.php/Admin/Index/index',
  'accept-encoding' => 'gzip, deflate, br',
  'accept-language' => 'zh-CN,zh;q=0.8',
)
[ info ] [ PARAM ] array (
)
[ info ] [ RUN ] app\admin\controller\Index->top[ D:\wamp\www\Blogs\application\admin\controller\Index.php ]
[ info ] [ VIEW ] D:\wamp\www\Blogs\public/../application/admin\view\index\top.html [ array (
) ]
[ info ] [ LOG ] INIT File
---------------------------------------------------------------
[ 2018-01-25T14:22:58+08:00 ] ::1 ::1 GET /Blogs/public/index.php/Admin/Index/main.html
[ info ] localhost/Blogs/public/index.php/Admin/Index/main.html [运行时间：0.102996s][吞吐率：9.71req/s] [内存消耗：1,928.84kb] [文件加载：45]
[ info ] [ LANG ] D:\wamp\www\Blogs\thinkphp\lang\zh-cn.php
[ info ] [ ROUTE ] array (
  'type' => 'module',
  'module' => 
  array (
    0 => 'Admin',
    1 => 'Index',
    2 => 'main',
  ),
)
[ info ] [ HEADER ] array (
  'host' => 'localhost',
  'connection' => 'keep-alive',
  'upgrade-insecure-requests' => '1',
  'user-agent' => 'Mozilla/5.0 (Windows NT 10.0; WOW64) AppleWebKit/537.36 (KHTML, like Gecko) Chrome/60.0.3112.10 Safari/537.36',
  'accept' => 'text/html,application/xhtml+xml,application/xml;q=0.9,image/webp,image/apng,*/*;q=0.8',
  'referer' => 'http://localhost/Blogs/public/index.php/Admin/Index/index',
  'accept-encoding' => 'gzip, deflate, br',
  'accept-language' => 'zh-CN,zh;q=0.8',
)
[ info ] [ PARAM ] array (
)
[ info ] [ RUN ] app\admin\controller\Index->main[ D:\wamp\www\Blogs\application\admin\controller\Index.php ]
[ info ] [ VIEW ] D:\wamp\www\Blogs\public/../application/admin\view\index\main.html [ array (
) ]
[ info ] [ LOG ] INIT File
---------------------------------------------------------------
[ 2018-01-25T14:22:59+08:00 ] ::1 ::1 GET /Blogs/public/index.php/Admin/Index/menu.html
[ info ] localhost/Blogs/public/index.php/Admin/Index/menu.html [运行时间：0.144706s][吞吐率：6.91req/s] [内存消耗：1,928.84kb] [文件加载：45]
[ info ] [ LANG ] D:\wamp\www\Blogs\thinkphp\lang\zh-cn.php
[ info ] [ ROUTE ] array (
  'type' => 'module',
  'module' => 
  array (
    0 => 'Admin',
    1 => 'Index',
    2 => 'menu',
  ),
)
[ info ] [ HEADER ] array (
  'host' => 'localhost',
  'connection' => 'keep-alive',
  'upgrade-insecure-requests' => '1',
  'user-agent' => 'Mozilla/5.0 (Windows NT 10.0; WOW64) AppleWebKit/537.36 (KHTML, like Gecko) Chrome/60.0.3112.10 Safari/537.36',
  'accept' => 'text/html,application/xhtml+xml,application/xml;q=0.9,image/webp,image/apng,*/*;q=0.8',
  'referer' => 'http://localhost/Blogs/public/index.php/Admin/Index/index',
  'accept-encoding' => 'gzip, deflate, br',
  'accept-language' => 'zh-CN,zh;q=0.8',
)
[ info ] [ PARAM ] array (
)
[ info ] [ RUN ] app\admin\controller\Index->menu[ D:\wamp\www\Blogs\application\admin\controller\Index.php ]
[ info ] [ VIEW ] D:\wamp\www\Blogs\public/../application/admin\view\index\menu.html [ array (
) ]
[ info ] [ LOG ] INIT File
---------------------------------------------------------------
[ 2018-01-25T14:22:59+08:00 ] ::1 ::1 GET /Blogs/public/static/images/admin_bg.png
[ info ] localhost/Blogs/public/static/images/admin_bg.png [运行时间：0.129125s][吞吐率：7.74req/s] [内存消耗：1,633.81kb] [文件加载：39]
[ info ] [ LANG ] D:\wamp\www\Blogs\thinkphp\lang\zh-cn.php
[ info ] [ ROUTE ] array (
  'type' => 'module',
  'module' => 
  array (
    0 => 'static',
    1 => 'images',
    2 => 'admin_bg.png',
  ),
)
[ info ] [ HEADER ] array (
  'host' => 'localhost',
  'connection' => 'keep-alive',
  'user-agent' => 'Mozilla/5.0 (Windows NT 10.0; WOW64) AppleWebKit/537.36 (KHTML, like Gecko) Chrome/60.0.3112.10 Safari/537.36',
  'accept' => 'image/webp,image/apng,image/*,*/*;q=0.8',
  'referer' => 'http://localhost/Blogs/public/static/css/adminStyle.css',
  'accept-encoding' => 'gzip, deflate, br',
  'accept-language' => 'zh-CN,zh;q=0.8',
)
[ info ] [ PARAM ] array (
)
[ info ] [ LOG ] INIT File
---------------------------------------------------------------
[ 2018-01-25T14:22:59+08:00 ] ::1 ::1 GET /Blogs/public/static/images/admin_bg.png
[ info ] localhost/Blogs/public/static/images/admin_bg.png [运行时间：0.027535s][吞吐率：36.32req/s] [内存消耗：1,633.81kb] [文件加载：39]
[ info ] [ LANG ] D:\wamp\www\Blogs\thinkphp\lang\zh-cn.php
[ info ] [ ROUTE ] array (
  'type' => 'module',
  'module' => 
  array (
    0 => 'static',
    1 => 'images',
    2 => 'admin_bg.png',
  ),
)
[ info ] [ HEADER ] array (
  'host' => 'localhost',
  'connection' => 'keep-alive',
  'user-agent' => 'Mozilla/5.0 (Windows NT 10.0; WOW64) AppleWebKit/537.36 (KHTML, like Gecko) Chrome/60.0.3112.10 Safari/537.36',
  'accept' => 'image/webp,image/apng,image/*,*/*;q=0.8',
  'referer' => 'http://localhost/Blogs/public/static/css/adminStyle.css',
  'accept-encoding' => 'gzip, deflate, br',
  'accept-language' => 'zh-CN,zh;q=0.8',
)
[ info ] [ PARAM ] array (
)
[ info ] [ LOG ] INIT File
---------------------------------------------------------------
[ 2018-01-25T14:23:00+08:00 ] ::1 ::1 GET /Blogs/public/index.php/Admin/Admin/article_list?biao=article_qian
[ info ] localhost/Blogs/public/index.php/Admin/Admin/article_list?biao=article_qian [运行时间：0.398559s][吞吐率：2.51req/s] [内存消耗：3,065.97kb] [文件加载：56]
[ info ] [ LANG ] D:\wamp\www\Blogs\thinkphp\lang\zh-cn.php
[ info ] [ ROUTE ] array (
  'type' => 'module',
  'module' => 
  array (
    0 => 'Admin',
    1 => 'Admin',
    2 => 'article_list',
  ),
)
[ info ] [ HEADER ] array (
  'host' => 'localhost',
  'connection' => 'keep-alive',
  'upgrade-insecure-requests' => '1',
  'user-agent' => 'Mozilla/5.0 (Windows NT 10.0; WOW64) AppleWebKit/537.36 (KHTML, like Gecko) Chrome/60.0.3112.10 Safari/537.36',
  'accept' => 'text/html,application/xhtml+xml,application/xml;q=0.9,image/webp,image/apng,*/*;q=0.8',
  'referer' => 'http://localhost/Blogs/public/index.php/Admin/Index/menu.html',
  'accept-encoding' => 'gzip, deflate, br',
  'accept-language' => 'zh-CN,zh;q=0.8',
)
[ info ] [ PARAM ] array (
  'biao' => 'article_qian',
)
[ info ] [ RUN ] app\Admin\controller\Admin->article_list[ D:\wamp\www\Blogs\application\admin\controller\Admin.php ]
[ info ] [ DB ] INIT mysql
[ info ] [ VIEW ] D:\wamp\www\Blogs\public/../application/admin\view\admin\article_list.html [ array (
  0 => 'biao',
  1 => 'Info',
) ]
[ info ] [ LOG ] INIT File
[ sql ] [ DB ] CONNECT:[ UseTime:0.001262s ] mysql:host=127.0.0.1;dbname=blogs;charset=utf8
[ sql ] [ SQL ] SHOW COLUMNS FROM `article_qian` [ RunTime:0.051044s ]
[ sql ] [ SQL ] SELECT COUNT(*) AS tp_count FROM `article_qian` WHERE  `de_time` IS NULL LIMIT 1 [ RunTime:0.000386s ]
[ sql ] [ SQL ] SELECT * FROM `article_qian` WHERE  `de_time` IS NULL LIMIT 0,3 [ RunTime:0.000420s ]
---------------------------------------------------------------
[ 2018-01-25T14:23:01+08:00 ] ::1 ::1 GET /Blogs/public/static/images/admin_bg.png
[ info ] localhost/Blogs/public/static/images/admin_bg.png [运行时间：0.028282s][吞吐率：35.36req/s] [内存消耗：1,633.81kb] [文件加载：39]
[ info ] [ LANG ] D:\wamp\www\Blogs\thinkphp\lang\zh-cn.php
[ info ] [ ROUTE ] array (
  'type' => 'module',
  'module' => 
  array (
    0 => 'static',
    1 => 'images',
    2 => 'admin_bg.png',
  ),
)
[ info ] [ HEADER ] array (
  'host' => 'localhost',
  'connection' => 'keep-alive',
  'user-agent' => 'Mozilla/5.0 (Windows NT 10.0; WOW64) AppleWebKit/537.36 (KHTML, like Gecko) Chrome/60.0.3112.10 Safari/537.36',
  'accept' => 'image/webp,image/apng,image/*,*/*;q=0.8',
  'referer' => 'http://localhost/Blogs/public/static/css/adminStyle.css',
  'accept-encoding' => 'gzip, deflate, br',
  'accept-language' => 'zh-CN,zh;q=0.8',
)
[ info ] [ PARAM ] array (
)
[ info ] [ LOG ] INIT File
