---------------------------------------------------------------
[ 2018-01-31T17:38:42+08:00 ] ::1 ::1 GET /Blogs/public/index.php/Admin/Index/index
[ info ] localhost/Blogs/public/index.php/Admin/Index/index [运行时间：0.656549s][吞吐率：1.52req/s] [内存消耗：1,928.34kb] [文件加载：45]
[ info ] [ LANG ] D:\wamp\www\Blogs\thinkphp\lang\zh-cn.php
[ info ] [ ROUTE ] array (
  'type' => 'module',
  'module' => 
  array (
    0 => 'Admin',
    1 => 'Index',
    2 => 'index',
  ),
)
[ info ] [ HEADER ] array (
  'host' => 'localhost',
  'connection' => 'keep-alive',
  'upgrade-insecure-requests' => '1',
  'user-agent' => 'Mozilla/5.0 (Windows NT 10.0; WOW64) AppleWebKit/537.36 (KHTML, like Gecko) Chrome/60.0.3112.10 Safari/537.36',
  'accept' => 'text/html,application/xhtml+xml,application/xml;q=0.9,image/webp,image/apng,*/*;q=0.8',
  'accept-encoding' => 'gzip, deflate, br',
  'accept-language' => 'zh-CN,zh;q=0.8',
)
[ info ] [ PARAM ] array (
)
[ info ] [ RUN ] app\admin\controller\Index->index[ D:\wamp\www\Blogs\application\admin\controller\Index.php ]
[ info ] [ VIEW ] D:\wamp\www\Blogs\public/../application/admin\view\index\index.html [ array (
) ]
[ info ] [ LOG ] INIT File
---------------------------------------------------------------
[ 2018-01-31T17:38:42+08:00 ] ::1 ::1 GET /Blogs/public/index.php/Admin/Index/menu.html
[ info ] localhost/Blogs/public/index.php/Admin/Index/menu.html [运行时间：0.113477s][吞吐率：8.81req/s] [内存消耗：1,928.84kb] [文件加载：45]
[ info ] [ LANG ] D:\wamp\www\Blogs\thinkphp\lang\zh-cn.php
[ info ] [ ROUTE ] array (
  'type' => 'module',
  'module' => 
  array (
    0 => 'Admin',
    1 => 'Index',
    2 => 'menu',
  ),
)
[ info ] [ HEADER ] array (
  'host' => 'localhost',
  'connection' => 'keep-alive',
  'upgrade-insecure-requests' => '1',
  'user-agent' => 'Mozilla/5.0 (Windows NT 10.0; WOW64) AppleWebKit/537.36 (KHTML, like Gecko) Chrome/60.0.3112.10 Safari/537.36',
  'accept' => 'text/html,application/xhtml+xml,application/xml;q=0.9,image/webp,image/apng,*/*;q=0.8',
  'referer' => 'http://localhost/Blogs/public/index.php/Admin/Index/index',
  'accept-encoding' => 'gzip, deflate, br',
  'accept-language' => 'zh-CN,zh;q=0.8',
)
[ info ] [ PARAM ] array (
)
[ info ] [ RUN ] app\admin\controller\Index->menu[ D:\wamp\www\Blogs\application\admin\controller\Index.php ]
[ info ] [ VIEW ] D:\wamp\www\Blogs\public/../application/admin\view\index\menu.html [ array (
) ]
[ info ] [ LOG ] INIT File
---------------------------------------------------------------
[ 2018-01-31T17:38:42+08:00 ] ::1 ::1 GET /Blogs/public/index.php/Admin/Index/main.html
[ info ] localhost/Blogs/public/index.php/Admin/Index/main.html [运行时间：0.102822s][吞吐率：9.73req/s] [内存消耗：1,928.84kb] [文件加载：45]
[ info ] [ LANG ] D:\wamp\www\Blogs\thinkphp\lang\zh-cn.php
[ info ] [ ROUTE ] array (
  'type' => 'module',
  'module' => 
  array (
    0 => 'Admin',
    1 => 'Index',
    2 => 'main',
  ),
)
[ info ] [ HEADER ] array (
  'host' => 'localhost',
  'connection' => 'keep-alive',
  'upgrade-insecure-requests' => '1',
  'user-agent' => 'Mozilla/5.0 (Windows NT 10.0; WOW64) AppleWebKit/537.36 (KHTML, like Gecko) Chrome/60.0.3112.10 Safari/537.36',
  'accept' => 'text/html,application/xhtml+xml,application/xml;q=0.9,image/webp,image/apng,*/*;q=0.8',
  'referer' => 'http://localhost/Blogs/public/index.php/Admin/Index/index',
  'accept-encoding' => 'gzip, deflate, br',
  'accept-language' => 'zh-CN,zh;q=0.8',
)
[ info ] [ PARAM ] array (
)
[ info ] [ RUN ] app\admin\controller\Index->main[ D:\wamp\www\Blogs\application\admin\controller\Index.php ]
[ info ] [ VIEW ] D:\wamp\www\Blogs\public/../application/admin\view\index\main.html [ array (
) ]
[ info ] [ LOG ] INIT File
---------------------------------------------------------------
[ 2018-01-31T17:38:42+08:00 ] ::1 ::1 GET /Blogs/public/index.php/Admin/Index/top.html
[ info ] localhost/Blogs/public/index.php/Admin/Index/top.html [运行时间：0.113108s][吞吐率：8.84req/s] [内存消耗：1,928.81kb] [文件加载：45]
[ info ] [ LANG ] D:\wamp\www\Blogs\thinkphp\lang\zh-cn.php
[ info ] [ ROUTE ] array (
  'type' => 'module',
  'module' => 
  array (
    0 => 'Admin',
    1 => 'Index',
    2 => 'top',
  ),
)
[ info ] [ HEADER ] array (
  'host' => 'localhost',
  'connection' => 'keep-alive',
  'upgrade-insecure-requests' => '1',
  'user-agent' => 'Mozilla/5.0 (Windows NT 10.0; WOW64) AppleWebKit/537.36 (KHTML, like Gecko) Chrome/60.0.3112.10 Safari/537.36',
  'accept' => 'text/html,application/xhtml+xml,application/xml;q=0.9,image/webp,image/apng,*/*;q=0.8',
  'referer' => 'http://localhost/Blogs/public/index.php/Admin/Index/index',
  'accept-encoding' => 'gzip, deflate, br',
  'accept-language' => 'zh-CN,zh;q=0.8',
)
[ info ] [ PARAM ] array (
)
[ info ] [ RUN ] app\admin\controller\Index->top[ D:\wamp\www\Blogs\application\admin\controller\Index.php ]
[ info ] [ VIEW ] D:\wamp\www\Blogs\public/../application/admin\view\index\top.html [ array (
) ]
[ info ] [ LOG ] INIT File
---------------------------------------------------------------
[ 2018-01-31T17:38:42+08:00 ] ::1 ::1 GET /Blogs/public/index.php/Admin/Index/bar.html
[ info ] localhost/Blogs/public/index.php/Admin/Index/bar.html [运行时间：0.120411s][吞吐率：8.30req/s] [内存消耗：1,928.84kb] [文件加载：45]
[ info ] [ LANG ] D:\wamp\www\Blogs\thinkphp\lang\zh-cn.php
[ info ] [ ROUTE ] array (
  'type' => 'module',
  'module' => 
  array (
    0 => 'Admin',
    1 => 'Index',
    2 => 'bar',
  ),
)
[ info ] [ HEADER ] array (
  'host' => 'localhost',
  'connection' => 'keep-alive',
  'upgrade-insecure-requests' => '1',
  'user-agent' => 'Mozilla/5.0 (Windows NT 10.0; WOW64) AppleWebKit/537.36 (KHTML, like Gecko) Chrome/60.0.3112.10 Safari/537.36',
  'accept' => 'text/html,application/xhtml+xml,application/xml;q=0.9,image/webp,image/apng,*/*;q=0.8',
  'referer' => 'http://localhost/Blogs/public/index.php/Admin/Index/index',
  'accept-encoding' => 'gzip, deflate, br',
  'accept-language' => 'zh-CN,zh;q=0.8',
)
[ info ] [ PARAM ] array (
)
[ info ] [ RUN ] app\admin\controller\Index->bar[ D:\wamp\www\Blogs\application\admin\controller\Index.php ]
[ info ] [ VIEW ] D:\wamp\www\Blogs\public/../application/admin\view\index\bar.html [ array (
) ]
[ info ] [ LOG ] INIT File
---------------------------------------------------------------
[ 2018-01-31T17:38:42+08:00 ] ::1 ::1 GET /Blogs/public/static/images/admin_bg.png
[ info ] localhost/Blogs/public/static/images/admin_bg.png [运行时间：0.116087s][吞吐率：8.61req/s] [内存消耗：1,633.81kb] [文件加载：39]
[ info ] [ LANG ] D:\wamp\www\Blogs\thinkphp\lang\zh-cn.php
[ info ] [ ROUTE ] array (
  'type' => 'module',
  'module' => 
  array (
    0 => 'static',
    1 => 'images',
    2 => 'admin_bg.png',
  ),
)
[ info ] [ HEADER ] array (
  'host' => 'localhost',
  'connection' => 'keep-alive',
  'user-agent' => 'Mozilla/5.0 (Windows NT 10.0; WOW64) AppleWebKit/537.36 (KHTML, like Gecko) Chrome/60.0.3112.10 Safari/537.36',
  'accept' => 'image/webp,image/apng,image/*,*/*;q=0.8',
  'referer' => 'http://localhost/Blogs/public/static/css/adminStyle.css',
  'accept-encoding' => 'gzip, deflate, br',
  'accept-language' => 'zh-CN,zh;q=0.8',
)
[ info ] [ PARAM ] array (
)
[ info ] [ LOG ] INIT File
---------------------------------------------------------------
[ 2018-01-31T17:38:42+08:00 ] ::1 ::1 GET /Blogs/public/static/images/admin_bg.png
[ info ] localhost/Blogs/public/static/images/admin_bg.png [运行时间：0.029547s][吞吐率：33.84req/s] [内存消耗：1,633.81kb] [文件加载：39]
[ info ] [ LANG ] D:\wamp\www\Blogs\thinkphp\lang\zh-cn.php
[ info ] [ ROUTE ] array (
  'type' => 'module',
  'module' => 
  array (
    0 => 'static',
    1 => 'images',
    2 => 'admin_bg.png',
  ),
)
[ info ] [ HEADER ] array (
  'host' => 'localhost',
  'connection' => 'keep-alive',
  'user-agent' => 'Mozilla/5.0 (Windows NT 10.0; WOW64) AppleWebKit/537.36 (KHTML, like Gecko) Chrome/60.0.3112.10 Safari/537.36',
  'accept' => 'image/webp,image/apng,image/*,*/*;q=0.8',
  'referer' => 'http://localhost/Blogs/public/static/css/adminStyle.css',
  'accept-encoding' => 'gzip, deflate, br',
  'accept-language' => 'zh-CN,zh;q=0.8',
)
[ info ] [ PARAM ] array (
)
[ info ] [ LOG ] INIT File
---------------------------------------------------------------
[ 2018-01-31T17:38:47+08:00 ] ::1 ::1 GET /Blogs/public/index.php/Admin/Admin/privilege
[ info ] localhost/Blogs/public/index.php/Admin/Admin/privilege [运行时间：0.238591s][吞吐率：4.19req/s] [内存消耗：2,930.04kb] [文件加载：53]
[ info ] [ LANG ] D:\wamp\www\Blogs\thinkphp\lang\zh-cn.php
[ info ] [ ROUTE ] array (
  'type' => 'module',
  'module' => 
  array (
    0 => 'Admin',
    1 => 'Admin',
    2 => 'privilege',
  ),
)
[ info ] [ HEADER ] array (
  'host' => 'localhost',
  'connection' => 'keep-alive',
  'upgrade-insecure-requests' => '1',
  'user-agent' => 'Mozilla/5.0 (Windows NT 10.0; WOW64) AppleWebKit/537.36 (KHTML, like Gecko) Chrome/60.0.3112.10 Safari/537.36',
  'accept' => 'text/html,application/xhtml+xml,application/xml;q=0.9,image/webp,image/apng,*/*;q=0.8',
  'referer' => 'http://localhost/Blogs/public/index.php/Admin/Index/menu.html',
  'accept-encoding' => 'gzip, deflate, br',
  'accept-language' => 'zh-CN,zh;q=0.8',
)
[ info ] [ PARAM ] array (
)
[ info ] [ RUN ] app\Admin\controller\Admin->privilege[ D:\wamp\www\Blogs\application\admin\controller\Admin.php ]
[ info ] [ DB ] INIT mysql
[ info ] [ VIEW ] D:\wamp\www\Blogs\public/../application/admin\view\admin\privilege.html [ array (
  0 => 'info',
) ]
[ info ] [ LOG ] INIT File
[ sql ] [ DB ] CONNECT:[ UseTime:0.001347s ] mysql:host=127.0.0.1;dbname=blogs;charset=utf8
[ sql ] [ SQL ] SHOW COLUMNS FROM `admin` [ RunTime:0.034571s ]
[ sql ] [ SQL ] SELECT * FROM `admin` [ RunTime:0.000457s ]
---------------------------------------------------------------
[ 2018-01-31T17:38:47+08:00 ] ::1 ::1 GET /Blogs/public/static/images/admin_bg.png
[ info ] localhost/Blogs/public/static/images/admin_bg.png [运行时间：0.023588s][吞吐率：42.39req/s] [内存消耗：1,633.81kb] [文件加载：39]
[ info ] [ LANG ] D:\wamp\www\Blogs\thinkphp\lang\zh-cn.php
[ info ] [ ROUTE ] array (
  'type' => 'module',
  'module' => 
  array (
    0 => 'static',
    1 => 'images',
    2 => 'admin_bg.png',
  ),
)
[ info ] [ HEADER ] array (
  'host' => 'localhost',
  'connection' => 'keep-alive',
  'user-agent' => 'Mozilla/5.0 (Windows NT 10.0; WOW64) AppleWebKit/537.36 (KHTML, like Gecko) Chrome/60.0.3112.10 Safari/537.36',
  'accept' => 'image/webp,image/apng,image/*,*/*;q=0.8',
  'referer' => 'http://localhost/Blogs/public/static/css/adminStyle.css',
  'accept-encoding' => 'gzip, deflate, br',
  'accept-language' => 'zh-CN,zh;q=0.8',
)
[ info ] [ PARAM ] array (
)
[ info ] [ LOG ] INIT File
---------------------------------------------------------------
[ 2018-01-31T17:38:47+08:00 ] ::1 ::1 POST /Blogs/public/index.php/admin/admin/privilege_cha.html
[ info ] localhost/Blogs/public/index.php/admin/admin/privilege_cha.html [运行时间：0.074652s][吞吐率：13.40req/s] [内存消耗：2,848.44kb] [文件加载：51]
[ info ] [ LANG ] D:\wamp\www\Blogs\thinkphp\lang\zh-cn.php
[ info ] [ ROUTE ] array (
  'type' => 'module',
  'module' => 
  array (
    0 => 'admin',
    1 => 'admin',
    2 => 'privilege_cha',
  ),
)
[ info ] [ HEADER ] array (
  'host' => 'localhost',
  'connection' => 'keep-alive',
  'content-length' => '6',
  'accept' => 'application/json, text/javascript, */*; q=0.01',
  'origin' => 'http://localhost',
  'x-requested-with' => 'XMLHttpRequest',
  'user-agent' => 'Mozilla/5.0 (Windows NT 10.0; WOW64) AppleWebKit/537.36 (KHTML, like Gecko) Chrome/60.0.3112.10 Safari/537.36',
  'content-type' => 'application/x-www-form-urlencoded; charset=UTF-8',
  'referer' => 'http://localhost/Blogs/public/index.php/Admin/Admin/privilege',
  'accept-encoding' => 'gzip, deflate, br',
  'accept-language' => 'zh-CN,zh;q=0.8',
)
[ info ] [ PARAM ] array (
  'data' => '1',
)
[ info ] [ RUN ] app\Admin\controller\Admin->privilege_cha[ D:\wamp\www\Blogs\application\admin\controller\Admin.php ]
[ info ] [ DB ] INIT mysql
[ info ] [ LOG ] INIT File
[ sql ] [ DB ] CONNECT:[ UseTime:0.009982s ] mysql:host=127.0.0.1;dbname=blogs;charset=utf8
[ sql ] [ SQL ] SHOW COLUMNS FROM `admin` [ RunTime:0.005698s ]
[ sql ] [ SQL ] SELECT * FROM `admin` WHERE  `id` = 1 LIMIT 1 [ RunTime:0.000389s ]
---------------------------------------------------------------
[ 2018-01-31T17:38:48+08:00 ] ::1 ::1 GET /Blogs/public/index.php/Admin/Admin/add_user
[ info ] localhost/Blogs/public/index.php/Admin/Admin/add_user [运行时间：0.105320s][吞吐率：9.49req/s] [内存消耗：2,066.38kb] [文件加载：46]
[ info ] [ LANG ] D:\wamp\www\Blogs\thinkphp\lang\zh-cn.php
[ info ] [ ROUTE ] array (
  'type' => 'module',
  'module' => 
  array (
    0 => 'Admin',
    1 => 'Admin',
    2 => 'add_user',
  ),
)
[ info ] [ HEADER ] array (
  'host' => 'localhost',
  'connection' => 'keep-alive',
  'upgrade-insecure-requests' => '1',
  'user-agent' => 'Mozilla/5.0 (Windows NT 10.0; WOW64) AppleWebKit/537.36 (KHTML, like Gecko) Chrome/60.0.3112.10 Safari/537.36',
  'accept' => 'text/html,application/xhtml+xml,application/xml;q=0.9,image/webp,image/apng,*/*;q=0.8',
  'referer' => 'http://localhost/Blogs/public/index.php/Admin/Index/menu.html',
  'accept-encoding' => 'gzip, deflate, br',
  'accept-language' => 'zh-CN,zh;q=0.8',
)
[ info ] [ PARAM ] array (
)
[ info ] [ RUN ] app\Admin\controller\Admin->add_user[ D:\wamp\www\Blogs\application\admin\controller\Admin.php ]
[ info ] [ VIEW ] D:\wamp\www\Blogs\public/../application/admin\view\admin\add_user.html [ array (
) ]
[ info ] [ LOG ] INIT File
---------------------------------------------------------------
[ 2018-01-31T17:38:49+08:00 ] ::1 ::1 GET /Blogs/public/static/images/admin_bg.png
[ info ] localhost/Blogs/public/static/images/admin_bg.png [运行时间：0.024584s][吞吐率：40.68req/s] [内存消耗：1,633.81kb] [文件加载：39]
[ info ] [ LANG ] D:\wamp\www\Blogs\thinkphp\lang\zh-cn.php
[ info ] [ ROUTE ] array (
  'type' => 'module',
  'module' => 
  array (
    0 => 'static',
    1 => 'images',
    2 => 'admin_bg.png',
  ),
)
[ info ] [ HEADER ] array (
  'host' => 'localhost',
  'connection' => 'keep-alive',
  'user-agent' => 'Mozilla/5.0 (Windows NT 10.0; WOW64) AppleWebKit/537.36 (KHTML, like Gecko) Chrome/60.0.3112.10 Safari/537.36',
  'accept' => 'image/webp,image/apng,image/*,*/*;q=0.8',
  'referer' => 'http://localhost/Blogs/public/static/css/adminStyle.css',
  'accept-encoding' => 'gzip, deflate, br',
  'accept-language' => 'zh-CN,zh;q=0.8',
)
[ info ] [ PARAM ] array (
)
[ info ] [ LOG ] INIT File
---------------------------------------------------------------
[ 2018-01-31T17:39:08+08:00 ] ::1 ::1 POST /Blogs/public/index.php/admin/admin/add_user.html
[ info ] localhost/Blogs/public/index.php/admin/admin/add_user.html [运行时间：0.166338s][吞吐率：6.01req/s] [内存消耗：2,845.45kb] [文件加载：51]
[ info ] [ LANG ] D:\wamp\www\Blogs\thinkphp\lang\zh-cn.php
[ info ] [ ROUTE ] array (
  'type' => 'module',
  'module' => 
  array (
    0 => 'admin',
    1 => 'admin',
    2 => 'add_user',
  ),
)
[ info ] [ HEADER ] array (
  'host' => 'localhost',
  'connection' => 'keep-alive',
  'content-length' => '78',
  'accept' => 'application/json, text/javascript, */*; q=0.01',
  'origin' => 'http://localhost',
  'x-requested-with' => 'XMLHttpRequest',
  'user-agent' => 'Mozilla/5.0 (Windows NT 10.0; WOW64) AppleWebKit/537.36 (KHTML, like Gecko) Chrome/60.0.3112.10 Safari/537.36',
  'content-type' => 'application/x-www-form-urlencoded; charset=UTF-8',
  'referer' => 'http://localhost/Blogs/public/index.php/Admin/Admin/add_user',
  'accept-encoding' => 'gzip, deflate, br',
  'accept-language' => 'zh-CN,zh;q=0.8',
)
[ info ] [ PARAM ] array (
  'admin_name' => '231',
  'admin_email' => '232@qq.com',
  'admin_pwd' => '3423',
  'admin_phone' => '11111111111',
)
[ info ] [ RUN ] app\Admin\controller\Admin->add_user[ D:\wamp\www\Blogs\application\admin\controller\Admin.php ]
[ info ] [ DB ] INIT mysql
[ info ] [ LOG ] INIT File
[ sql ] [ DB ] CONNECT:[ UseTime:0.001058s ] mysql:host=127.0.0.1;dbname=blogs;charset=utf8
[ sql ] [ SQL ] SHOW COLUMNS FROM `admin` [ RunTime:0.009798s ]
[ sql ] [ SQL ] INSERT INTO `admin` (`admin_name` , `admin_email` , `admin_pwd` , `admin_phone`) VALUES ('231' , '232@qq.com' , '3423' , 11111111111) [ RunTime:0.110987s ]
---------------------------------------------------------------
[ 2018-01-31T17:59:51+08:00 ] ::1 ::1 GET /Blogs/public/index.php/Admin/Index/index
[ info ] localhost/Blogs/public/index.php/Admin/Index/index [运行时间：1.143764s][吞吐率：0.87req/s] [内存消耗：1,928.34kb] [文件加载：45]
[ info ] [ LANG ] D:\wamp\www\Blogs\thinkphp\lang\zh-cn.php
[ info ] [ ROUTE ] array (
  'type' => 'module',
  'module' => 
  array (
    0 => 'Admin',
    1 => 'Index',
    2 => 'index',
  ),
)
[ info ] [ HEADER ] array (
  'host' => 'localhost',
  'connection' => 'keep-alive',
  'upgrade-insecure-requests' => '1',
  'user-agent' => 'Mozilla/5.0 (Windows NT 10.0; WOW64) AppleWebKit/537.36 (KHTML, like Gecko) Chrome/60.0.3112.10 Safari/537.36',
  'accept' => 'text/html,application/xhtml+xml,application/xml;q=0.9,image/webp,image/apng,*/*;q=0.8',
  'accept-encoding' => 'gzip, deflate, br',
  'accept-language' => 'zh-CN,zh;q=0.8',
)
[ info ] [ PARAM ] array (
)
[ info ] [ RUN ] app\admin\controller\Index->index[ D:\wamp\www\Blogs\application\admin\controller\Index.php ]
[ info ] [ VIEW ] D:\wamp\www\Blogs\public/../application/admin\view\index\index.html [ array (
) ]
[ info ] [ LOG ] INIT File
---------------------------------------------------------------
[ 2018-01-31T17:59:51+08:00 ] ::1 ::1 GET /Blogs/public/index.php/Admin/Index/main.html
[ info ] localhost/Blogs/public/index.php/Admin/Index/main.html [运行时间：0.080533s][吞吐率：12.42req/s] [内存消耗：1,928.84kb] [文件加载：45]
[ info ] [ LANG ] D:\wamp\www\Blogs\thinkphp\lang\zh-cn.php
[ info ] [ ROUTE ] array (
  'type' => 'module',
  'module' => 
  array (
    0 => 'Admin',
    1 => 'Index',
    2 => 'main',
  ),
)
[ info ] [ HEADER ] array (
  'host' => 'localhost',
  'connection' => 'keep-alive',
  'upgrade-insecure-requests' => '1',
  'user-agent' => 'Mozilla/5.0 (Windows NT 10.0; WOW64) AppleWebKit/537.36 (KHTML, like Gecko) Chrome/60.0.3112.10 Safari/537.36',
  'accept' => 'text/html,application/xhtml+xml,application/xml;q=0.9,image/webp,image/apng,*/*;q=0.8',
  'referer' => 'http://localhost/Blogs/public/index.php/Admin/Index/index',
  'accept-encoding' => 'gzip, deflate, br',
  'accept-language' => 'zh-CN,zh;q=0.8',
)
[ info ] [ PARAM ] array (
)
[ info ] [ RUN ] app\admin\controller\Index->main[ D:\wamp\www\Blogs\application\admin\controller\Index.php ]
[ info ] [ VIEW ] D:\wamp\www\Blogs\public/../application/admin\view\index\main.html [ array (
) ]
[ info ] [ LOG ] INIT File
---------------------------------------------------------------
[ 2018-01-31T17:59:51+08:00 ] ::1 ::1 GET /Blogs/public/index.php/Admin/Index/menu.html
[ info ] localhost/Blogs/public/index.php/Admin/Index/menu.html [运行时间：0.110676s][吞吐率：9.04req/s] [内存消耗：1,928.84kb] [文件加载：45]
[ info ] [ LANG ] D:\wamp\www\Blogs\thinkphp\lang\zh-cn.php
[ info ] [ ROUTE ] array (
  'type' => 'module',
  'module' => 
  array (
    0 => 'Admin',
    1 => 'Index',
    2 => 'menu',
  ),
)
[ info ] [ HEADER ] array (
  'host' => 'localhost',
  'connection' => 'keep-alive',
  'upgrade-insecure-requests' => '1',
  'user-agent' => 'Mozilla/5.0 (Windows NT 10.0; WOW64) AppleWebKit/537.36 (KHTML, like Gecko) Chrome/60.0.3112.10 Safari/537.36',
  'accept' => 'text/html,application/xhtml+xml,application/xml;q=0.9,image/webp,image/apng,*/*;q=0.8',
  'referer' => 'http://localhost/Blogs/public/index.php/Admin/Index/index',
  'accept-encoding' => 'gzip, deflate, br',
  'accept-language' => 'zh-CN,zh;q=0.8',
)
[ info ] [ PARAM ] array (
)
[ info ] [ RUN ] app\admin\controller\Index->menu[ D:\wamp\www\Blogs\application\admin\controller\Index.php ]
[ info ] [ VIEW ] D:\wamp\www\Blogs\public/../application/admin\view\index\menu.html [ array (
) ]
[ info ] [ LOG ] INIT File
---------------------------------------------------------------
[ 2018-01-31T17:59:51+08:00 ] ::1 ::1 GET /Blogs/public/index.php/Admin/Index/top.html
[ info ] localhost/Blogs/public/index.php/Admin/Index/top.html [运行时间：0.117815s][吞吐率：8.49req/s] [内存消耗：1,928.81kb] [文件加载：45]
[ info ] [ LANG ] D:\wamp\www\Blogs\thinkphp\lang\zh-cn.php
[ info ] [ ROUTE ] array (
  'type' => 'module',
  'module' => 
  array (
    0 => 'Admin',
    1 => 'Index',
    2 => 'top',
  ),
)
[ info ] [ HEADER ] array (
  'host' => 'localhost',
  'connection' => 'keep-alive',
  'upgrade-insecure-requests' => '1',
  'user-agent' => 'Mozilla/5.0 (Windows NT 10.0; WOW64) AppleWebKit/537.36 (KHTML, like Gecko) Chrome/60.0.3112.10 Safari/537.36',
  'accept' => 'text/html,application/xhtml+xml,application/xml;q=0.9,image/webp,image/apng,*/*;q=0.8',
  'referer' => 'http://localhost/Blogs/public/index.php/Admin/Index/index',
  'accept-encoding' => 'gzip, deflate, br',
  'accept-language' => 'zh-CN,zh;q=0.8',
)
[ info ] [ PARAM ] array (
)
[ info ] [ RUN ] app\admin\controller\Index->top[ D:\wamp\www\Blogs\application\admin\controller\Index.php ]
[ info ] [ VIEW ] D:\wamp\www\Blogs\public/../application/admin\view\index\top.html [ array (
) ]
[ info ] [ LOG ] INIT File
---------------------------------------------------------------
[ 2018-01-31T17:59:51+08:00 ] ::1 ::1 GET /Blogs/public/index.php/Admin/Index/bar.html
[ info ] localhost/Blogs/public/index.php/Admin/Index/bar.html [运行时间：0.116705s][吞吐率：8.57req/s] [内存消耗：1,928.84kb] [文件加载：45]
[ info ] [ LANG ] D:\wamp\www\Blogs\thinkphp\lang\zh-cn.php
[ info ] [ ROUTE ] array (
  'type' => 'module',
  'module' => 
  array (
    0 => 'Admin',
    1 => 'Index',
    2 => 'bar',
  ),
)
[ info ] [ HEADER ] array (
  'host' => 'localhost',
  'connection' => 'keep-alive',
  'upgrade-insecure-requests' => '1',
  'user-agent' => 'Mozilla/5.0 (Windows NT 10.0; WOW64) AppleWebKit/537.36 (KHTML, like Gecko) Chrome/60.0.3112.10 Safari/537.36',
  'accept' => 'text/html,application/xhtml+xml,application/xml;q=0.9,image/webp,image/apng,*/*;q=0.8',
  'referer' => 'http://localhost/Blogs/public/index.php/Admin/Index/index',
  'accept-encoding' => 'gzip, deflate, br',
  'accept-language' => 'zh-CN,zh;q=0.8',
)
[ info ] [ PARAM ] array (
)
[ info ] [ RUN ] app\admin\controller\Index->bar[ D:\wamp\www\Blogs\application\admin\controller\Index.php ]
[ info ] [ VIEW ] D:\wamp\www\Blogs\public/../application/admin\view\index\bar.html [ array (
) ]
[ info ] [ LOG ] INIT File
---------------------------------------------------------------
[ 2018-01-31T17:59:51+08:00 ] ::1 ::1 GET /Blogs/public/static/images/admin_bg.png
[ info ] localhost/Blogs/public/static/images/admin_bg.png [运行时间：0.215915s][吞吐率：4.63req/s] [内存消耗：1,633.81kb] [文件加载：39]
[ info ] [ LANG ] D:\wamp\www\Blogs\thinkphp\lang\zh-cn.php
[ info ] [ ROUTE ] array (
  'type' => 'module',
  'module' => 
  array (
    0 => 'static',
    1 => 'images',
    2 => 'admin_bg.png',
  ),
)
[ info ] [ HEADER ] array (
  'host' => 'localhost',
  'connection' => 'keep-alive',
  'user-agent' => 'Mozilla/5.0 (Windows NT 10.0; WOW64) AppleWebKit/537.36 (KHTML, like Gecko) Chrome/60.0.3112.10 Safari/537.36',
  'accept' => 'image/webp,image/apng,image/*,*/*;q=0.8',
  'referer' => 'http://localhost/Blogs/public/static/css/adminStyle.css',
  'accept-encoding' => 'gzip, deflate, br',
  'accept-language' => 'zh-CN,zh;q=0.8',
)
[ info ] [ PARAM ] array (
)
[ info ] [ LOG ] INIT File
---------------------------------------------------------------
[ 2018-01-31T17:59:51+08:00 ] ::1 ::1 GET /Blogs/public/static/images/admin_bg.png
[ info ] localhost/Blogs/public/static/images/admin_bg.png [运行时间：0.027214s][吞吐率：36.75req/s] [内存消耗：1,633.81kb] [文件加载：39]
[ info ] [ LANG ] D:\wamp\www\Blogs\thinkphp\lang\zh-cn.php
[ info ] [ ROUTE ] array (
  'type' => 'module',
  'module' => 
  array (
    0 => 'static',
    1 => 'images',
    2 => 'admin_bg.png',
  ),
)
[ info ] [ HEADER ] array (
  'host' => 'localhost',
  'connection' => 'keep-alive',
  'user-agent' => 'Mozilla/5.0 (Windows NT 10.0; WOW64) AppleWebKit/537.36 (KHTML, like Gecko) Chrome/60.0.3112.10 Safari/537.36',
  'accept' => 'image/webp,image/apng,image/*,*/*;q=0.8',
  'referer' => 'http://localhost/Blogs/public/static/css/adminStyle.css',
  'accept-encoding' => 'gzip, deflate, br',
  'accept-language' => 'zh-CN,zh;q=0.8',
)
[ info ] [ PARAM ] array (
)
[ info ] [ LOG ] INIT File
---------------------------------------------------------------
[ 2018-01-31T17:59:55+08:00 ] ::1 ::1 GET /Blogs/public/index.php/Admin/Admin/editxx
[ info ] localhost/Blogs/public/index.php/Admin/Admin/editxx [运行时间：0.484787s][吞吐率：2.06req/s] [内存消耗：2,929.36kb] [文件加载：53]
[ info ] [ LANG ] D:\wamp\www\Blogs\thinkphp\lang\zh-cn.php
[ info ] [ ROUTE ] array (
  'type' => 'module',
  'module' => 
  array (
    0 => 'Admin',
    1 => 'Admin',
    2 => 'editxx',
  ),
)
[ info ] [ HEADER ] array (
  'host' => 'localhost',
  'connection' => 'keep-alive',
  'upgrade-insecure-requests' => '1',
  'user-agent' => 'Mozilla/5.0 (Windows NT 10.0; WOW64) AppleWebKit/537.36 (KHTML, like Gecko) Chrome/60.0.3112.10 Safari/537.36',
  'accept' => 'text/html,application/xhtml+xml,application/xml;q=0.9,image/webp,image/apng,*/*;q=0.8',
  'referer' => 'http://localhost/Blogs/public/index.php/Admin/Index/top.html',
  'accept-encoding' => 'gzip, deflate, br',
  'accept-language' => 'zh-CN,zh;q=0.8',
)
[ info ] [ PARAM ] array (
)
[ info ] [ RUN ] app\Admin\controller\Admin->editxx[ D:\wamp\www\Blogs\application\admin\controller\Admin.php ]
[ info ] [ DB ] INIT mysql
[ info ] [ VIEW ] D:\wamp\www\Blogs\public/../application/admin\view\admin\editxx.html [ array (
  0 => 'info',
) ]
[ info ] [ LOG ] INIT File
[ sql ] [ DB ] CONNECT:[ UseTime:0.002290s ] mysql:host=127.0.0.1;dbname=blogs;charset=utf8
[ sql ] [ SQL ] SHOW COLUMNS FROM `admin` [ RunTime:0.057594s ]
[ sql ] [ SQL ] SELECT * FROM `admin` WHERE  `id` = 1 LIMIT 1 [ RunTime:0.000532s ]
---------------------------------------------------------------
[ 2018-01-31T17:59:56+08:00 ] ::1 ::1 GET /Blogs/public/static/images/admin_bg.png
[ info ] localhost/Blogs/public/static/images/admin_bg.png [运行时间：0.034853s][吞吐率：28.69req/s] [内存消耗：1,633.81kb] [文件加载：39]
[ info ] [ LANG ] D:\wamp\www\Blogs\thinkphp\lang\zh-cn.php
[ info ] [ ROUTE ] array (
  'type' => 'module',
  'module' => 
  array (
    0 => 'static',
    1 => 'images',
    2 => 'admin_bg.png',
  ),
)
[ info ] [ HEADER ] array (
  'host' => 'localhost',
  'connection' => 'keep-alive',
  'user-agent' => 'Mozilla/5.0 (Windows NT 10.0; WOW64) AppleWebKit/537.36 (KHTML, like Gecko) Chrome/60.0.3112.10 Safari/537.36',
  'accept' => 'image/webp,image/apng,image/*,*/*;q=0.8',
  'referer' => 'http://localhost/Blogs/public/static/css/adminStyle.css',
  'accept-encoding' => 'gzip, deflate, br',
  'accept-language' => 'zh-CN,zh;q=0.8',
)
[ info ] [ PARAM ] array (
)
[ info ] [ LOG ] INIT File
---------------------------------------------------------------
[ 2018-01-31T18:00:05+08:00 ] ::1 ::1 POST /Blogs/public/index.php/admin/admin/editxx.html
[ info ] localhost/Blogs/public/index.php/admin/admin/editxx.html [运行时间：0.054799s][吞吐率：18.25req/s] [内存消耗：2,849.07kb] [文件加载：51]
[ info ] [ LANG ] D:\wamp\www\Blogs\thinkphp\lang\zh-cn.php
[ info ] [ ROUTE ] array (
  'type' => 'module',
  'module' => 
  array (
    0 => 'admin',
    1 => 'admin',
    2 => 'editxx',
  ),
)
[ info ] [ HEADER ] array (
  'host' => 'localhost',
  'connection' => 'keep-alive',
  'content-length' => '128',
  'accept' => 'application/json, text/javascript, */*; q=0.01',
  'origin' => 'http://localhost',
  'x-requested-with' => 'XMLHttpRequest',
  'user-agent' => 'Mozilla/5.0 (Windows NT 10.0; WOW64) AppleWebKit/537.36 (KHTML, like Gecko) Chrome/60.0.3112.10 Safari/537.36',
  'content-type' => 'application/x-www-form-urlencoded; charset=UTF-8',
  'referer' => 'http://localhost/Blogs/public/index.php/Admin/Admin/editxx',
  'accept-encoding' => 'gzip, deflate, br',
  'accept-language' => 'zh-CN,zh;q=0.8',
)
[ info ] [ PARAM ] array (
  'admin_name' => '叫我大王',
  'admin_email' => '123321@qq.com',
  'admin_pwd' => '123',
  'admin_xpwd' => '321',
  'admin_phone' => '18852678507',
)
[ info ] [ RUN ] app\Admin\controller\Admin->editxx[ D:\wamp\www\Blogs\application\admin\controller\Admin.php ]
[ info ] [ DB ] INIT mysql
[ info ] [ LOG ] INIT File
[ sql ] [ DB ] CONNECT:[ UseTime:0.000910s ] mysql:host=127.0.0.1;dbname=blogs;charset=utf8
[ sql ] [ SQL ] SHOW COLUMNS FROM `admin` [ RunTime:0.009336s ]
[ sql ] [ SQL ] SELECT * FROM `admin` WHERE  `id` = 1 LIMIT 1 [ RunTime:0.000410s ]
---------------------------------------------------------------
[ 2018-01-31T18:00:12+08:00 ] ::1 ::1 POST /Blogs/public/index.php/admin/admin/editxx.html
[ info ] localhost/Blogs/public/index.php/admin/admin/editxx.html [运行时间：0.476543s][吞吐率：2.10req/s] [内存消耗：2,950.53kb] [文件加载：54]
[ info ] [ LANG ] D:\wamp\www\Blogs\thinkphp\lang\zh-cn.php
[ info ] [ ROUTE ] array (
  'type' => 'module',
  'module' => 
  array (
    0 => 'admin',
    1 => 'admin',
    2 => 'editxx',
  ),
)
[ info ] [ HEADER ] array (
  'host' => 'localhost',
  'connection' => 'keep-alive',
  'content-length' => '128',
  'accept' => 'application/json, text/javascript, */*; q=0.01',
  'origin' => 'http://localhost',
  'x-requested-with' => 'XMLHttpRequest',
  'user-agent' => 'Mozilla/5.0 (Windows NT 10.0; WOW64) AppleWebKit/537.36 (KHTML, like Gecko) Chrome/60.0.3112.10 Safari/537.36',
  'content-type' => 'application/x-www-form-urlencoded; charset=UTF-8',
  'referer' => 'http://localhost/Blogs/public/index.php/Admin/Admin/editxx',
  'accept-encoding' => 'gzip, deflate, br',
  'accept-language' => 'zh-CN,zh;q=0.8',
)
[ info ] [ PARAM ] array (
  'admin_name' => '叫我大王',
  'admin_email' => '123321@qq.com',
  'admin_pwd' => '321',
  'admin_xpwd' => '321',
  'admin_phone' => '18852678507',
)
[ info ] [ RUN ] app\Admin\controller\Admin->editxx[ D:\wamp\www\Blogs\application\admin\controller\Admin.php ]
[ info ] [ DB ] INIT mysql
[ info ] [ CACHE ] INIT File
[ info ] [ LOG ] INIT File
[ sql ] [ DB ] CONNECT:[ UseTime:0.000874s ] mysql:host=127.0.0.1;dbname=blogs;charset=utf8
[ sql ] [ SQL ] SHOW COLUMNS FROM `admin` [ RunTime:0.005739s ]
[ sql ] [ SQL ] SELECT * FROM `admin` WHERE  `id` = 1 LIMIT 1 [ RunTime:0.000366s ]
[ sql ] [ SQL ] UPDATE `admin`  SET `admin_name`='叫我大王',`admin_email`='123321@qq.com',`admin_pwd`='321',`admin_phone`=18852678507  WHERE  `id` = 1 [ RunTime:0.339510s ]
