---------------------------------------------------------------
[ 2018-02-24T07:29:43+08:00 ] ::1 ::1 GET /Blogs/public/index.php/Index/index
[ info ] localhost/Blogs/public/index.php/Index/index [运行时间：1.308178s][吞吐率：0.76req/s] [内存消耗：2,196.59kb] [文件加载：48]
[ info ] [ LANG ] D:\wamp\www\Blogs\thinkphp\lang\zh-cn.php
[ info ] [ ROUTE ] array (
  'type' => 'module',
  'module' => 
  array (
    0 => 'Index',
    1 => 'index',
    2 => NULL,
  ),
)
[ info ] [ HEADER ] array (
  'host' => 'localhost',
  'user-agent' => 'Mozilla/5.0 (Windows NT 10.0; Win64; x64; rv:58.0) Gecko/20100101 Firefox/58.0',
  'accept' => 'text/html,application/xhtml+xml,application/xml;q=0.9,*/*;q=0.8',
  'accept-language' => 'zh-CN,zh;q=0.8,zh-TW;q=0.7,zh-HK;q=0.5,en-US;q=0.3,en;q=0.2',
  'accept-encoding' => 'gzip, deflate',
  'connection' => 'keep-alive',
  'upgrade-insecure-requests' => '1',
)
[ info ] [ PARAM ] array (
)
[ info ] [ RUN ] app\index\controller\Index->index[ D:\wamp\www\Blogs\application\index\controller\Index.php ]
[ info ] [ DB ] INIT mysql
[ info ] [ LOG ] INIT File
[ error ] [2000]SQLSTATE[HY000] [2000] mysqlnd cannot connect to MySQL 4.1+ using the old insecure authentication. Please use an administration tool to reset your password with the command SET PASSWORD = PASSWORD('your_existing_password'). This will store a new, and more secure, hash value in mysql.user. If this user is used in other scripts executed by PHP 5.2 or earlier you might need to remove the old-passwords flag from your my.cnf file[D:\wamp\www\Blogs\thinkphp\library\think\db\Connection.php:293]
---------------------------------------------------------------
[ 2018-02-24T07:45:00+08:00 ] ::1 ::1 GET /Blogs/public/index.php/Index/index
[ info ] localhost/Blogs/public/index.php/Index/index [运行时间：0.130070s][吞吐率：7.69req/s] [内存消耗：2,196.91kb] [文件加载：48]
[ info ] [ LANG ] D:\wamp\www\Blogs\thinkphp\lang\zh-cn.php
[ info ] [ ROUTE ] array (
  'type' => 'module',
  'module' => 
  array (
    0 => 'Index',
    1 => 'index',
    2 => NULL,
  ),
)
[ info ] [ HEADER ] array (
  'host' => 'localhost',
  'user-agent' => 'Mozilla/5.0 (Windows NT 10.0; Win64; x64; rv:58.0) Gecko/20100101 Firefox/58.0',
  'accept' => 'text/html,application/xhtml+xml,application/xml;q=0.9,*/*;q=0.8',
  'accept-language' => 'zh-CN,zh;q=0.8,zh-TW;q=0.7,zh-HK;q=0.5,en-US;q=0.3,en;q=0.2',
  'accept-encoding' => 'gzip, deflate',
  'connection' => 'keep-alive',
  'upgrade-insecure-requests' => '1',
  'cache-control' => 'max-age=0',
)
[ info ] [ PARAM ] array (
)
[ info ] [ RUN ] app\index\controller\Index->index[ D:\wamp\www\Blogs\application\index\controller\Index.php ]
[ info ] [ DB ] INIT mysql
[ info ] [ LOG ] INIT File
[ error ] [2000]SQLSTATE[HY000] [2000] mysqlnd cannot connect to MySQL 4.1+ using the old insecure authentication. Please use an administration tool to reset your password with the command SET PASSWORD = PASSWORD('your_existing_password'). This will store a new, and more secure, hash value in mysql.user. If this user is used in other scripts executed by PHP 5.2 or earlier you might need to remove the old-passwords flag from your my.cnf file[D:\wamp\www\Blogs\thinkphp\library\think\db\Connection.php:293]
---------------------------------------------------------------
[ 2018-02-24T07:45:31+08:00 ] ::1 ::1 GET /Blogs/public/index.php/Index/index
[ info ] localhost/Blogs/public/index.php/Index/index [运行时间：0.081925s][吞吐率：12.21req/s] [内存消耗：2,196.91kb] [文件加载：48]
[ info ] [ LANG ] D:\wamp\www\Blogs\thinkphp\lang\zh-cn.php
[ info ] [ ROUTE ] array (
  'type' => 'module',
  'module' => 
  array (
    0 => 'Index',
    1 => 'index',
    2 => NULL,
  ),
)
[ info ] [ HEADER ] array (
  'host' => 'localhost',
  'user-agent' => 'Mozilla/5.0 (Windows NT 10.0; Win64; x64; rv:58.0) Gecko/20100101 Firefox/58.0',
  'accept' => 'text/html,application/xhtml+xml,application/xml;q=0.9,*/*;q=0.8',
  'accept-language' => 'zh-CN,zh;q=0.8,zh-TW;q=0.7,zh-HK;q=0.5,en-US;q=0.3,en;q=0.2',
  'accept-encoding' => 'gzip, deflate',
  'connection' => 'keep-alive',
  'upgrade-insecure-requests' => '1',
  'cache-control' => 'max-age=0',
)
[ info ] [ PARAM ] array (
)
[ info ] [ RUN ] app\index\controller\Index->index[ D:\wamp\www\Blogs\application\index\controller\Index.php ]
[ info ] [ DB ] INIT mysql
[ info ] [ LOG ] INIT File
[ error ] [2000]SQLSTATE[HY000] [2000] mysqlnd cannot connect to MySQL 4.1+ using the old insecure authentication. Please use an administration tool to reset your password with the command SET PASSWORD = PASSWORD('your_existing_password'). This will store a new, and more secure, hash value in mysql.user. If this user is used in other scripts executed by PHP 5.2 or earlier you might need to remove the old-passwords flag from your my.cnf file[D:\wamp\www\Blogs\thinkphp\library\think\db\Connection.php:293]
---------------------------------------------------------------
[ 2018-02-24T07:46:20+08:00 ] ::1 ::1 GET /Blogs/public/index.php/Index/index
[ info ] localhost/Blogs/public/index.php/Index/index [运行时间：0.087658s][吞吐率：11.41req/s] [内存消耗：2,196.48kb] [文件加载：48]
[ info ] [ LANG ] D:\wamp\www\Blogs\thinkphp\lang\zh-cn.php
[ info ] [ ROUTE ] array (
  'type' => 'module',
  'module' => 
  array (
    0 => 'Index',
    1 => 'index',
    2 => NULL,
  ),
)
[ info ] [ HEADER ] array (
  'host' => 'localhost',
  'connection' => 'keep-alive',
  'upgrade-insecure-requests' => '1',
  'user-agent' => 'Mozilla/5.0 (Windows NT 10.0; WOW64) AppleWebKit/537.36 (KHTML, like Gecko) Chrome/60.0.3112.10 Safari/537.36',
  'accept' => 'text/html,application/xhtml+xml,application/xml;q=0.9,image/webp,image/apng,*/*;q=0.8',
  'accept-encoding' => 'gzip, deflate, br',
  'accept-language' => 'zh-CN,zh;q=0.8',
)
[ info ] [ PARAM ] array (
)
[ info ] [ RUN ] app\index\controller\Index->index[ D:\wamp\www\Blogs\application\index\controller\Index.php ]
[ info ] [ DB ] INIT mysql
[ info ] [ LOG ] INIT File
[ error ] [2000]SQLSTATE[HY000] [2000] mysqlnd cannot connect to MySQL 4.1+ using the old insecure authentication. Please use an administration tool to reset your password with the command SET PASSWORD = PASSWORD('your_existing_password'). This will store a new, and more secure, hash value in mysql.user. If this user is used in other scripts executed by PHP 5.2 or earlier you might need to remove the old-passwords flag from your my.cnf file[D:\wamp\www\Blogs\thinkphp\library\think\db\Connection.php:293]
---------------------------------------------------------------
[ 2018-02-24T07:47:06+08:00 ] ::1 ::1 GET /Blogs/public/index.php/Admin/Index/index
[ info ] localhost/Blogs/public/index.php/Admin/Index/index [运行时间：0.074161s][吞吐率：13.48req/s] [内存消耗：1,973.74kb] [文件加载：47]
[ info ] [ LANG ] D:\wamp\www\Blogs\thinkphp\lang\zh-cn.php
[ info ] [ ROUTE ] array (
  'type' => 'module',
  'module' => 
  array (
    0 => 'Admin',
    1 => 'Index',
    2 => 'index',
  ),
)
[ info ] [ HEADER ] array (
  'host' => 'localhost',
  'user-agent' => 'Mozilla/5.0 (Windows NT 10.0; Win64; x64; rv:58.0) Gecko/20100101 Firefox/58.0',
  'accept' => 'text/html,application/xhtml+xml,application/xml;q=0.9,*/*;q=0.8',
  'accept-language' => 'zh-CN,zh;q=0.8,zh-TW;q=0.7,zh-HK;q=0.5,en-US;q=0.3,en;q=0.2',
  'accept-encoding' => 'gzip, deflate',
  'connection' => 'keep-alive',
  'upgrade-insecure-requests' => '1',
)
[ info ] [ PARAM ] array (
)
[ info ] [ RUN ] app\admin\controller\Index->index[ D:\wamp\www\Blogs\application\admin\controller\Index.php ]
[ info ] [ LOG ] INIT File
[ error ] [2]Missing argument 1 for think\Session::has(), called in D:\wamp\www\Blogs\application\admin\controller\Index.php on line 12 and defined[D:\wamp\www\Blogs\thinkphp\library\think\Session.php:293]
---------------------------------------------------------------
[ 2018-02-24T07:52:44+08:00 ] ::1 ::1 GET /Blogs/public/index.php/Index/index
[ info ] localhost/Blogs/public/index.php/Index/index [运行时间：0.101482s][吞吐率：9.85req/s] [内存消耗：2,197.05kb] [文件加载：48]
[ info ] [ LANG ] D:\wamp\www\Blogs\thinkphp\lang\zh-cn.php
[ info ] [ ROUTE ] array (
  'type' => 'module',
  'module' => 
  array (
    0 => 'Index',
    1 => 'index',
    2 => NULL,
  ),
)
[ info ] [ HEADER ] array (
  'host' => 'localhost',
  'user-agent' => 'Mozilla/5.0 (Windows NT 10.0; Win64; x64; rv:58.0) Gecko/20100101 Firefox/58.0',
  'accept' => 'text/html,application/xhtml+xml,application/xml;q=0.9,*/*;q=0.8',
  'accept-language' => 'zh-CN,zh;q=0.8,zh-TW;q=0.7,zh-HK;q=0.5,en-US;q=0.3,en;q=0.2',
  'accept-encoding' => 'gzip, deflate',
  'cookie' => 'PHPSESSID=elhe9rckquuc2t6vvt0f8p1l64',
  'connection' => 'keep-alive',
  'upgrade-insecure-requests' => '1',
  'cache-control' => 'max-age=0',
)
[ info ] [ PARAM ] array (
)
[ info ] [ RUN ] app\index\controller\Index->index[ D:\wamp\www\Blogs\application\index\controller\Index.php ]
[ info ] [ DB ] INIT mysql
[ info ] [ LOG ] INIT File
[ error ] [2000]SQLSTATE[HY000] [2000] mysqlnd cannot connect to MySQL 4.1+ using the old insecure authentication. Please use an administration tool to reset your password with the command SET PASSWORD = PASSWORD('your_existing_password'). This will store a new, and more secure, hash value in mysql.user. If this user is used in other scripts executed by PHP 5.2 or earlier you might need to remove the old-passwords flag from your my.cnf file[D:\wamp\www\Blogs\thinkphp\library\think\db\Connection.php:293]
---------------------------------------------------------------
[ 2018-02-24T08:01:21+08:00 ] ::1 ::1 GET /Blogs/public/index.php/Index/index
[ info ] localhost/Blogs/public/index.php/Index/index [运行时间：0.496178s][吞吐率：2.02req/s] [内存消耗：3,283.05kb] [文件加载：55]
[ info ] [ LANG ] D:\wamp\www\Blogs\thinkphp\lang\zh-cn.php
[ info ] [ ROUTE ] array (
  'type' => 'module',
  'module' => 
  array (
    0 => 'Index',
    1 => 'index',
    2 => NULL,
  ),
)
[ info ] [ HEADER ] array (
  'host' => 'localhost',
  'user-agent' => 'Mozilla/5.0 (Windows NT 10.0; Win64; x64; rv:58.0) Gecko/20100101 Firefox/58.0',
  'accept' => 'text/html,application/xhtml+xml,application/xml;q=0.9,*/*;q=0.8',
  'accept-language' => 'zh-CN,zh;q=0.8,zh-TW;q=0.7,zh-HK;q=0.5,en-US;q=0.3,en;q=0.2',
  'accept-encoding' => 'gzip, deflate',
  'cookie' => 'PHPSESSID=elhe9rckquuc2t6vvt0f8p1l64',
  'connection' => 'keep-alive',
  'upgrade-insecure-requests' => '1',
  'cache-control' => 'max-age=0',
)
[ info ] [ PARAM ] array (
)
[ info ] [ RUN ] app\index\controller\Index->index[ D:\wamp\www\Blogs\application\index\controller\Index.php ]
[ info ] [ DB ] INIT mysql
[ info ] [ VIEW ] D:\wamp\www\Blogs\public/../application/index\view\index\index.html [ array (
  0 => 'tui0',
  1 => 'tui1',
  2 => 'tui2',
  3 => 'tui3',
  4 => 'tui4',
  5 => 'tuij',
  6 => 'Info',
  7 => 'click',
) ]
[ info ] [ LOG ] INIT File
[ sql ] [ DB ] CONNECT:[ UseTime:0.000973s ] mysql:host=127.0.0.1;dbname=blogs;charset=utf8
[ sql ] [ SQL ] select id ,arti_title,ad_time,arti_contents,clicksum,lei from article_php
                          UNION ALL 
                          select id ,arti_title,ad_time,arti_contents ,clicksum,lei from article_qian
                          UNION ALL 
                          select id ,arti_title,ad_time,arti_contents ,clicksum,lei from article_linux
                          UNION ALL 
                          select id ,arti_title,ad_time,arti_contents ,clicksum,lei from article_mysql
                          UNION ALL 
                          select id ,arti_title,ad_time,arti_contents ,clicksum,lei from article_blog
                          UNION ALL 
                          select id ,arti_title,ad_time,arti_contents ,clicksum,lei from article_zatan
                          ORDER BY ad_time DESC limit 5 [ RunTime:0.213502s ]
[ sql ] [ SQL ] select id,arti_title,clicksum,lei from article_php
                          UNION ALL
                          select id,arti_title,clicksum,lei from article_qian
                          UNION ALL
                          select id,arti_title,clicksum,lei from article_linux
                          UNION ALL
                          select id,arti_title,clicksum,lei from article_mysql
                          UNION ALL
                          select id,arti_title,clicksum,lei from article_blog
                          UNION ALL
                          select id,arti_title,clicksum,lei from article_zatan
                          ORDER BY clicksum DESC limit 5 [ RunTime:0.000661s ]
[ sql ] [ SQL ] SHOW COLUMNS FROM `tuijian` [ RunTime:0.055066s ]
[ sql ] [ SQL ] SELECT * FROM `tuijian` LIMIT 5 [ RunTime:0.000372s ]
[ sql ] [ SQL ] SHOW COLUMNS FROM `article_qian` [ RunTime:0.003664s ]
[ sql ] [ SQL ] SELECT * FROM `article_qian` WHERE  `id` = 1 LIMIT 1 [ RunTime:0.000416s ]
[ sql ] [ SQL ] SELECT * FROM `article_qian` WHERE  `id` = 2 LIMIT 1 [ RunTime:0.000358s ]
[ sql ] [ SQL ] SELECT * FROM `article_qian` WHERE  `id` = 3 LIMIT 1 [ RunTime:0.000357s ]
[ sql ] [ SQL ] SHOW COLUMNS FROM `article_php` [ RunTime:0.003523s ]
[ sql ] [ SQL ] SELECT * FROM `article_php` WHERE  `id` = 1 LIMIT 1 [ RunTime:0.000369s ]
[ sql ] [ SQL ] SELECT * FROM `article_php` WHERE  `id` = 2 LIMIT 1 [ RunTime:0.000493s ]
---------------------------------------------------------------
[ 2018-02-24T08:01:46+08:00 ] ::1 ::1 GET /Blogs/public/index.php/Admin/Index/index
[ info ] localhost/Blogs/public/index.php/Admin/Index/index [运行时间：0.029304s][吞吐率：34.13req/s] [内存消耗：1,974.31kb] [文件加载：47]
[ info ] [ LANG ] D:\wamp\www\Blogs\thinkphp\lang\zh-cn.php
[ info ] [ ROUTE ] array (
  'type' => 'module',
  'module' => 
  array (
    0 => 'Admin',
    1 => 'Index',
    2 => 'index',
  ),
)
[ info ] [ HEADER ] array (
  'host' => 'localhost',
  'user-agent' => 'Mozilla/5.0 (Windows NT 10.0; Win64; x64; rv:58.0) Gecko/20100101 Firefox/58.0',
  'accept' => 'text/html,application/xhtml+xml,application/xml;q=0.9,*/*;q=0.8',
  'accept-language' => 'zh-CN,zh;q=0.8,zh-TW;q=0.7,zh-HK;q=0.5,en-US;q=0.3,en;q=0.2',
  'accept-encoding' => 'gzip, deflate',
  'cookie' => 'PHPSESSID=elhe9rckquuc2t6vvt0f8p1l64',
  'connection' => 'keep-alive',
  'upgrade-insecure-requests' => '1',
  'cache-control' => 'max-age=0',
)
[ info ] [ PARAM ] array (
)
[ info ] [ RUN ] app\admin\controller\Index->index[ D:\wamp\www\Blogs\application\admin\controller\Index.php ]
[ info ] [ LOG ] INIT File
[ error ] [2]Missing argument 1 for think\Session::has(), called in D:\wamp\www\Blogs\application\admin\controller\Index.php on line 12 and defined[D:\wamp\www\Blogs\thinkphp\library\think\Session.php:293]
---------------------------------------------------------------
[ 2018-02-24T08:01:47+08:00 ] ::1 ::1 GET /Blogs/public/index.php/Admin/Index/index
[ info ] localhost/Blogs/public/index.php/Admin/Index/index [运行时间：0.027935s][吞吐率：35.80req/s] [内存消耗：1,974.31kb] [文件加载：47]
[ info ] [ LANG ] D:\wamp\www\Blogs\thinkphp\lang\zh-cn.php
[ info ] [ ROUTE ] array (
  'type' => 'module',
  'module' => 
  array (
    0 => 'Admin',
    1 => 'Index',
    2 => 'index',
  ),
)
[ info ] [ HEADER ] array (
  'host' => 'localhost',
  'user-agent' => 'Mozilla/5.0 (Windows NT 10.0; Win64; x64; rv:58.0) Gecko/20100101 Firefox/58.0',
  'accept' => 'text/html,application/xhtml+xml,application/xml;q=0.9,*/*;q=0.8',
  'accept-language' => 'zh-CN,zh;q=0.8,zh-TW;q=0.7,zh-HK;q=0.5,en-US;q=0.3,en;q=0.2',
  'accept-encoding' => 'gzip, deflate',
  'cookie' => 'PHPSESSID=elhe9rckquuc2t6vvt0f8p1l64',
  'connection' => 'keep-alive',
  'upgrade-insecure-requests' => '1',
  'cache-control' => 'max-age=0',
)
[ info ] [ PARAM ] array (
)
[ info ] [ RUN ] app\admin\controller\Index->index[ D:\wamp\www\Blogs\application\admin\controller\Index.php ]
[ info ] [ LOG ] INIT File
[ error ] [2]Missing argument 1 for think\Session::has(), called in D:\wamp\www\Blogs\application\admin\controller\Index.php on line 12 and defined[D:\wamp\www\Blogs\thinkphp\library\think\Session.php:293]
---------------------------------------------------------------
[ 2018-02-24T08:01:48+08:00 ] ::1 ::1 GET /Blogs/public/index.php/Admin/Index/index
[ info ] localhost/Blogs/public/index.php/Admin/Index/index [运行时间：0.028331s][吞吐率：35.30req/s] [内存消耗：1,974.31kb] [文件加载：47]
[ info ] [ LANG ] D:\wamp\www\Blogs\thinkphp\lang\zh-cn.php
[ info ] [ ROUTE ] array (
  'type' => 'module',
  'module' => 
  array (
    0 => 'Admin',
    1 => 'Index',
    2 => 'index',
  ),
)
[ info ] [ HEADER ] array (
  'host' => 'localhost',
  'user-agent' => 'Mozilla/5.0 (Windows NT 10.0; Win64; x64; rv:58.0) Gecko/20100101 Firefox/58.0',
  'accept' => 'text/html,application/xhtml+xml,application/xml;q=0.9,*/*;q=0.8',
  'accept-language' => 'zh-CN,zh;q=0.8,zh-TW;q=0.7,zh-HK;q=0.5,en-US;q=0.3,en;q=0.2',
  'accept-encoding' => 'gzip, deflate',
  'cookie' => 'PHPSESSID=elhe9rckquuc2t6vvt0f8p1l64',
  'connection' => 'keep-alive',
  'upgrade-insecure-requests' => '1',
  'cache-control' => 'max-age=0',
)
[ info ] [ PARAM ] array (
)
[ info ] [ RUN ] app\admin\controller\Index->index[ D:\wamp\www\Blogs\application\admin\controller\Index.php ]
[ info ] [ LOG ] INIT File
[ error ] [2]Missing argument 1 for think\Session::has(), called in D:\wamp\www\Blogs\application\admin\controller\Index.php on line 12 and defined[D:\wamp\www\Blogs\thinkphp\library\think\Session.php:293]
---------------------------------------------------------------
[ 2018-02-24T08:02:57+08:00 ] ::1 ::1 GET /Blogs/public/index.php/Admin/Index/login
[ info ] localhost/Blogs/public/index.php/Admin/Index/login [运行时间：0.072864s][吞吐率：13.72req/s] [内存消耗：1,934.40kb] [文件加载：45]
[ info ] [ LANG ] D:\wamp\www\Blogs\thinkphp\lang\zh-cn.php
[ info ] [ ROUTE ] array (
  'type' => 'module',
  'module' => 
  array (
    0 => 'Admin',
    1 => 'Index',
    2 => 'login',
  ),
)
[ info ] [ HEADER ] array (
  'host' => 'localhost',
  'user-agent' => 'Mozilla/5.0 (Windows NT 10.0; Win64; x64; rv:58.0) Gecko/20100101 Firefox/58.0',
  'accept' => 'text/html,application/xhtml+xml,application/xml;q=0.9,*/*;q=0.8',
  'accept-language' => 'zh-CN,zh;q=0.8,zh-TW;q=0.7,zh-HK;q=0.5,en-US;q=0.3,en;q=0.2',
  'accept-encoding' => 'gzip, deflate',
  'cookie' => 'PHPSESSID=elhe9rckquuc2t6vvt0f8p1l64',
  'connection' => 'keep-alive',
  'upgrade-insecure-requests' => '1',
)
[ info ] [ PARAM ] array (
)
[ info ] [ RUN ] app\admin\controller\Index->login[ D:\wamp\www\Blogs\application\admin\controller\Index.php ]
[ info ] [ VIEW ] D:\wamp\www\Blogs\public/../application/admin\view\index\login.html [ array (
) ]
[ info ] [ LOG ] INIT File
---------------------------------------------------------------
[ 2018-02-24T08:03:02+08:00 ] ::1 ::1 GET /Blogs/public/index.php/Admin/Index/login
[ info ] localhost/Blogs/public/index.php/Admin/Index/login [运行时间：0.025810s][吞吐率：38.74req/s] [内存消耗：1,934.67kb] [文件加载：45]
[ info ] [ LANG ] D:\wamp\www\Blogs\thinkphp\lang\zh-cn.php
[ info ] [ ROUTE ] array (
  'type' => 'module',
  'module' => 
  array (
    0 => 'Admin',
    1 => 'Index',
    2 => 'login',
  ),
)
[ info ] [ HEADER ] array (
  'host' => 'localhost',
  'user-agent' => 'Mozilla/5.0 (Windows NT 10.0; Win64; x64; rv:58.0) Gecko/20100101 Firefox/58.0',
  'accept' => 'text/html,application/xhtml+xml,application/xml;q=0.9,*/*;q=0.8',
  'accept-language' => 'zh-CN,zh;q=0.8,zh-TW;q=0.7,zh-HK;q=0.5,en-US;q=0.3,en;q=0.2',
  'accept-encoding' => 'gzip, deflate',
  'connection' => 'keep-alive',
  'upgrade-insecure-requests' => '1',
  'pragma' => 'no-cache',
  'cache-control' => 'no-cache',
)
[ info ] [ PARAM ] array (
)
[ info ] [ RUN ] app\admin\controller\Index->login[ D:\wamp\www\Blogs\application\admin\controller\Index.php ]
[ info ] [ VIEW ] D:\wamp\www\Blogs\public/../application/admin\view\index\login.html [ array (
) ]
[ info ] [ LOG ] INIT File
---------------------------------------------------------------
[ 2018-02-24T08:03:24+08:00 ] ::1 ::1 POST /Blogs/public/index.php/Admin/Index/login
[ info ] localhost/Blogs/public/index.php/Admin/Index/login [运行时间：0.130098s][吞吐率：7.69req/s] [内存消耗：2,799.70kb] [文件加载：52]
[ info ] [ LANG ] D:\wamp\www\Blogs\thinkphp\lang\zh-cn.php
[ info ] [ ROUTE ] array (
  'type' => 'module',
  'module' => 
  array (
    0 => 'Admin',
    1 => 'Index',
    2 => 'login',
  ),
)
[ info ] [ HEADER ] array (
  'host' => 'localhost',
  'user-agent' => 'Mozilla/5.0 (Windows NT 10.0; Win64; x64; rv:58.0) Gecko/20100101 Firefox/58.0',
  'accept' => 'text/html,application/xhtml+xml,application/xml;q=0.9,*/*;q=0.8',
  'accept-language' => 'zh-CN,zh;q=0.8,zh-TW;q=0.7,zh-HK;q=0.5,en-US;q=0.3,en;q=0.2',
  'accept-encoding' => 'gzip, deflate',
  'referer' => 'http://localhost/Blogs/public/index.php/Admin/Index/login',
  'content-type' => 'application/x-www-form-urlencoded',
  'content-length' => '49',
  'cookie' => 'PHPSESSID=elhe9rckquuc2t6vvt0f8p1l64',
  'connection' => 'keep-alive',
  'upgrade-insecure-requests' => '1',
)
[ info ] [ PARAM ] array (
  'name' => '叫我大王',
  'pwd' => '321',
)
[ info ] [ RUN ] app\admin\controller\Index->login[ D:\wamp\www\Blogs\application\admin\controller\Index.php ]
[ info ] [ DB ] INIT mysql
[ info ] [ SESSION ] INIT array (
  'id' => '',
  'var_session_id' => '',
  'prefix' => 'think',
  'type' => '',
  'auto_start' => true,
)
[ info ] [ VIEW ] D:\wamp\www\Blogs\public/../application/admin\view\Index\index.html [ array (
) ]
[ info ] [ LOG ] INIT File
[ sql ] [ DB ] CONNECT:[ UseTime:0.000820s ] mysql:host=127.0.0.1;dbname=blogs;charset=utf8
[ sql ] [ SQL ] SHOW COLUMNS FROM `admin` [ RunTime:0.049802s ]
[ sql ] [ SQL ] SELECT * FROM `admin` WHERE  `admin_name` = '叫我大王'  AND `admin_pwd` = '321' [ RunTime:0.000482s ]
---------------------------------------------------------------
[ 2018-02-24T08:03:24+08:00 ] ::1 ::1 GET /Blogs/public/index.php/Admin/Index/menu.html
[ info ] localhost/Blogs/public/index.php/Admin/Index/menu.html [运行时间：0.078372s][吞吐率：12.76req/s] [内存消耗：1,934.80kb] [文件加载：45]
[ info ] [ LANG ] D:\wamp\www\Blogs\thinkphp\lang\zh-cn.php
[ info ] [ ROUTE ] array (
  'type' => 'module',
  'module' => 
  array (
    0 => 'Admin',
    1 => 'Index',
    2 => 'menu',
  ),
)
[ info ] [ HEADER ] array (
  'host' => 'localhost',
  'user-agent' => 'Mozilla/5.0 (Windows NT 10.0; Win64; x64; rv:58.0) Gecko/20100101 Firefox/58.0',
  'accept' => 'text/html,application/xhtml+xml,application/xml;q=0.9,*/*;q=0.8',
  'accept-language' => 'zh-CN,zh;q=0.8,zh-TW;q=0.7,zh-HK;q=0.5,en-US;q=0.3,en;q=0.2',
  'accept-encoding' => 'gzip, deflate',
  'referer' => 'http://localhost/Blogs/public/index.php/Admin/Index/login',
  'cookie' => 'PHPSESSID=elhe9rckquuc2t6vvt0f8p1l64',
  'connection' => 'keep-alive',
  'upgrade-insecure-requests' => '1',
)
[ info ] [ PARAM ] array (
)
[ info ] [ RUN ] app\admin\controller\Index->menu[ D:\wamp\www\Blogs\application\admin\controller\Index.php ]
[ info ] [ VIEW ] D:\wamp\www\Blogs\public/../application/admin\view\index\menu.html [ array (
) ]
[ info ] [ LOG ] INIT File
---------------------------------------------------------------
[ 2018-02-24T08:03:24+08:00 ] ::1 ::1 GET /Blogs/public/index.php/Admin/Index/main.html
[ info ] localhost/Blogs/public/index.php/Admin/Index/main.html [运行时间：0.096339s][吞吐率：10.38req/s] [内存消耗：1,934.81kb] [文件加载：45]
[ info ] [ LANG ] D:\wamp\www\Blogs\thinkphp\lang\zh-cn.php
[ info ] [ ROUTE ] array (
  'type' => 'module',
  'module' => 
  array (
    0 => 'Admin',
    1 => 'Index',
    2 => 'main',
  ),
)
[ info ] [ HEADER ] array (
  'host' => 'localhost',
  'user-agent' => 'Mozilla/5.0 (Windows NT 10.0; Win64; x64; rv:58.0) Gecko/20100101 Firefox/58.0',
  'accept' => 'text/html,application/xhtml+xml,application/xml;q=0.9,*/*;q=0.8',
  'accept-language' => 'zh-CN,zh;q=0.8,zh-TW;q=0.7,zh-HK;q=0.5,en-US;q=0.3,en;q=0.2',
  'accept-encoding' => 'gzip, deflate',
  'referer' => 'http://localhost/Blogs/public/index.php/Admin/Index/login',
  'cookie' => 'PHPSESSID=elhe9rckquuc2t6vvt0f8p1l64',
  'connection' => 'keep-alive',
  'upgrade-insecure-requests' => '1',
)
[ info ] [ PARAM ] array (
)
[ info ] [ RUN ] app\admin\controller\Index->main[ D:\wamp\www\Blogs\application\admin\controller\Index.php ]
[ info ] [ VIEW ] D:\wamp\www\Blogs\public/../application/admin\view\index\main.html [ array (
) ]
[ info ] [ LOG ] INIT File
---------------------------------------------------------------
[ 2018-02-24T08:03:24+08:00 ] ::1 ::1 GET /Blogs/public/index.php/Admin/Index/bar.html
[ info ] localhost/Blogs/public/index.php/Admin/Index/bar.html [运行时间：0.111786s][吞吐率：8.95req/s] [内存消耗：1,934.80kb] [文件加载：45]
[ info ] [ LANG ] D:\wamp\www\Blogs\thinkphp\lang\zh-cn.php
[ info ] [ ROUTE ] array (
  'type' => 'module',
  'module' => 
  array (
    0 => 'Admin',
    1 => 'Index',
    2 => 'bar',
  ),
)
[ info ] [ HEADER ] array (
  'host' => 'localhost',
  'user-agent' => 'Mozilla/5.0 (Windows NT 10.0; Win64; x64; rv:58.0) Gecko/20100101 Firefox/58.0',
  'accept' => 'text/html,application/xhtml+xml,application/xml;q=0.9,*/*;q=0.8',
  'accept-language' => 'zh-CN,zh;q=0.8,zh-TW;q=0.7,zh-HK;q=0.5,en-US;q=0.3,en;q=0.2',
  'accept-encoding' => 'gzip, deflate',
  'referer' => 'http://localhost/Blogs/public/index.php/Admin/Index/login',
  'cookie' => 'PHPSESSID=elhe9rckquuc2t6vvt0f8p1l64',
  'connection' => 'keep-alive',
  'upgrade-insecure-requests' => '1',
)
[ info ] [ PARAM ] array (
)
[ info ] [ RUN ] app\admin\controller\Index->bar[ D:\wamp\www\Blogs\application\admin\controller\Index.php ]
[ info ] [ VIEW ] D:\wamp\www\Blogs\public/../application/admin\view\index\bar.html [ array (
) ]
[ info ] [ LOG ] INIT File
---------------------------------------------------------------
[ 2018-02-24T08:03:24+08:00 ] ::1 ::1 GET /Blogs/public/index.php/Admin/Index/top.html
[ info ] localhost/Blogs/public/index.php/Admin/Index/top.html [运行时间：0.131100s][吞吐率：7.63req/s] [内存消耗：1,937.02kb] [文件加载：45]
[ info ] [ LANG ] D:\wamp\www\Blogs\thinkphp\lang\zh-cn.php
[ info ] [ ROUTE ] array (
  'type' => 'module',
  'module' => 
  array (
    0 => 'Admin',
    1 => 'Index',
    2 => 'top',
  ),
)
[ info ] [ HEADER ] array (
  'host' => 'localhost',
  'user-agent' => 'Mozilla/5.0 (Windows NT 10.0; Win64; x64; rv:58.0) Gecko/20100101 Firefox/58.0',
  'accept' => 'text/html,application/xhtml+xml,application/xml;q=0.9,*/*;q=0.8',
  'accept-language' => 'zh-CN,zh;q=0.8,zh-TW;q=0.7,zh-HK;q=0.5,en-US;q=0.3,en;q=0.2',
  'accept-encoding' => 'gzip, deflate',
  'referer' => 'http://localhost/Blogs/public/index.php/Admin/Index/login',
  'cookie' => 'PHPSESSID=elhe9rckquuc2t6vvt0f8p1l64',
  'connection' => 'keep-alive',
  'upgrade-insecure-requests' => '1',
)
[ info ] [ PARAM ] array (
)
[ info ] [ RUN ] app\admin\controller\Index->top[ D:\wamp\www\Blogs\application\admin\controller\Index.php ]
[ info ] [ SESSION ] INIT array (
  'id' => '',
  'var_session_id' => '',
  'prefix' => 'think',
  'type' => '',
  'auto_start' => true,
)
[ info ] [ VIEW ] D:\wamp\www\Blogs\public/../application/admin\view\index\top.html [ array (
  0 => 'name',
) ]
[ info ] [ LOG ] INIT File
---------------------------------------------------------------
[ 2018-02-24T08:03:24+08:00 ] ::1 ::1 GET /Blogs/public/static/css/_IMG_/admin_bg.png
[ info ] localhost/Blogs/public/static/css/_IMG_/admin_bg.png [运行时间：0.053037s][吞吐率：18.85req/s] [内存消耗：1,633.94kb] [文件加载：39]
[ info ] [ LANG ] D:\wamp\www\Blogs\thinkphp\lang\zh-cn.php
[ info ] [ ROUTE ] array (
  'type' => 'module',
  'module' => 
  array (
    0 => 'static',
    1 => 'css',
    2 => '_IMG_',
  ),
)
[ info ] [ HEADER ] array (
  'host' => 'localhost',
  'user-agent' => 'Mozilla/5.0 (Windows NT 10.0; Win64; x64; rv:58.0) Gecko/20100101 Firefox/58.0',
  'accept' => '*/*',
  'accept-language' => 'zh-CN,zh;q=0.8,zh-TW;q=0.7,zh-HK;q=0.5,en-US;q=0.3,en;q=0.2',
  'accept-encoding' => 'gzip, deflate',
  'referer' => 'http://localhost/Blogs/public/static/css/adminStyle.css',
  'cookie' => 'PHPSESSID=elhe9rckquuc2t6vvt0f8p1l64',
  'connection' => 'keep-alive',
)
[ info ] [ PARAM ] array (
)
[ info ] [ LOG ] INIT File
---------------------------------------------------------------
[ 2018-02-24T08:04:47+08:00 ] ::1 ::1 GET /Blogs/public/index.php/Index/index
[ info ] localhost/Blogs/public/index.php/Index/index [运行时间：0.064735s][吞吐率：15.45req/s] [内存消耗：3,283.05kb] [文件加载：55]
[ info ] [ LANG ] D:\wamp\www\Blogs\thinkphp\lang\zh-cn.php
[ info ] [ ROUTE ] array (
  'type' => 'module',
  'module' => 
  array (
    0 => 'Index',
    1 => 'index',
    2 => NULL,
  ),
)
[ info ] [ HEADER ] array (
  'host' => 'localhost',
  'user-agent' => 'Mozilla/5.0 (Windows NT 10.0; Win64; x64; rv:58.0) Gecko/20100101 Firefox/58.0',
  'accept' => 'text/html,application/xhtml+xml,application/xml;q=0.9,*/*;q=0.8',
  'accept-language' => 'zh-CN,zh;q=0.8,zh-TW;q=0.7,zh-HK;q=0.5,en-US;q=0.3,en;q=0.2',
  'accept-encoding' => 'gzip, deflate',
  'cookie' => 'PHPSESSID=elhe9rckquuc2t6vvt0f8p1l64',
  'connection' => 'keep-alive',
  'upgrade-insecure-requests' => '1',
  'cache-control' => 'max-age=0',
)
[ info ] [ PARAM ] array (
)
[ info ] [ RUN ] app\index\controller\Index->index[ D:\wamp\www\Blogs\application\index\controller\Index.php ]
[ info ] [ DB ] INIT mysql
[ info ] [ VIEW ] D:\wamp\www\Blogs\public/../application/index\view\index\index.html [ array (
  0 => 'tui0',
  1 => 'tui1',
  2 => 'tui2',
  3 => 'tui3',
  4 => 'tui4',
  5 => 'tuij',
  6 => 'Info',
  7 => 'click',
) ]
[ info ] [ LOG ] INIT File
[ sql ] [ DB ] CONNECT:[ UseTime:0.000921s ] mysql:host=127.0.0.1;dbname=blogs;charset=utf8
[ sql ] [ SQL ] select id ,arti_title,ad_time,arti_contents,clicksum,lei from article_php
                          UNION ALL 
                          select id ,arti_title,ad_time,arti_contents ,clicksum,lei from article_qian
                          UNION ALL 
                          select id ,arti_title,ad_time,arti_contents ,clicksum,lei from article_linux
                          UNION ALL 
                          select id ,arti_title,ad_time,arti_contents ,clicksum,lei from article_mysql
                          UNION ALL 
                          select id ,arti_title,ad_time,arti_contents ,clicksum,lei from article_blog
                          UNION ALL 
                          select id ,arti_title,ad_time,arti_contents ,clicksum,lei from article_zatan
                          ORDER BY ad_time DESC limit 5 [ RunTime:0.004319s ]
[ sql ] [ SQL ] select id,arti_title,clicksum,lei from article_php
                          UNION ALL
                          select id,arti_title,clicksum,lei from article_qian
                          UNION ALL
                          select id,arti_title,clicksum,lei from article_linux
                          UNION ALL
                          select id,arti_title,clicksum,lei from article_mysql
                          UNION ALL
                          select id,arti_title,clicksum,lei from article_blog
                          UNION ALL
                          select id,arti_title,clicksum,lei from article_zatan
                          ORDER BY clicksum DESC limit 5 [ RunTime:0.000636s ]
[ sql ] [ SQL ] SHOW COLUMNS FROM `tuijian` [ RunTime:0.003501s ]
[ sql ] [ SQL ] SELECT * FROM `tuijian` LIMIT 5 [ RunTime:0.000348s ]
[ sql ] [ SQL ] SHOW COLUMNS FROM `article_qian` [ RunTime:0.003386s ]
[ sql ] [ SQL ] SELECT * FROM `article_qian` WHERE  `id` = 1 LIMIT 1 [ RunTime:0.000386s ]
[ sql ] [ SQL ] SELECT * FROM `article_qian` WHERE  `id` = 2 LIMIT 1 [ RunTime:0.000338s ]
[ sql ] [ SQL ] SELECT * FROM `article_qian` WHERE  `id` = 3 LIMIT 1 [ RunTime:0.000337s ]
[ sql ] [ SQL ] SHOW COLUMNS FROM `article_php` [ RunTime:0.004325s ]
[ sql ] [ SQL ] SELECT * FROM `article_php` WHERE  `id` = 1 LIMIT 1 [ RunTime:0.000381s ]
[ sql ] [ SQL ] SELECT * FROM `article_php` WHERE  `id` = 2 LIMIT 1 [ RunTime:0.000332s ]
---------------------------------------------------------------
[ 2018-02-24T08:07:08+08:00 ] ::1 ::1 GET /Blogs/public/index.php/Index/index/fenlei?biao=article_php
[ info ] localhost/Blogs/public/index.php/Index/index/fenlei?biao=article_php [运行时间：0.215786s][吞吐率：4.63req/s] [内存消耗：3,306.52kb] [文件加载：58]
[ info ] [ LANG ] D:\wamp\www\Blogs\thinkphp\lang\zh-cn.php
[ info ] [ ROUTE ] array (
  'type' => 'module',
  'module' => 
  array (
    0 => 'Index',
    1 => 'index',
    2 => 'fenlei',
  ),
)
[ info ] [ HEADER ] array (
  'host' => 'localhost',
  'user-agent' => 'Mozilla/5.0 (Windows NT 10.0; Win64; x64; rv:58.0) Gecko/20100101 Firefox/58.0',
  'accept' => 'text/html,application/xhtml+xml,application/xml;q=0.9,*/*;q=0.8',
  'accept-language' => 'zh-CN,zh;q=0.8,zh-TW;q=0.7,zh-HK;q=0.5,en-US;q=0.3,en;q=0.2',
  'accept-encoding' => 'gzip, deflate',
  'referer' => 'http://localhost/Blogs/public/index.php/Index/index',
  'cookie' => 'PHPSESSID=elhe9rckquuc2t6vvt0f8p1l64',
  'connection' => 'keep-alive',
  'upgrade-insecure-requests' => '1',
)
[ info ] [ PARAM ] array (
  'biao' => 'article_php',
)
[ info ] [ RUN ] app\index\controller\Index->fenlei[ D:\wamp\www\Blogs\application\index\controller\Index.php ]
[ info ] [ DB ] INIT mysql
[ info ] [ VIEW ] D:\wamp\www\Blogs\public/../application/index\view\index\fenlei.html [ array (
  0 => 'tui0',
  1 => 'tui1',
  2 => 'tui2',
  3 => 'tui3',
  4 => 'tui4',
  5 => 'tuij',
  6 => 'biao',
  7 => 'Info',
  8 => 'click',
) ]
[ info ] [ LOG ] INIT File
[ sql ] [ DB ] CONNECT:[ UseTime:0.000939s ] mysql:host=127.0.0.1;dbname=blogs;charset=utf8
[ sql ] [ SQL ] SHOW COLUMNS FROM `article_php` [ RunTime:0.003760s ]
[ sql ] [ SQL ] SELECT COUNT(*) AS tp_count FROM `article_php` LIMIT 1 [ RunTime:0.034641s ]
[ sql ] [ SQL ] SELECT * FROM `article_php` LIMIT 0,5 [ RunTime:0.000423s ]
[ sql ] [ SQL ] select id,arti_title,clicksum,lei from article_php
                          UNION ALL
                          select id,arti_title,clicksum,lei from article_qian
                          UNION ALL
                          select id,arti_title,clicksum,lei from article_linux
                          UNION ALL
                          select id,arti_title,clicksum,lei from article_mysql
                          UNION ALL
                          select id,arti_title,clicksum,lei from article_blog
                          UNION ALL
                          select id,arti_title,clicksum,lei from article_zatan
                          ORDER BY clicksum DESC limit 5 [ RunTime:0.000726s ]
[ sql ] [ SQL ] SHOW COLUMNS FROM `tuijian` [ RunTime:0.003792s ]
[ sql ] [ SQL ] SELECT * FROM `tuijian` LIMIT 5 [ RunTime:0.000379s ]
[ sql ] [ SQL ] SHOW COLUMNS FROM `article_qian` [ RunTime:0.003727s ]
[ sql ] [ SQL ] SELECT * FROM `article_qian` WHERE  `id` = 1 LIMIT 1 [ RunTime:0.000394s ]
[ sql ] [ SQL ] SELECT * FROM `article_qian` WHERE  `id` = 2 LIMIT 1 [ RunTime:0.000340s ]
[ sql ] [ SQL ] SELECT * FROM `article_qian` WHERE  `id` = 3 LIMIT 1 [ RunTime:0.000341s ]
[ sql ] [ SQL ] SELECT * FROM `article_php` WHERE  `id` = 1 LIMIT 1 [ RunTime:0.000337s ]
[ sql ] [ SQL ] SELECT * FROM `article_php` WHERE  `id` = 2 LIMIT 1 [ RunTime:0.000334s ]
---------------------------------------------------------------
[ 2018-02-24T08:07:15+08:00 ] ::1 ::1 GET /Blogs/public/index.php/Index/index/fenlei?biao=article_mysql
[ info ] localhost/Blogs/public/index.php/Index/index/fenlei?biao=article_mysql [运行时间：0.067066s][吞吐率：14.91req/s] [内存消耗：3,085.62kb] [文件加载：56]
[ info ] [ LANG ] D:\wamp\www\Blogs\thinkphp\lang\zh-cn.php
[ info ] [ ROUTE ] array (
  'type' => 'module',
  'module' => 
  array (
    0 => 'Index',
    1 => 'index',
    2 => 'fenlei',
  ),
)
[ info ] [ HEADER ] array (
  'host' => 'localhost',
  'user-agent' => 'Mozilla/5.0 (Windows NT 10.0; Win64; x64; rv:58.0) Gecko/20100101 Firefox/58.0',
  'accept' => 'text/html,application/xhtml+xml,application/xml;q=0.9,*/*;q=0.8',
  'accept-language' => 'zh-CN,zh;q=0.8,zh-TW;q=0.7,zh-HK;q=0.5,en-US;q=0.3,en;q=0.2',
  'accept-encoding' => 'gzip, deflate',
  'referer' => 'http://localhost/Blogs/public/index.php/Index/index/fenlei?biao=article_php',
  'cookie' => 'PHPSESSID=elhe9rckquuc2t6vvt0f8p1l64',
  'connection' => 'keep-alive',
  'upgrade-insecure-requests' => '1',
)
[ info ] [ PARAM ] array (
  'biao' => 'article_mysql',
)
[ info ] [ RUN ] app\index\controller\Index->fenlei[ D:\wamp\www\Blogs\application\index\controller\Index.php ]
[ info ] [ DB ] INIT mysql
[ info ] [ VIEW ] D:\wamp\www\Blogs\public/../application/index\view\index\fenlei.html [ array (
  0 => 'tui0',
  1 => 'tui1',
  2 => 'tui2',
  3 => 'tui3',
  4 => 'tui4',
  5 => 'tuij',
  6 => 'biao',
  7 => 'Info',
  8 => 'click',
) ]
[ info ] [ LOG ] INIT File
[ sql ] [ DB ] CONNECT:[ UseTime:0.000819s ] mysql:host=127.0.0.1;dbname=blogs;charset=utf8
[ sql ] [ SQL ] SHOW COLUMNS FROM `article_mysql` [ RunTime:0.003613s ]
[ sql ] [ SQL ] SELECT COUNT(*) AS tp_count FROM `article_mysql` LIMIT 1 [ RunTime:0.000329s ]
[ sql ] [ SQL ] SELECT * FROM `article_mysql` LIMIT 0,5 [ RunTime:0.000359s ]
[ sql ] [ SQL ] select id,arti_title,clicksum,lei from article_php
                          UNION ALL
                          select id,arti_title,clicksum,lei from article_qian
                          UNION ALL
                          select id,arti_title,clicksum,lei from article_linux
                          UNION ALL
                          select id,arti_title,clicksum,lei from article_mysql
                          UNION ALL
                          select id,arti_title,clicksum,lei from article_blog
                          UNION ALL
                          select id,arti_title,clicksum,lei from article_zatan
                          ORDER BY clicksum DESC limit 5 [ RunTime:0.000608s ]
[ sql ] [ SQL ] SHOW COLUMNS FROM `tuijian` [ RunTime:0.003276s ]
[ sql ] [ SQL ] SELECT * FROM `tuijian` LIMIT 5 [ RunTime:0.000328s ]
[ sql ] [ SQL ] SHOW COLUMNS FROM `article_qian` [ RunTime:0.012858s ]
[ sql ] [ SQL ] SELECT * FROM `article_qian` WHERE  `id` = 1 LIMIT 1 [ RunTime:0.000402s ]
[ sql ] [ SQL ] SELECT * FROM `article_qian` WHERE  `id` = 2 LIMIT 1 [ RunTime:0.000357s ]
[ sql ] [ SQL ] SELECT * FROM `article_qian` WHERE  `id` = 3 LIMIT 1 [ RunTime:0.000355s ]
[ sql ] [ SQL ] SHOW COLUMNS FROM `article_php` [ RunTime:0.004090s ]
[ sql ] [ SQL ] SELECT * FROM `article_php` WHERE  `id` = 1 LIMIT 1 [ RunTime:0.000392s ]
[ sql ] [ SQL ] SELECT * FROM `article_php` WHERE  `id` = 2 LIMIT 1 [ RunTime:0.000348s ]
---------------------------------------------------------------
[ 2018-02-24T08:07:16+08:00 ] ::1 ::1 GET /Blogs/public/index.php/Index/index/fenlei?biao=article_blog
[ info ] localhost/Blogs/public/index.php/Index/index/fenlei?biao=article_blog [运行时间：0.066358s][吞吐率：15.07req/s] [内存消耗：3,083.85kb] [文件加载：56]
[ info ] [ LANG ] D:\wamp\www\Blogs\thinkphp\lang\zh-cn.php
[ info ] [ ROUTE ] array (
  'type' => 'module',
  'module' => 
  array (
    0 => 'Index',
    1 => 'index',
    2 => 'fenlei',
  ),
)
[ info ] [ HEADER ] array (
  'host' => 'localhost',
  'user-agent' => 'Mozilla/5.0 (Windows NT 10.0; Win64; x64; rv:58.0) Gecko/20100101 Firefox/58.0',
  'accept' => 'text/html,application/xhtml+xml,application/xml;q=0.9,*/*;q=0.8',
  'accept-language' => 'zh-CN,zh;q=0.8,zh-TW;q=0.7,zh-HK;q=0.5,en-US;q=0.3,en;q=0.2',
  'accept-encoding' => 'gzip, deflate',
  'referer' => 'http://localhost/Blogs/public/index.php/Index/index/fenlei?biao=article_mysql',
  'cookie' => 'PHPSESSID=elhe9rckquuc2t6vvt0f8p1l64',
  'connection' => 'keep-alive',
  'upgrade-insecure-requests' => '1',
)
[ info ] [ PARAM ] array (
  'biao' => 'article_blog',
)
[ info ] [ RUN ] app\index\controller\Index->fenlei[ D:\wamp\www\Blogs\application\index\controller\Index.php ]
[ info ] [ DB ] INIT mysql
[ info ] [ VIEW ] D:\wamp\www\Blogs\public/../application/index\view\index\fenlei.html [ array (
  0 => 'tui0',
  1 => 'tui1',
  2 => 'tui2',
  3 => 'tui3',
  4 => 'tui4',
  5 => 'tuij',
  6 => 'biao',
  7 => 'Info',
  8 => 'click',
) ]
[ info ] [ LOG ] INIT File
[ sql ] [ DB ] CONNECT:[ UseTime:0.000822s ] mysql:host=127.0.0.1;dbname=blogs;charset=utf8
[ sql ] [ SQL ] SHOW COLUMNS FROM `article_blog` [ RunTime:0.003788s ]
[ sql ] [ SQL ] SELECT COUNT(*) AS tp_count FROM `article_blog` LIMIT 1 [ RunTime:0.000325s ]
[ sql ] [ SQL ] SELECT * FROM `article_blog` LIMIT 0,5 [ RunTime:0.000362s ]
[ sql ] [ SQL ] select id,arti_title,clicksum,lei from article_php
                          UNION ALL
                          select id,arti_title,clicksum,lei from article_qian
                          UNION ALL
                          select id,arti_title,clicksum,lei from article_linux
                          UNION ALL
                          select id,arti_title,clicksum,lei from article_mysql
                          UNION ALL
                          select id,arti_title,clicksum,lei from article_blog
                          UNION ALL
                          select id,arti_title,clicksum,lei from article_zatan
                          ORDER BY clicksum DESC limit 5 [ RunTime:0.000614s ]
[ sql ] [ SQL ] SHOW COLUMNS FROM `tuijian` [ RunTime:0.003230s ]
[ sql ] [ SQL ] SELECT * FROM `tuijian` LIMIT 5 [ RunTime:0.000335s ]
[ sql ] [ SQL ] SHOW COLUMNS FROM `article_qian` [ RunTime:0.011458s ]
[ sql ] [ SQL ] SELECT * FROM `article_qian` WHERE  `id` = 1 LIMIT 1 [ RunTime:0.000441s ]
[ sql ] [ SQL ] SELECT * FROM `article_qian` WHERE  `id` = 2 LIMIT 1 [ RunTime:0.000380s ]
[ sql ] [ SQL ] SELECT * FROM `article_qian` WHERE  `id` = 3 LIMIT 1 [ RunTime:0.000376s ]
[ sql ] [ SQL ] SHOW COLUMNS FROM `article_php` [ RunTime:0.004007s ]
[ sql ] [ SQL ] SELECT * FROM `article_php` WHERE  `id` = 1 LIMIT 1 [ RunTime:0.000430s ]
[ sql ] [ SQL ] SELECT * FROM `article_php` WHERE  `id` = 2 LIMIT 1 [ RunTime:0.000343s ]
---------------------------------------------------------------
[ 2018-02-24T08:07:17+08:00 ] ::1 ::1 GET /Blogs/public/index.php/Index/index
[ info ] localhost/Blogs/public/index.php/Index/index [运行时间：0.058865s][吞吐率：16.99req/s] [内存消耗：3,094.59kb] [文件加载：53]
[ info ] [ LANG ] D:\wamp\www\Blogs\thinkphp\lang\zh-cn.php
[ info ] [ ROUTE ] array (
  'type' => 'module',
  'module' => 
  array (
    0 => 'Index',
    1 => 'index',
    2 => NULL,
  ),
)
[ info ] [ HEADER ] array (
  'host' => 'localhost',
  'user-agent' => 'Mozilla/5.0 (Windows NT 10.0; Win64; x64; rv:58.0) Gecko/20100101 Firefox/58.0',
  'accept' => 'text/html,application/xhtml+xml,application/xml;q=0.9,*/*;q=0.8',
  'accept-language' => 'zh-CN,zh;q=0.8,zh-TW;q=0.7,zh-HK;q=0.5,en-US;q=0.3,en;q=0.2',
  'accept-encoding' => 'gzip, deflate',
  'referer' => 'http://localhost/Blogs/public/index.php/Index/index/fenlei?biao=article_blog',
  'cookie' => 'PHPSESSID=elhe9rckquuc2t6vvt0f8p1l64',
  'connection' => 'keep-alive',
  'upgrade-insecure-requests' => '1',
)
[ info ] [ PARAM ] array (
)
[ info ] [ RUN ] app\index\controller\Index->index[ D:\wamp\www\Blogs\application\index\controller\Index.php ]
[ info ] [ DB ] INIT mysql
[ info ] [ VIEW ] D:\wamp\www\Blogs\public/../application/index\view\index\index.html [ array (
  0 => 'tui0',
  1 => 'tui1',
  2 => 'tui2',
  3 => 'tui3',
  4 => 'tui4',
  5 => 'tuij',
  6 => 'Info',
  7 => 'click',
) ]
[ info ] [ LOG ] INIT File
[ sql ] [ DB ] CONNECT:[ UseTime:0.000797s ] mysql:host=127.0.0.1;dbname=blogs;charset=utf8
[ sql ] [ SQL ] select id ,arti_title,ad_time,arti_contents,clicksum,lei from article_php
                          UNION ALL 
                          select id ,arti_title,ad_time,arti_contents ,clicksum,lei from article_qian
                          UNION ALL 
                          select id ,arti_title,ad_time,arti_contents ,clicksum,lei from article_linux
                          UNION ALL 
                          select id ,arti_title,ad_time,arti_contents ,clicksum,lei from article_mysql
                          UNION ALL 
                          select id ,arti_title,ad_time,arti_contents ,clicksum,lei from article_blog
                          UNION ALL 
                          select id ,arti_title,ad_time,arti_contents ,clicksum,lei from article_zatan
                          ORDER BY ad_time DESC limit 5 [ RunTime:0.004061s ]
[ sql ] [ SQL ] select id,arti_title,clicksum,lei from article_php
                          UNION ALL
                          select id,arti_title,clicksum,lei from article_qian
                          UNION ALL
                          select id,arti_title,clicksum,lei from article_linux
                          UNION ALL
                          select id,arti_title,clicksum,lei from article_mysql
                          UNION ALL
                          select id,arti_title,clicksum,lei from article_blog
                          UNION ALL
                          select id,arti_title,clicksum,lei from article_zatan
                          ORDER BY clicksum DESC limit 5 [ RunTime:0.000615s ]
[ sql ] [ SQL ] SHOW COLUMNS FROM `tuijian` [ RunTime:0.003163s ]
[ sql ] [ SQL ] SELECT * FROM `tuijian` LIMIT 5 [ RunTime:0.000262s ]
[ sql ] [ SQL ] SHOW COLUMNS FROM `article_qian` [ RunTime:0.003836s ]
[ sql ] [ SQL ] SELECT * FROM `article_qian` WHERE  `id` = 1 LIMIT 1 [ RunTime:0.000386s ]
[ sql ] [ SQL ] SELECT * FROM `article_qian` WHERE  `id` = 2 LIMIT 1 [ RunTime:0.000331s ]
[ sql ] [ SQL ] SELECT * FROM `article_qian` WHERE  `id` = 3 LIMIT 1 [ RunTime:0.000522s ]
[ sql ] [ SQL ] SHOW COLUMNS FROM `article_php` [ RunTime:0.003716s ]
[ sql ] [ SQL ] SELECT * FROM `article_php` WHERE  `id` = 1 LIMIT 1 [ RunTime:0.000397s ]
[ sql ] [ SQL ] SELECT * FROM `article_php` WHERE  `id` = 2 LIMIT 1 [ RunTime:0.000337s ]
---------------------------------------------------------------
[ 2018-02-24T08:07:22+08:00 ] ::1 ::1 GET /Blogs/public/index.php/Admin/Admin/article_list?biao=article_php
[ info ] localhost/Blogs/public/index.php/Admin/Admin/article_list?biao=article_php [运行时间：0.099455s][吞吐率：10.05req/s] [内存消耗：3,099.48kb] [文件加载：56]
[ info ] [ LANG ] D:\wamp\www\Blogs\thinkphp\lang\zh-cn.php
[ info ] [ ROUTE ] array (
  'type' => 'module',
  'module' => 
  array (
    0 => 'Admin',
    1 => 'Admin',
    2 => 'article_list',
  ),
)
[ info ] [ HEADER ] array (
  'host' => 'localhost',
  'user-agent' => 'Mozilla/5.0 (Windows NT 10.0; Win64; x64; rv:58.0) Gecko/20100101 Firefox/58.0',
  'accept' => 'text/html,application/xhtml+xml,application/xml;q=0.9,*/*;q=0.8',
  'accept-language' => 'zh-CN,zh;q=0.8,zh-TW;q=0.7,zh-HK;q=0.5,en-US;q=0.3,en;q=0.2',
  'accept-encoding' => 'gzip, deflate',
  'referer' => 'http://localhost/Blogs/public/index.php/Admin/Index/menu.html',
  'cookie' => 'PHPSESSID=elhe9rckquuc2t6vvt0f8p1l64',
  'connection' => 'keep-alive',
  'upgrade-insecure-requests' => '1',
)
[ info ] [ PARAM ] array (
  'biao' => 'article_php',
)
[ info ] [ RUN ] app\Admin\controller\Admin->article_list[ D:\wamp\www\Blogs\application\admin\controller\Admin.php ]
[ info ] [ DB ] INIT mysql
[ info ] [ VIEW ] D:\wamp\www\Blogs\public/../application/admin\view\admin\article_list.html [ array (
  0 => 'biao',
  1 => 'Info',
) ]
[ info ] [ LOG ] INIT File
[ sql ] [ DB ] CONNECT:[ UseTime:0.000833s ] mysql:host=127.0.0.1;dbname=blogs;charset=utf8
[ sql ] [ SQL ] SHOW COLUMNS FROM `article_php` [ RunTime:0.003998s ]
[ sql ] [ SQL ] SELECT COUNT(*) AS tp_count FROM `article_php` WHERE  `de_time` IS NULL LIMIT 1 [ RunTime:0.000353s ]
[ sql ] [ SQL ] SELECT * FROM `article_php` WHERE  `de_time` IS NULL LIMIT 0,3 [ RunTime:0.000389s ]
---------------------------------------------------------------
[ 2018-02-24T08:07:22+08:00 ] ::1 ::1 GET /Blogs/public/static/images/admin_bg.png
[ info ] localhost/Blogs/public/static/images/admin_bg.png [运行时间：0.027920s][吞吐率：35.82req/s] [内存消耗：1,633.89kb] [文件加载：39]
[ info ] [ LANG ] D:\wamp\www\Blogs\thinkphp\lang\zh-cn.php
[ info ] [ ROUTE ] array (
  'type' => 'module',
  'module' => 
  array (
    0 => 'static',
    1 => 'images',
    2 => 'admin_bg.png',
  ),
)
[ info ] [ HEADER ] array (
  'host' => 'localhost',
  'user-agent' => 'Mozilla/5.0 (Windows NT 10.0; Win64; x64; rv:58.0) Gecko/20100101 Firefox/58.0',
  'accept' => '*/*',
  'accept-language' => 'zh-CN,zh;q=0.8,zh-TW;q=0.7,zh-HK;q=0.5,en-US;q=0.3,en;q=0.2',
  'accept-encoding' => 'gzip, deflate',
  'referer' => 'http://localhost/Blogs/public/static/css/adminStyle.css',
  'cookie' => 'PHPSESSID=elhe9rckquuc2t6vvt0f8p1l64',
  'connection' => 'keep-alive',
)
[ info ] [ PARAM ] array (
)
[ info ] [ LOG ] INIT File
---------------------------------------------------------------
[ 2018-02-24T08:07:28+08:00 ] ::1 ::1 GET /Blogs/public/index.php/Index/index
[ info ] localhost/Blogs/public/index.php/Index/index [运行时间：0.060569s][吞吐率：16.51req/s] [内存消耗：3,094.52kb] [文件加载：53]
[ info ] [ LANG ] D:\wamp\www\Blogs\thinkphp\lang\zh-cn.php
[ info ] [ ROUTE ] array (
  'type' => 'module',
  'module' => 
  array (
    0 => 'Index',
    1 => 'index',
    2 => NULL,
  ),
)
[ info ] [ HEADER ] array (
  'host' => 'localhost',
  'user-agent' => 'Mozilla/5.0 (Windows NT 10.0; Win64; x64; rv:58.0) Gecko/20100101 Firefox/58.0',
  'accept' => 'text/html,application/xhtml+xml,application/xml;q=0.9,*/*;q=0.8',
  'accept-language' => 'zh-CN,zh;q=0.8,zh-TW;q=0.7,zh-HK;q=0.5,en-US;q=0.3,en;q=0.2',
  'accept-encoding' => 'gzip, deflate',
  'referer' => 'http://localhost/Blogs/public/index.php/Index/index',
  'cookie' => 'PHPSESSID=elhe9rckquuc2t6vvt0f8p1l64',
  'connection' => 'keep-alive',
  'upgrade-insecure-requests' => '1',
)
[ info ] [ PARAM ] array (
)
[ info ] [ RUN ] app\index\controller\Index->index[ D:\wamp\www\Blogs\application\index\controller\Index.php ]
[ info ] [ DB ] INIT mysql
[ info ] [ VIEW ] D:\wamp\www\Blogs\public/../application/index\view\index\index.html [ array (
  0 => 'tui0',
  1 => 'tui1',
  2 => 'tui2',
  3 => 'tui3',
  4 => 'tui4',
  5 => 'tuij',
  6 => 'Info',
  7 => 'click',
) ]
[ info ] [ LOG ] INIT File
[ sql ] [ DB ] CONNECT:[ UseTime:0.000797s ] mysql:host=127.0.0.1;dbname=blogs;charset=utf8
[ sql ] [ SQL ] select id ,arti_title,ad_time,arti_contents,clicksum,lei from article_php
                          UNION ALL 
                          select id ,arti_title,ad_time,arti_contents ,clicksum,lei from article_qian
                          UNION ALL 
                          select id ,arti_title,ad_time,arti_contents ,clicksum,lei from article_linux
                          UNION ALL 
                          select id ,arti_title,ad_time,arti_contents ,clicksum,lei from article_mysql
                          UNION ALL 
                          select id ,arti_title,ad_time,arti_contents ,clicksum,lei from article_blog
                          UNION ALL 
                          select id ,arti_title,ad_time,arti_contents ,clicksum,lei from article_zatan
                          ORDER BY ad_time DESC limit 5 [ RunTime:0.003790s ]
[ sql ] [ SQL ] select id,arti_title,clicksum,lei from article_php
                          UNION ALL
                          select id,arti_title,clicksum,lei from article_qian
                          UNION ALL
                          select id,arti_title,clicksum,lei from article_linux
                          UNION ALL
                          select id,arti_title,clicksum,lei from article_mysql
                          UNION ALL
                          select id,arti_title,clicksum,lei from article_blog
                          UNION ALL
                          select id,arti_title,clicksum,lei from article_zatan
                          ORDER BY clicksum DESC limit 5 [ RunTime:0.000613s ]
[ sql ] [ SQL ] SHOW COLUMNS FROM `tuijian` [ RunTime:0.004704s ]
[ sql ] [ SQL ] SELECT * FROM `tuijian` LIMIT 5 [ RunTime:0.000348s ]
[ sql ] [ SQL ] SHOW COLUMNS FROM `article_qian` [ RunTime:0.003652s ]
[ sql ] [ SQL ] SELECT * FROM `article_qian` WHERE  `id` = 1 LIMIT 1 [ RunTime:0.000876s ]
[ sql ] [ SQL ] SELECT * FROM `article_qian` WHERE  `id` = 2 LIMIT 1 [ RunTime:0.000400s ]
[ sql ] [ SQL ] SELECT * FROM `article_qian` WHERE  `id` = 3 LIMIT 1 [ RunTime:0.000356s ]
[ sql ] [ SQL ] SHOW COLUMNS FROM `article_php` [ RunTime:0.003666s ]
[ sql ] [ SQL ] SELECT * FROM `article_php` WHERE  `id` = 1 LIMIT 1 [ RunTime:0.000371s ]
[ sql ] [ SQL ] SELECT * FROM `article_php` WHERE  `id` = 2 LIMIT 1 [ RunTime:0.000334s ]
---------------------------------------------------------------
[ 2018-02-24T08:07:29+08:00 ] ::1 ::1 GET /Blogs/public/index.php/Index/index/fenlei?biao=article_qian
[ info ] localhost/Blogs/public/index.php/Index/index/fenlei?biao=article_qian [运行时间：0.054281s][吞吐率：18.42req/s] [内存消耗：3,084.84kb] [文件加载：56]
[ info ] [ LANG ] D:\wamp\www\Blogs\thinkphp\lang\zh-cn.php
[ info ] [ ROUTE ] array (
  'type' => 'module',
  'module' => 
  array (
    0 => 'Index',
    1 => 'index',
    2 => 'fenlei',
  ),
)
[ info ] [ HEADER ] array (
  'host' => 'localhost',
  'user-agent' => 'Mozilla/5.0 (Windows NT 10.0; Win64; x64; rv:58.0) Gecko/20100101 Firefox/58.0',
  'accept' => 'text/html,application/xhtml+xml,application/xml;q=0.9,*/*;q=0.8',
  'accept-language' => 'zh-CN,zh;q=0.8,zh-TW;q=0.7,zh-HK;q=0.5,en-US;q=0.3,en;q=0.2',
  'accept-encoding' => 'gzip, deflate',
  'referer' => 'http://localhost/Blogs/public/index.php/Index/index',
  'cookie' => 'PHPSESSID=elhe9rckquuc2t6vvt0f8p1l64',
  'connection' => 'keep-alive',
  'upgrade-insecure-requests' => '1',
)
[ info ] [ PARAM ] array (
  'biao' => 'article_qian',
)
[ info ] [ RUN ] app\index\controller\Index->fenlei[ D:\wamp\www\Blogs\application\index\controller\Index.php ]
[ info ] [ DB ] INIT mysql
[ info ] [ VIEW ] D:\wamp\www\Blogs\public/../application/index\view\index\fenlei.html [ array (
  0 => 'tui0',
  1 => 'tui1',
  2 => 'tui2',
  3 => 'tui3',
  4 => 'tui4',
  5 => 'tuij',
  6 => 'biao',
  7 => 'Info',
  8 => 'click',
) ]
[ info ] [ LOG ] INIT File
[ sql ] [ DB ] CONNECT:[ UseTime:0.000819s ] mysql:host=127.0.0.1;dbname=blogs;charset=utf8
[ sql ] [ SQL ] SHOW COLUMNS FROM `article_qian` [ RunTime:0.004075s ]
[ sql ] [ SQL ] SELECT COUNT(*) AS tp_count FROM `article_qian` LIMIT 1 [ RunTime:0.000378s ]
[ sql ] [ SQL ] SELECT * FROM `article_qian` LIMIT 0,5 [ RunTime:0.000407s ]
[ sql ] [ SQL ] select id,arti_title,clicksum,lei from article_php
                          UNION ALL
                          select id,arti_title,clicksum,lei from article_qian
                          UNION ALL
                          select id,arti_title,clicksum,lei from article_linux
                          UNION ALL
                          select id,arti_title,clicksum,lei from article_mysql
                          UNION ALL
                          select id,arti_title,clicksum,lei from article_blog
                          UNION ALL
                          select id,arti_title,clicksum,lei from article_zatan
                          ORDER BY clicksum DESC limit 5 [ RunTime:0.000618s ]
[ sql ] [ SQL ] SHOW COLUMNS FROM `tuijian` [ RunTime:0.004598s ]
[ sql ] [ SQL ] SELECT * FROM `tuijian` LIMIT 5 [ RunTime:0.000369s ]
[ sql ] [ SQL ] SELECT * FROM `article_qian` WHERE  `id` = 1 LIMIT 1 [ RunTime:0.000357s ]
[ sql ] [ SQL ] SELECT * FROM `article_qian` WHERE  `id` = 2 LIMIT 1 [ RunTime:0.000377s ]
[ sql ] [ SQL ] SELECT * FROM `article_qian` WHERE  `id` = 3 LIMIT 1 [ RunTime:0.000457s ]
[ sql ] [ SQL ] SHOW COLUMNS FROM `article_php` [ RunTime:0.004628s ]
[ sql ] [ SQL ] SELECT * FROM `article_php` WHERE  `id` = 1 LIMIT 1 [ RunTime:0.000434s ]
[ sql ] [ SQL ] SELECT * FROM `article_php` WHERE  `id` = 2 LIMIT 1 [ RunTime:0.000375s ]
---------------------------------------------------------------
[ 2018-02-24T08:07:53+08:00 ] ::1 ::1 GET /Blogs/public/index.php/Admin/Admin/add_article
[ info ] localhost/Blogs/public/index.php/Admin/Admin/add_article [运行时间：0.079907s][吞吐率：12.51req/s] [内存消耗：1,995.12kb] [文件加载：45]
[ info ] [ LANG ] D:\wamp\www\Blogs\thinkphp\lang\zh-cn.php
[ info ] [ ROUTE ] array (
  'type' => 'module',
  'module' => 
  array (
    0 => 'Admin',
    1 => 'Admin',
    2 => 'add_article',
  ),
)
[ info ] [ HEADER ] array (
  'host' => 'localhost',
  'user-agent' => 'Mozilla/5.0 (Windows NT 10.0; Win64; x64; rv:58.0) Gecko/20100101 Firefox/58.0',
  'accept' => 'text/html,application/xhtml+xml,application/xml;q=0.9,*/*;q=0.8',
  'accept-language' => 'zh-CN,zh;q=0.8,zh-TW;q=0.7,zh-HK;q=0.5,en-US;q=0.3,en;q=0.2',
  'accept-encoding' => 'gzip, deflate',
  'referer' => 'http://localhost/Blogs/public/index.php/Admin/Index/menu.html',
  'cookie' => 'PHPSESSID=elhe9rckquuc2t6vvt0f8p1l64',
  'connection' => 'keep-alive',
  'upgrade-insecure-requests' => '1',
)
[ info ] [ PARAM ] array (
)
[ info ] [ RUN ] app\Admin\controller\Admin->add_article[ D:\wamp\www\Blogs\application\admin\controller\Admin.php ]
[ info ] [ VIEW ] D:\wamp\www\Blogs\public/../application/admin\view\admin\add_article.html [ array (
) ]
[ info ] [ LOG ] INIT File
---------------------------------------------------------------
[ 2018-02-24T08:07:53+08:00 ] ::1 ::1 GET /Blogs/public/static/images/admin_bg.png
[ info ] localhost/Blogs/public/static/images/admin_bg.png [运行时间：0.030377s][吞吐率：32.92req/s] [内存消耗：1,633.89kb] [文件加载：39]
[ info ] [ LANG ] D:\wamp\www\Blogs\thinkphp\lang\zh-cn.php
[ info ] [ ROUTE ] array (
  'type' => 'module',
  'module' => 
  array (
    0 => 'static',
    1 => 'images',
    2 => 'admin_bg.png',
  ),
)
[ info ] [ HEADER ] array (
  'host' => 'localhost',
  'user-agent' => 'Mozilla/5.0 (Windows NT 10.0; Win64; x64; rv:58.0) Gecko/20100101 Firefox/58.0',
  'accept' => '*/*',
  'accept-language' => 'zh-CN,zh;q=0.8,zh-TW;q=0.7,zh-HK;q=0.5,en-US;q=0.3,en;q=0.2',
  'accept-encoding' => 'gzip, deflate',
  'referer' => 'http://localhost/Blogs/public/static/css/adminStyle.css',
  'cookie' => 'PHPSESSID=elhe9rckquuc2t6vvt0f8p1l64',
  'connection' => 'keep-alive',
)
[ info ] [ PARAM ] array (
)
[ info ] [ LOG ] INIT File
---------------------------------------------------------------
[ 2018-02-24T08:08:05+08:00 ] ::1 ::1 GET /Blogs/public/index.php/Admin/Admin/hui_article?biao=article_qian
[ info ] localhost/Blogs/public/index.php/Admin/Admin/hui_article?biao=article_qian [运行时间：0.077124s][吞吐率：12.97req/s] [内存消耗：3,063.57kb] [文件加载：56]
[ info ] [ LANG ] D:\wamp\www\Blogs\thinkphp\lang\zh-cn.php
[ info ] [ ROUTE ] array (
  'type' => 'module',
  'module' => 
  array (
    0 => 'Admin',
    1 => 'Admin',
    2 => 'hui_article',
  ),
)
[ info ] [ HEADER ] array (
  'host' => 'localhost',
  'user-agent' => 'Mozilla/5.0 (Windows NT 10.0; Win64; x64; rv:58.0) Gecko/20100101 Firefox/58.0',
  'accept' => 'text/html,application/xhtml+xml,application/xml;q=0.9,*/*;q=0.8',
  'accept-language' => 'zh-CN,zh;q=0.8,zh-TW;q=0.7,zh-HK;q=0.5,en-US;q=0.3,en;q=0.2',
  'accept-encoding' => 'gzip, deflate',
  'referer' => 'http://localhost/Blogs/public/index.php/Admin/Index/menu.html',
  'cookie' => 'PHPSESSID=elhe9rckquuc2t6vvt0f8p1l64',
  'connection' => 'keep-alive',
  'upgrade-insecure-requests' => '1',
)
[ info ] [ PARAM ] array (
  'biao' => 'article_qian',
)
[ info ] [ RUN ] app\Admin\controller\Admin->hui_article[ D:\wamp\www\Blogs\application\admin\controller\Admin.php ]
[ info ] [ DB ] INIT mysql
[ info ] [ VIEW ] D:\wamp\www\Blogs\public/../application/admin\view\admin\hui_article.html [ array (
  0 => 'Info',
  1 => 'biaoname',
) ]
[ info ] [ LOG ] INIT File
[ sql ] [ DB ] CONNECT:[ UseTime:0.000817s ] mysql:host=127.0.0.1;dbname=blogs;charset=utf8
[ sql ] [ SQL ] SHOW COLUMNS FROM `article_qian` [ RunTime:0.003649s ]
[ sql ] [ SQL ] SELECT COUNT(*) AS tp_count FROM `article_qian` WHERE  `de_time` IS NOT NULL LIMIT 1 [ RunTime:0.000343s ]
[ sql ] [ SQL ] SELECT * FROM `article_qian` WHERE  `de_time` IS NOT NULL LIMIT 0,3 [ RunTime:0.000352s ]
---------------------------------------------------------------
[ 2018-02-24T08:08:05+08:00 ] ::1 ::1 GET /Blogs/public/static/images/admin_bg.png
[ info ] localhost/Blogs/public/static/images/admin_bg.png [运行时间：0.022569s][吞吐率：44.31req/s] [内存消耗：1,633.89kb] [文件加载：39]
[ info ] [ LANG ] D:\wamp\www\Blogs\thinkphp\lang\zh-cn.php
[ info ] [ ROUTE ] array (
  'type' => 'module',
  'module' => 
  array (
    0 => 'static',
    1 => 'images',
    2 => 'admin_bg.png',
  ),
)
[ info ] [ HEADER ] array (
  'host' => 'localhost',
  'user-agent' => 'Mozilla/5.0 (Windows NT 10.0; Win64; x64; rv:58.0) Gecko/20100101 Firefox/58.0',
  'accept' => '*/*',
  'accept-language' => 'zh-CN,zh;q=0.8,zh-TW;q=0.7,zh-HK;q=0.5,en-US;q=0.3,en;q=0.2',
  'accept-encoding' => 'gzip, deflate',
  'referer' => 'http://localhost/Blogs/public/static/css/adminStyle.css',
  'cookie' => 'PHPSESSID=elhe9rckquuc2t6vvt0f8p1l64',
  'connection' => 'keep-alive',
)
[ info ] [ PARAM ] array (
)
[ info ] [ LOG ] INIT File
---------------------------------------------------------------
[ 2018-02-24T08:08:07+08:00 ] ::1 ::1 GET /Blogs/public/index.php/Admin/Admin/hui_article?biao=article_php
[ info ] localhost/Blogs/public/index.php/Admin/Admin/hui_article?biao=article_php [运行时间：0.042831s][吞吐率：23.35req/s] [内存消耗：3,066.42kb] [文件加载：56]
[ info ] [ LANG ] D:\wamp\www\Blogs\thinkphp\lang\zh-cn.php
[ info ] [ ROUTE ] array (
  'type' => 'module',
  'module' => 
  array (
    0 => 'Admin',
    1 => 'Admin',
    2 => 'hui_article',
  ),
)
[ info ] [ HEADER ] array (
  'host' => 'localhost',
  'user-agent' => 'Mozilla/5.0 (Windows NT 10.0; Win64; x64; rv:58.0) Gecko/20100101 Firefox/58.0',
  'accept' => 'text/html,application/xhtml+xml,application/xml;q=0.9,*/*;q=0.8',
  'accept-language' => 'zh-CN,zh;q=0.8,zh-TW;q=0.7,zh-HK;q=0.5,en-US;q=0.3,en;q=0.2',
  'accept-encoding' => 'gzip, deflate',
  'referer' => 'http://localhost/Blogs/public/index.php/Admin/Admin/hui_article?biao=article_qian',
  'cookie' => 'PHPSESSID=elhe9rckquuc2t6vvt0f8p1l64',
  'connection' => 'keep-alive',
  'upgrade-insecure-requests' => '1',
)
[ info ] [ PARAM ] array (
  'biao' => 'article_php',
)
[ info ] [ RUN ] app\Admin\controller\Admin->hui_article[ D:\wamp\www\Blogs\application\admin\controller\Admin.php ]
[ info ] [ DB ] INIT mysql
[ info ] [ VIEW ] D:\wamp\www\Blogs\public/../application/admin\view\admin\hui_article.html [ array (
  0 => 'Info',
  1 => 'biaoname',
) ]
[ info ] [ LOG ] INIT File
[ sql ] [ DB ] CONNECT:[ UseTime:0.000824s ] mysql:host=127.0.0.1;dbname=blogs;charset=utf8
[ sql ] [ SQL ] SHOW COLUMNS FROM `article_php` [ RunTime:0.003787s ]
[ sql ] [ SQL ] SELECT COUNT(*) AS tp_count FROM `article_php` WHERE  `de_time` IS NOT NULL LIMIT 1 [ RunTime:0.000359s ]
[ sql ] [ SQL ] SELECT * FROM `article_php` WHERE  `de_time` IS NOT NULL LIMIT 0,3 [ RunTime:0.000386s ]
---------------------------------------------------------------
[ 2018-02-24T08:08:07+08:00 ] ::1 ::1 GET /Blogs/public/static/images/admin_bg.png
[ info ] localhost/Blogs/public/static/images/admin_bg.png [运行时间：0.022197s][吞吐率：45.05req/s] [内存消耗：1,633.89kb] [文件加载：39]
[ info ] [ LANG ] D:\wamp\www\Blogs\thinkphp\lang\zh-cn.php
[ info ] [ ROUTE ] array (
  'type' => 'module',
  'module' => 
  array (
    0 => 'static',
    1 => 'images',
    2 => 'admin_bg.png',
  ),
)
[ info ] [ HEADER ] array (
  'host' => 'localhost',
  'user-agent' => 'Mozilla/5.0 (Windows NT 10.0; Win64; x64; rv:58.0) Gecko/20100101 Firefox/58.0',
  'accept' => '*/*',
  'accept-language' => 'zh-CN,zh;q=0.8,zh-TW;q=0.7,zh-HK;q=0.5,en-US;q=0.3,en;q=0.2',
  'accept-encoding' => 'gzip, deflate',
  'referer' => 'http://localhost/Blogs/public/static/css/adminStyle.css',
  'cookie' => 'PHPSESSID=elhe9rckquuc2t6vvt0f8p1l64',
  'connection' => 'keep-alive',
)
[ info ] [ PARAM ] array (
)
[ info ] [ LOG ] INIT File
---------------------------------------------------------------
[ 2018-02-24T08:08:17+08:00 ] ::1 ::1 GET /Blogs/public/index.php/Admin/Admin/privilege
[ info ] localhost/Blogs/public/index.php/Admin/Admin/privilege [运行时间：0.086208s][吞吐率：11.60req/s] [内存消耗：2,933.58kb] [文件加载：53]
[ info ] [ LANG ] D:\wamp\www\Blogs\thinkphp\lang\zh-cn.php
[ info ] [ ROUTE ] array (
  'type' => 'module',
  'module' => 
  array (
    0 => 'Admin',
    1 => 'Admin',
    2 => 'privilege',
  ),
)
[ info ] [ HEADER ] array (
  'host' => 'localhost',
  'user-agent' => 'Mozilla/5.0 (Windows NT 10.0; Win64; x64; rv:58.0) Gecko/20100101 Firefox/58.0',
  'accept' => 'text/html,application/xhtml+xml,application/xml;q=0.9,*/*;q=0.8',
  'accept-language' => 'zh-CN,zh;q=0.8,zh-TW;q=0.7,zh-HK;q=0.5,en-US;q=0.3,en;q=0.2',
  'accept-encoding' => 'gzip, deflate',
  'referer' => 'http://localhost/Blogs/public/index.php/Admin/Index/menu.html',
  'cookie' => 'PHPSESSID=elhe9rckquuc2t6vvt0f8p1l64',
  'connection' => 'keep-alive',
  'upgrade-insecure-requests' => '1',
)
[ info ] [ PARAM ] array (
)
[ info ] [ RUN ] app\Admin\controller\Admin->privilege[ D:\wamp\www\Blogs\application\admin\controller\Admin.php ]
[ info ] [ DB ] INIT mysql
[ info ] [ VIEW ] D:\wamp\www\Blogs\public/../application/admin\view\admin\privilege.html [ array (
  0 => 'info',
) ]
[ info ] [ LOG ] INIT File
[ sql ] [ DB ] CONNECT:[ UseTime:0.000812s ] mysql:host=127.0.0.1;dbname=blogs;charset=utf8
[ sql ] [ SQL ] SHOW COLUMNS FROM `admin` [ RunTime:0.004060s ]
[ sql ] [ SQL ] SELECT * FROM `admin` [ RunTime:0.000418s ]
---------------------------------------------------------------
[ 2018-02-24T08:08:17+08:00 ] ::1 ::1 GET /Blogs/public/static/images/admin_bg.png
[ info ] localhost/Blogs/public/static/images/admin_bg.png [运行时间：0.027183s][吞吐率：36.79req/s] [内存消耗：1,633.89kb] [文件加载：39]
[ info ] [ LANG ] D:\wamp\www\Blogs\thinkphp\lang\zh-cn.php
[ info ] [ ROUTE ] array (
  'type' => 'module',
  'module' => 
  array (
    0 => 'static',
    1 => 'images',
    2 => 'admin_bg.png',
  ),
)
[ info ] [ HEADER ] array (
  'host' => 'localhost',
  'user-agent' => 'Mozilla/5.0 (Windows NT 10.0; Win64; x64; rv:58.0) Gecko/20100101 Firefox/58.0',
  'accept' => '*/*',
  'accept-language' => 'zh-CN,zh;q=0.8,zh-TW;q=0.7,zh-HK;q=0.5,en-US;q=0.3,en;q=0.2',
  'accept-encoding' => 'gzip, deflate',
  'referer' => 'http://localhost/Blogs/public/static/css/adminStyle.css',
  'cookie' => 'PHPSESSID=elhe9rckquuc2t6vvt0f8p1l64',
  'connection' => 'keep-alive',
)
[ info ] [ PARAM ] array (
)
[ info ] [ LOG ] INIT File
---------------------------------------------------------------
[ 2018-02-24T08:08:17+08:00 ] ::1 ::1 POST /Blogs/public/index.php/admin/admin/privilege_cha.html
[ info ] localhost/Blogs/public/index.php/admin/admin/privilege_cha.html [运行时间：0.066761s][吞吐率：14.98req/s] [内存消耗：2,850.49kb] [文件加载：51]
[ info ] [ LANG ] D:\wamp\www\Blogs\thinkphp\lang\zh-cn.php
[ info ] [ ROUTE ] array (
  'type' => 'module',
  'module' => 
  array (
    0 => 'admin',
    1 => 'admin',
    2 => 'privilege_cha',
  ),
)
[ info ] [ HEADER ] array (
  'host' => 'localhost',
  'user-agent' => 'Mozilla/5.0 (Windows NT 10.0; Win64; x64; rv:58.0) Gecko/20100101 Firefox/58.0',
  'accept' => 'application/json, text/javascript, */*; q=0.01',
  'accept-language' => 'zh-CN,zh;q=0.8,zh-TW;q=0.7,zh-HK;q=0.5,en-US;q=0.3,en;q=0.2',
  'accept-encoding' => 'gzip, deflate',
  'referer' => 'http://localhost/Blogs/public/index.php/Admin/Admin/privilege',
  'content-type' => 'application/x-www-form-urlencoded; charset=UTF-8',
  'x-requested-with' => 'XMLHttpRequest',
  'content-length' => '6',
  'cookie' => 'PHPSESSID=elhe9rckquuc2t6vvt0f8p1l64',
  'connection' => 'keep-alive',
)
[ info ] [ PARAM ] array (
  'data' => '1',
)
[ info ] [ RUN ] app\Admin\controller\Admin->privilege_cha[ D:\wamp\www\Blogs\application\admin\controller\Admin.php ]
[ info ] [ DB ] INIT mysql
[ info ] [ LOG ] INIT File
[ sql ] [ DB ] CONNECT:[ UseTime:0.000773s ] mysql:host=127.0.0.1;dbname=blogs;charset=utf8
[ sql ] [ SQL ] SHOW COLUMNS FROM `admin` [ RunTime:0.003494s ]
[ sql ] [ SQL ] SELECT * FROM `admin` WHERE  `id` = 1 LIMIT 1 [ RunTime:0.000476s ]
---------------------------------------------------------------
[ 2018-02-24T08:08:28+08:00 ] ::1 ::1 GET /Blogs/public/index.php/Admin/Admin/add_user
[ info ] localhost/Blogs/public/index.php/Admin/Admin/add_user [运行时间：0.086459s][吞吐率：11.57req/s] [内存消耗：2,068.55kb] [文件加载：46]
[ info ] [ LANG ] D:\wamp\www\Blogs\thinkphp\lang\zh-cn.php
[ info ] [ ROUTE ] array (
  'type' => 'module',
  'module' => 
  array (
    0 => 'Admin',
    1 => 'Admin',
    2 => 'add_user',
  ),
)
[ info ] [ HEADER ] array (
  'host' => 'localhost',
  'user-agent' => 'Mozilla/5.0 (Windows NT 10.0; Win64; x64; rv:58.0) Gecko/20100101 Firefox/58.0',
  'accept' => 'text/html,application/xhtml+xml,application/xml;q=0.9,*/*;q=0.8',
  'accept-language' => 'zh-CN,zh;q=0.8,zh-TW;q=0.7,zh-HK;q=0.5,en-US;q=0.3,en;q=0.2',
  'accept-encoding' => 'gzip, deflate',
  'referer' => 'http://localhost/Blogs/public/index.php/Admin/Index/menu.html',
  'cookie' => 'PHPSESSID=elhe9rckquuc2t6vvt0f8p1l64',
  'connection' => 'keep-alive',
  'upgrade-insecure-requests' => '1',
)
[ info ] [ PARAM ] array (
)
[ info ] [ RUN ] app\Admin\controller\Admin->add_user[ D:\wamp\www\Blogs\application\admin\controller\Admin.php ]
[ info ] [ VIEW ] D:\wamp\www\Blogs\public/../application/admin\view\admin\add_user.html [ array (
) ]
[ info ] [ LOG ] INIT File
---------------------------------------------------------------
[ 2018-02-24T08:08:28+08:00 ] ::1 ::1 GET /Blogs/public/static/images/admin_bg.png
[ info ] localhost/Blogs/public/static/images/admin_bg.png [运行时间：0.025367s][吞吐率：39.42req/s] [内存消耗：1,633.89kb] [文件加载：39]
[ info ] [ LANG ] D:\wamp\www\Blogs\thinkphp\lang\zh-cn.php
[ info ] [ ROUTE ] array (
  'type' => 'module',
  'module' => 
  array (
    0 => 'static',
    1 => 'images',
    2 => 'admin_bg.png',
  ),
)
[ info ] [ HEADER ] array (
  'host' => 'localhost',
  'user-agent' => 'Mozilla/5.0 (Windows NT 10.0; Win64; x64; rv:58.0) Gecko/20100101 Firefox/58.0',
  'accept' => '*/*',
  'accept-language' => 'zh-CN,zh;q=0.8,zh-TW;q=0.7,zh-HK;q=0.5,en-US;q=0.3,en;q=0.2',
  'accept-encoding' => 'gzip, deflate',
  'referer' => 'http://localhost/Blogs/public/static/css/adminStyle.css',
  'cookie' => 'PHPSESSID=elhe9rckquuc2t6vvt0f8p1l64',
  'connection' => 'keep-alive',
)
[ info ] [ PARAM ] array (
)
[ info ] [ LOG ] INIT File
