---------------------------------------------------------------
[ 2017-12-27T15:46:09+08:00 ] ::1 ::1 GET /Blogs/public/index.php/Admin/Index/index
[ info ] localhost/Blogs/public/index.php/Admin/Index/index [运行时间：0.814923s][吞吐率：1.23req/s] [内存消耗：1,928.26kb] [文件加载：45]
[ info ] [ LANG ] D:\wamp\www\Blogs\thinkphp\lang\zh-cn.php
[ info ] [ ROUTE ] array (
  'type' => 'module',
  'module' => 
  array (
    0 => 'Admin',
    1 => 'Index',
    2 => 'index',
  ),
)
[ info ] [ HEADER ] array (
  'host' => 'localhost',
  'connection' => 'keep-alive',
  'cache-control' => 'max-age=0',
  'upgrade-insecure-requests' => '1',
  'user-agent' => 'Mozilla/5.0 (Windows NT 10.0; WOW64) AppleWebKit/537.36 (KHTML, like Gecko) Chrome/60.0.3112.10 Safari/537.36',
  'accept' => 'text/html,application/xhtml+xml,application/xml;q=0.9,image/webp,image/apng,*/*;q=0.8',
  'accept-encoding' => 'gzip, deflate, br',
  'accept-language' => 'zh-CN,zh;q=0.8',
)
[ info ] [ PARAM ] array (
)
[ info ] [ RUN ] app\admin\controller\Index->index[ D:\wamp\www\Blogs\application\admin\controller\Index.php ]
[ info ] [ VIEW ] D:\wamp\www\Blogs\public/../application/admin\view\index\index.html [ array (
) ]
[ info ] [ LOG ] INIT File
---------------------------------------------------------------
[ 2017-12-27T15:46:09+08:00 ] ::1 ::1 GET /Blogs/public/index.php/Admin/Index/bar.html
[ info ] localhost/Blogs/public/index.php/Admin/Index/bar.html [运行时间：0.054313s][吞吐率：18.41req/s] [内存消耗：1,928.53kb] [文件加载：45]
[ info ] [ LANG ] D:\wamp\www\Blogs\thinkphp\lang\zh-cn.php
[ info ] [ ROUTE ] array (
  'type' => 'module',
  'module' => 
  array (
    0 => 'Admin',
    1 => 'Index',
    2 => 'bar',
  ),
)
[ info ] [ HEADER ] array (
  'host' => 'localhost',
  'connection' => 'keep-alive',
  'upgrade-insecure-requests' => '1',
  'user-agent' => 'Mozilla/5.0 (Windows NT 10.0; WOW64) AppleWebKit/537.36 (KHTML, like Gecko) Chrome/60.0.3112.10 Safari/537.36',
  'accept' => 'text/html,application/xhtml+xml,application/xml;q=0.9,image/webp,image/apng,*/*;q=0.8',
  'referer' => 'http://localhost/Blogs/public/index.php/Admin/Index/index',
  'accept-encoding' => 'gzip, deflate, br',
  'accept-language' => 'zh-CN,zh;q=0.8',
)
[ info ] [ PARAM ] array (
)
[ info ] [ RUN ] app\admin\controller\Index->bar[ D:\wamp\www\Blogs\application\admin\controller\Index.php ]
[ info ] [ VIEW ] D:\wamp\www\Blogs\public/../application/admin\view\index\bar.html [ array (
) ]
[ info ] [ LOG ] INIT File
---------------------------------------------------------------
[ 2017-12-27T15:46:09+08:00 ] ::1 ::1 GET /Blogs/public/index.php/Admin/Index/top.html
[ info ] localhost/Blogs/public/index.php/Admin/Index/top.html [运行时间：0.106177s][吞吐率：9.42req/s] [内存消耗：1,928.48kb] [文件加载：45]
[ info ] [ LANG ] D:\wamp\www\Blogs\thinkphp\lang\zh-cn.php
[ info ] [ ROUTE ] array (
  'type' => 'module',
  'module' => 
  array (
    0 => 'Admin',
    1 => 'Index',
    2 => 'top',
  ),
)
[ info ] [ HEADER ] array (
  'host' => 'localhost',
  'connection' => 'keep-alive',
  'upgrade-insecure-requests' => '1',
  'user-agent' => 'Mozilla/5.0 (Windows NT 10.0; WOW64) AppleWebKit/537.36 (KHTML, like Gecko) Chrome/60.0.3112.10 Safari/537.36',
  'accept' => 'text/html,application/xhtml+xml,application/xml;q=0.9,image/webp,image/apng,*/*;q=0.8',
  'referer' => 'http://localhost/Blogs/public/index.php/Admin/Index/index',
  'accept-encoding' => 'gzip, deflate, br',
  'accept-language' => 'zh-CN,zh;q=0.8',
)
[ info ] [ PARAM ] array (
)
[ info ] [ RUN ] app\admin\controller\Index->top[ D:\wamp\www\Blogs\application\admin\controller\Index.php ]
[ info ] [ VIEW ] D:\wamp\www\Blogs\public/../application/admin\view\index\top.html [ array (
) ]
[ info ] [ LOG ] INIT File
---------------------------------------------------------------
[ 2017-12-27T15:46:09+08:00 ] ::1 ::1 GET /Blogs/public/index.php/Admin/Index/main.html
[ info ] localhost/Blogs/public/index.php/Admin/Index/main.html [运行时间：0.087391s][吞吐率：11.44req/s] [内存消耗：1,928.53kb] [文件加载：45]
[ info ] [ LANG ] D:\wamp\www\Blogs\thinkphp\lang\zh-cn.php
[ info ] [ ROUTE ] array (
  'type' => 'module',
  'module' => 
  array (
    0 => 'Admin',
    1 => 'Index',
    2 => 'main',
  ),
)
[ info ] [ HEADER ] array (
  'host' => 'localhost',
  'connection' => 'keep-alive',
  'upgrade-insecure-requests' => '1',
  'user-agent' => 'Mozilla/5.0 (Windows NT 10.0; WOW64) AppleWebKit/537.36 (KHTML, like Gecko) Chrome/60.0.3112.10 Safari/537.36',
  'accept' => 'text/html,application/xhtml+xml,application/xml;q=0.9,image/webp,image/apng,*/*;q=0.8',
  'referer' => 'http://localhost/Blogs/public/index.php/Admin/Index/index',
  'accept-encoding' => 'gzip, deflate, br',
  'accept-language' => 'zh-CN,zh;q=0.8',
)
[ info ] [ PARAM ] array (
)
[ info ] [ RUN ] app\admin\controller\Index->main[ D:\wamp\www\Blogs\application\admin\controller\Index.php ]
[ info ] [ VIEW ] D:\wamp\www\Blogs\public/../application/admin\view\index\main.html [ array (
) ]
[ info ] [ LOG ] INIT File
---------------------------------------------------------------
[ 2017-12-27T15:46:09+08:00 ] ::1 ::1 GET /Blogs/public/index.php/Admin/Index/menu.html
[ info ] localhost/Blogs/public/index.php/Admin/Index/menu.html [运行时间：0.125906s][吞吐率：7.94req/s] [内存消耗：1,928.53kb] [文件加载：45]
[ info ] [ LANG ] D:\wamp\www\Blogs\thinkphp\lang\zh-cn.php
[ info ] [ ROUTE ] array (
  'type' => 'module',
  'module' => 
  array (
    0 => 'Admin',
    1 => 'Index',
    2 => 'menu',
  ),
)
[ info ] [ HEADER ] array (
  'host' => 'localhost',
  'connection' => 'keep-alive',
  'upgrade-insecure-requests' => '1',
  'user-agent' => 'Mozilla/5.0 (Windows NT 10.0; WOW64) AppleWebKit/537.36 (KHTML, like Gecko) Chrome/60.0.3112.10 Safari/537.36',
  'accept' => 'text/html,application/xhtml+xml,application/xml;q=0.9,image/webp,image/apng,*/*;q=0.8',
  'referer' => 'http://localhost/Blogs/public/index.php/Admin/Index/index',
  'accept-encoding' => 'gzip, deflate, br',
  'accept-language' => 'zh-CN,zh;q=0.8',
)
[ info ] [ PARAM ] array (
)
[ info ] [ RUN ] app\admin\controller\Index->menu[ D:\wamp\www\Blogs\application\admin\controller\Index.php ]
[ info ] [ VIEW ] D:\wamp\www\Blogs\public/../application/admin\view\index\menu.html [ array (
) ]
[ info ] [ LOG ] INIT File
---------------------------------------------------------------
[ 2017-12-27T15:46:09+08:00 ] ::1 ::1 GET /Blogs/public/static/images/admin_bg.png
[ info ] localhost/Blogs/public/static/images/admin_bg.png [运行时间：0.225690s][吞吐率：4.43req/s] [内存消耗：1,633.70kb] [文件加载：39]
[ info ] [ LANG ] D:\wamp\www\Blogs\thinkphp\lang\zh-cn.php
[ info ] [ ROUTE ] array (
  'type' => 'module',
  'module' => 
  array (
    0 => 'static',
    1 => 'images',
    2 => 'admin_bg.png',
  ),
)
[ info ] [ HEADER ] array (
  'host' => 'localhost',
  'connection' => 'keep-alive',
  'user-agent' => 'Mozilla/5.0 (Windows NT 10.0; WOW64) AppleWebKit/537.36 (KHTML, like Gecko) Chrome/60.0.3112.10 Safari/537.36',
  'accept' => 'image/webp,image/apng,image/*,*/*;q=0.8',
  'referer' => 'http://localhost/Blogs/public/static/css/adminStyle.css',
  'accept-encoding' => 'gzip, deflate, br',
  'accept-language' => 'zh-CN,zh;q=0.8',
)
[ info ] [ PARAM ] array (
)
[ info ] [ LOG ] INIT File
---------------------------------------------------------------
[ 2017-12-27T15:46:09+08:00 ] ::1 ::1 GET /Blogs/public/static/js/eject.js
[ info ] localhost/Blogs/public/static/js/eject.js [运行时间：0.282479s][吞吐率：3.54req/s] [内存消耗：1,633.49kb] [文件加载：39]
[ info ] [ LANG ] D:\wamp\www\Blogs\thinkphp\lang\zh-cn.php
[ info ] [ ROUTE ] array (
  'type' => 'module',
  'module' => 
  array (
    0 => 'static',
    1 => 'js',
    2 => 'eject.js',
  ),
)
[ info ] [ HEADER ] array (
  'host' => 'localhost',
  'connection' => 'keep-alive',
  'user-agent' => 'Mozilla/5.0 (Windows NT 10.0; WOW64) AppleWebKit/537.36 (KHTML, like Gecko) Chrome/60.0.3112.10 Safari/537.36',
  'accept' => '*/*',
  'referer' => 'http://localhost/Blogs/public/index.php/Admin/Index/main.html',
  'accept-encoding' => 'gzip, deflate, br',
  'accept-language' => 'zh-CN,zh;q=0.8',
)
[ info ] [ PARAM ] array (
)
[ info ] [ LOG ] INIT File
---------------------------------------------------------------
[ 2017-12-27T15:46:09+08:00 ] ::1 ::1 GET /Blogs/public/static/imagearrow_left.gif
[ info ] localhost/Blogs/public/static/imagearrow_left.gif [运行时间：0.554787s][吞吐率：1.80req/s] [内存消耗：1,633.62kb] [文件加载：39]
[ info ] [ LANG ] D:\wamp\www\Blogs\thinkphp\lang\zh-cn.php
[ info ] [ ROUTE ] array (
  'type' => 'module',
  'module' => 
  array (
    0 => 'static',
    1 => 'imagearrow_left.gif',
    2 => NULL,
  ),
)
[ info ] [ HEADER ] array (
  'host' => 'localhost',
  'connection' => 'keep-alive',
  'user-agent' => 'Mozilla/5.0 (Windows NT 10.0; WOW64) AppleWebKit/537.36 (KHTML, like Gecko) Chrome/60.0.3112.10 Safari/537.36',
  'accept' => 'image/webp,image/apng,image/*,*/*;q=0.8',
  'referer' => 'http://localhost/Blogs/public/index.php/Admin/Index/bar.html',
  'accept-encoding' => 'gzip, deflate, br',
  'accept-language' => 'zh-CN,zh;q=0.8',
)
[ info ] [ PARAM ] array (
)
[ info ] [ LOG ] INIT File
e
---------------------------------------------------------------
[ 2017-12-27T15:46:09+08:00 ] ::1 ::1 GET /Blogs/public/static/images/admin_bg.png
[ info ] localhost/Blogs/public/static/images/admin_bg.png [运行时间：0.021969s][吞吐率：45.52req/s] [内存消耗：1,633.70kb] [文件加载：39]
[ info ] [ LANG ] D:\wamp\www\Blogs\thinkphp\lang\zh-cn.php
[ info ] [ ROUTE ] array (
  'type' => 'module',
  'module' => 
  array (
    0 => 'static',
    1 => 'images',
    2 => 'admin_bg.png',
  ),
)
[ info ] [ HEADER ] array (
  'host' => 'localhost',
  'connection' => 'keep-alive',
  'user-agent' => 'Mozilla/5.0 (Windows NT 10.0; WOW64) AppleWebKit/537.36 (KHTML, like Gecko) Chrome/60.0.3112.10 Safari/537.36',
  'accept' => 'image/webp,image/apng,image/*,*/*;q=0.8',
  'referer' => 'http://localhost/Blogs/public/static/css/adminStyle.css',
  'accept-encoding' => 'gzip, deflate, br',
  'accept-language' => 'zh-CN,zh;q=0.8',
)
[ info ] [ PARAM ] array (
)
[ info ] [ LOG ] INIT File
---------------------------------------------------------------
[ 2017-12-27T15:46:25+08:00 ] ::1 ::1 GET /Blogs/public/index.php/Admin/admin/file
[ info ] localhost/Blogs/public/index.php/Admin/admin/file [运行时间：0.088584s][吞吐率：11.29req/s] [内存消耗：2,209.66kb] [文件加载：48]
[ info ] [ LANG ] D:\wamp\www\Blogs\thinkphp\lang\zh-cn.php
[ info ] [ ROUTE ] array (
  'type' => 'module',
  'module' => 
  array (
    0 => 'Admin',
    1 => 'admin',
    2 => 'file',
  ),
)
[ info ] [ HEADER ] array (
  'host' => 'localhost',
  'connection' => 'keep-alive',
  'upgrade-insecure-requests' => '1',
  'user-agent' => 'Mozilla/5.0 (Windows NT 10.0; WOW64) AppleWebKit/537.36 (KHTML, like Gecko) Chrome/60.0.3112.10 Safari/537.36',
  'accept' => 'text/html,application/xhtml+xml,application/xml;q=0.9,image/webp,image/apng,*/*;q=0.8',
  'accept-encoding' => 'gzip, deflate, br',
  'accept-language' => 'zh-CN,zh;q=0.8',
)
[ info ] [ PARAM ] array (
)
[ info ] [ RUN ] app\Admin\controller\Admin->file[ D:\wamp\www\Blogs\application\admin\controller\Admin.php ]
[ info ] [ VIEW ] D:\wamp\www\Blogs\public/../application/admin\view\admin\file.html [ array (
) ]
[ info ] [ LOG ] INIT File
---------------------------------------------------------------
[ 2017-12-27T15:46:25+08:00 ] ::1 ::1 GET /Blogs/public/index.php/Admin/admin/jquery-1.11.3.min.js
[ info ] localhost/Blogs/public/index.php/Admin/admin/jquery-1.11.3.min.js [运行时间：0.023818s][吞吐率：41.99req/s] [内存消耗：2,010.89kb] [文件加载：46]
[ info ] [ LANG ] D:\wamp\www\Blogs\thinkphp\lang\zh-cn.php
[ info ] [ ROUTE ] array (
  'type' => 'module',
  'module' => 
  array (
    0 => 'Admin',
    1 => 'admin',
    2 => 'jquery-1.11.3.min.js',
  ),
)
[ info ] [ HEADER ] array (
  'host' => 'localhost',
  'connection' => 'keep-alive',
  'user-agent' => 'Mozilla/5.0 (Windows NT 10.0; WOW64) AppleWebKit/537.36 (KHTML, like Gecko) Chrome/60.0.3112.10 Safari/537.36',
  'accept' => '*/*',
  'referer' => 'http://localhost/Blogs/public/index.php/Admin/admin/file',
  'accept-encoding' => 'gzip, deflate, br',
  'accept-language' => 'zh-CN,zh;q=0.8',
)
[ info ] [ PARAM ] array (
)
[ info ] [ LOG ] INIT File
---------------------------------------------------------------
[ 2017-12-27T15:47:35+08:00 ] ::1 ::1 GET /Blogs/public/index.php/Admin/admin/file
[ info ] localhost/Blogs/public/index.php/Admin/admin/file [运行时间：0.035507s][吞吐率：28.16req/s] [内存消耗：2,209.95kb] [文件加载：48]
[ info ] [ LANG ] D:\wamp\www\Blogs\thinkphp\lang\zh-cn.php
[ info ] [ ROUTE ] array (
  'type' => 'module',
  'module' => 
  array (
    0 => 'Admin',
    1 => 'admin',
    2 => 'file',
  ),
)
[ info ] [ HEADER ] array (
  'host' => 'localhost',
  'connection' => 'keep-alive',
  'cache-control' => 'max-age=0',
  'upgrade-insecure-requests' => '1',
  'user-agent' => 'Mozilla/5.0 (Windows NT 10.0; WOW64) AppleWebKit/537.36 (KHTML, like Gecko) Chrome/60.0.3112.10 Safari/537.36',
  'accept' => 'text/html,application/xhtml+xml,application/xml;q=0.9,image/webp,image/apng,*/*;q=0.8',
  'accept-encoding' => 'gzip, deflate, br',
  'accept-language' => 'zh-CN,zh;q=0.8',
)
[ info ] [ PARAM ] array (
)
[ info ] [ RUN ] app\Admin\controller\Admin->file[ D:\wamp\www\Blogs\application\admin\controller\Admin.php ]
[ info ] [ VIEW ] D:\wamp\www\Blogs\public/../application/admin\view\admin\file.html [ array (
) ]
[ info ] [ LOG ] INIT File
---------------------------------------------------------------
[ 2017-12-27T15:47:42+08:00 ] ::1 ::1 POST /Blogs/public/index.php/admin/admin/ajaxfile.html
[ info ] localhost/Blogs/public/index.php/admin/admin/ajaxfile.html [运行时间：0.084800s][吞吐率：11.79req/s] [内存消耗：1,972.72kb] [文件加载：44]
[ info ] [ LANG ] D:\wamp\www\Blogs\thinkphp\lang\zh-cn.php
[ info ] [ ROUTE ] array (
  'type' => 'module',
  'module' => 
  array (
    0 => 'admin',
    1 => 'admin',
    2 => 'ajaxfile',
  ),
)
[ info ] [ HEADER ] array (
  'host' => 'localhost',
  'connection' => 'keep-alive',
  'content-length' => '0',
  'accept' => '*/*',
  'origin' => 'http://localhost',
  'x-requested-with' => 'XMLHttpRequest',
  'user-agent' => 'Mozilla/5.0 (Windows NT 10.0; WOW64) AppleWebKit/537.36 (KHTML, like Gecko) Chrome/60.0.3112.10 Safari/537.36',
  'referer' => 'http://localhost/Blogs/public/index.php/Admin/admin/file',
  'accept-encoding' => 'gzip, deflate, br',
  'accept-language' => 'zh-CN,zh;q=0.8',
)
[ info ] [ PARAM ] array (
)
[ info ] [ RUN ] app\Admin\controller\Admin->ajaxfile[ D:\wamp\www\Blogs\application\admin\controller\Admin.php ]
[ info ] [ LOG ] INIT File
---------------------------------------------------------------
[ 2017-12-27T15:48:15+08:00 ] ::1 ::1 POST /Blogs/public/index.php/admin/admin/ajaxfile.html
[ info ] localhost/Blogs/public/index.php/admin/admin/ajaxfile.html [运行时间：0.037107s][吞吐率：26.95req/s] [内存消耗：1,972.72kb] [文件加载：44]
[ info ] [ LANG ] D:\wamp\www\Blogs\thinkphp\lang\zh-cn.php
[ info ] [ ROUTE ] array (
  'type' => 'module',
  'module' => 
  array (
    0 => 'admin',
    1 => 'admin',
    2 => 'ajaxfile',
  ),
)
[ info ] [ HEADER ] array (
  'host' => 'localhost',
  'connection' => 'keep-alive',
  'content-length' => '0',
  'accept' => '*/*',
  'origin' => 'http://localhost',
  'x-requested-with' => 'XMLHttpRequest',
  'user-agent' => 'Mozilla/5.0 (Windows NT 10.0; WOW64) AppleWebKit/537.36 (KHTML, like Gecko) Chrome/60.0.3112.10 Safari/537.36',
  'referer' => 'http://localhost/Blogs/public/index.php/Admin/admin/file',
  'accept-encoding' => 'gzip, deflate, br',
  'accept-language' => 'zh-CN,zh;q=0.8',
)
[ info ] [ PARAM ] array (
)
[ info ] [ RUN ] app\Admin\controller\Admin->ajaxfile[ D:\wamp\www\Blogs\application\admin\controller\Admin.php ]
[ info ] [ LOG ] INIT File
---------------------------------------------------------------
[ 2017-12-27T15:49:06+08:00 ] ::1 ::1 GET /Blogs/public/index.php/Admin/admin/file
[ info ] localhost/Blogs/public/index.php/Admin/admin/file [运行时间：0.036745s][吞吐率：27.21req/s] [内存消耗：2,209.93kb] [文件加载：48]
[ info ] [ LANG ] D:\wamp\www\Blogs\thinkphp\lang\zh-cn.php
[ info ] [ ROUTE ] array (
  'type' => 'module',
  'module' => 
  array (
    0 => 'Admin',
    1 => 'admin',
    2 => 'file',
  ),
)
[ info ] [ HEADER ] array (
  'host' => 'localhost',
  'connection' => 'keep-alive',
  'cache-control' => 'max-age=0',
  'upgrade-insecure-requests' => '1',
  'user-agent' => 'Mozilla/5.0 (Windows NT 10.0; WOW64) AppleWebKit/537.36 (KHTML, like Gecko) Chrome/60.0.3112.10 Safari/537.36',
  'accept' => 'text/html,application/xhtml+xml,application/xml;q=0.9,image/webp,image/apng,*/*;q=0.8',
  'accept-encoding' => 'gzip, deflate, br',
  'accept-language' => 'zh-CN,zh;q=0.8',
)
[ info ] [ PARAM ] array (
)
[ info ] [ RUN ] app\Admin\controller\Admin->file[ D:\wamp\www\Blogs\application\admin\controller\Admin.php ]
[ info ] [ VIEW ] D:\wamp\www\Blogs\public/../application/admin\view\admin\file.html [ array (
) ]
[ info ] [ LOG ] INIT File
---------------------------------------------------------------
[ 2017-12-27T15:49:23+08:00 ] ::1 ::1 GET /Blogs/public/index.php/Admin/admin/file
[ info ] localhost/Blogs/public/index.php/Admin/admin/file [运行时间：0.029455s][吞吐率：33.95req/s] [内存消耗：2,209.93kb] [文件加载：48]
[ info ] [ LANG ] D:\wamp\www\Blogs\thinkphp\lang\zh-cn.php
[ info ] [ ROUTE ] array (
  'type' => 'module',
  'module' => 
  array (
    0 => 'Admin',
    1 => 'admin',
    2 => 'file',
  ),
)
[ info ] [ HEADER ] array (
  'host' => 'localhost',
  'connection' => 'keep-alive',
  'cache-control' => 'max-age=0',
  'upgrade-insecure-requests' => '1',
  'user-agent' => 'Mozilla/5.0 (Windows NT 10.0; WOW64) AppleWebKit/537.36 (KHTML, like Gecko) Chrome/60.0.3112.10 Safari/537.36',
  'accept' => 'text/html,application/xhtml+xml,application/xml;q=0.9,image/webp,image/apng,*/*;q=0.8',
  'accept-encoding' => 'gzip, deflate, br',
  'accept-language' => 'zh-CN,zh;q=0.8',
)
[ info ] [ PARAM ] array (
)
[ info ] [ RUN ] app\Admin\controller\Admin->file[ D:\wamp\www\Blogs\application\admin\controller\Admin.php ]
[ info ] [ VIEW ] D:\wamp\www\Blogs\public/../application/admin\view\admin\file.html [ array (
) ]
[ info ] [ LOG ] INIT File
---------------------------------------------------------------
[ 2017-12-27T15:49:28+08:00 ] ::1 ::1 POST /Blogs/public/index.php/admin/admin/ajaxfile.html
[ info ] localhost/Blogs/public/index.php/admin/admin/ajaxfile.html [运行时间：0.024945s][吞吐率：40.09req/s] [内存消耗：1,972.72kb] [文件加载：44]
[ info ] [ LANG ] D:\wamp\www\Blogs\thinkphp\lang\zh-cn.php
[ info ] [ ROUTE ] array (
  'type' => 'module',
  'module' => 
  array (
    0 => 'admin',
    1 => 'admin',
    2 => 'ajaxfile',
  ),
)
[ info ] [ HEADER ] array (
  'host' => 'localhost',
  'connection' => 'keep-alive',
  'content-length' => '0',
  'accept' => '*/*',
  'origin' => 'http://localhost',
  'x-requested-with' => 'XMLHttpRequest',
  'user-agent' => 'Mozilla/5.0 (Windows NT 10.0; WOW64) AppleWebKit/537.36 (KHTML, like Gecko) Chrome/60.0.3112.10 Safari/537.36',
  'referer' => 'http://localhost/Blogs/public/index.php/Admin/admin/file',
  'accept-encoding' => 'gzip, deflate, br',
  'accept-language' => 'zh-CN,zh;q=0.8',
)
[ info ] [ PARAM ] array (
)
[ info ] [ RUN ] app\Admin\controller\Admin->ajaxfile[ D:\wamp\www\Blogs\application\admin\controller\Admin.php ]
[ info ] [ LOG ] INIT File
---------------------------------------------------------------
[ 2017-12-27T15:49:46+08:00 ] ::1 ::1 GET /Blogs/public/index.php/Admin/admin/file
[ info ] localhost/Blogs/public/index.php/Admin/admin/file [运行时间：0.040122s][吞吐率：24.92req/s] [内存消耗：2,209.93kb] [文件加载：48]
[ info ] [ LANG ] D:\wamp\www\Blogs\thinkphp\lang\zh-cn.php
[ info ] [ ROUTE ] array (
  'type' => 'module',
  'module' => 
  array (
    0 => 'Admin',
    1 => 'admin',
    2 => 'file',
  ),
)
[ info ] [ HEADER ] array (
  'host' => 'localhost',
  'connection' => 'keep-alive',
  'cache-control' => 'max-age=0',
  'upgrade-insecure-requests' => '1',
  'user-agent' => 'Mozilla/5.0 (Windows NT 10.0; WOW64) AppleWebKit/537.36 (KHTML, like Gecko) Chrome/60.0.3112.10 Safari/537.36',
  'accept' => 'text/html,application/xhtml+xml,application/xml;q=0.9,image/webp,image/apng,*/*;q=0.8',
  'accept-encoding' => 'gzip, deflate, br',
  'accept-language' => 'zh-CN,zh;q=0.8',
)
[ info ] [ PARAM ] array (
)
[ info ] [ RUN ] app\Admin\controller\Admin->file[ D:\wamp\www\Blogs\application\admin\controller\Admin.php ]
[ info ] [ VIEW ] D:\wamp\www\Blogs\public/../application/admin\view\admin\file.html [ array (
) ]
[ info ] [ LOG ] INIT File
---------------------------------------------------------------
[ 2017-12-27T15:49:50+08:00 ] ::1 ::1 POST /Blogs/public/index.php/admin/admin/ajaxfile.html
[ info ] localhost/Blogs/public/index.php/admin/admin/ajaxfile.html [运行时间：0.025076s][吞吐率：39.88req/s] [内存消耗：1,973.06kb] [文件加载：44]
[ info ] [ LANG ] D:\wamp\www\Blogs\thinkphp\lang\zh-cn.php
[ info ] [ ROUTE ] array (
  'type' => 'module',
  'module' => 
  array (
    0 => 'admin',
    1 => 'admin',
    2 => 'ajaxfile',
  ),
)
[ info ] [ HEADER ] array (
  'host' => 'localhost',
  'connection' => 'keep-alive',
  'content-length' => '19',
  'accept' => '*/*',
  'origin' => 'http://localhost',
  'x-requested-with' => 'XMLHttpRequest',
  'user-agent' => 'Mozilla/5.0 (Windows NT 10.0; WOW64) AppleWebKit/537.36 (KHTML, like Gecko) Chrome/60.0.3112.10 Safari/537.36',
  'content-type' => 'application/x-www-form-urlencoded; charset=UTF-8',
  'referer' => 'http://localhost/Blogs/public/index.php/Admin/admin/file',
  'accept-encoding' => 'gzip, deflate, br',
  'accept-language' => 'zh-CN,zh;q=0.8',
)
[ info ] [ PARAM ] array (
)
[ info ] [ RUN ] app\Admin\controller\Admin->ajaxfile[ D:\wamp\www\Blogs\application\admin\controller\Admin.php ]
[ info ] [ LOG ] INIT File
---------------------------------------------------------------
[ 2017-12-27T15:52:42+08:00 ] ::1 ::1 GET /Blogs/public/index.php/Admin/admin/file
[ info ] localhost/Blogs/public/index.php/Admin/admin/file [运行时间：0.040378s][吞吐率：24.77req/s] [内存消耗：2,209.93kb] [文件加载：48]
[ info ] [ LANG ] D:\wamp\www\Blogs\thinkphp\lang\zh-cn.php
[ info ] [ ROUTE ] array (
  'type' => 'module',
  'module' => 
  array (
    0 => 'Admin',
    1 => 'admin',
    2 => 'file',
  ),
)
[ info ] [ HEADER ] array (
  'host' => 'localhost',
  'connection' => 'keep-alive',
  'cache-control' => 'max-age=0',
  'upgrade-insecure-requests' => '1',
  'user-agent' => 'Mozilla/5.0 (Windows NT 10.0; WOW64) AppleWebKit/537.36 (KHTML, like Gecko) Chrome/60.0.3112.10 Safari/537.36',
  'accept' => 'text/html,application/xhtml+xml,application/xml;q=0.9,image/webp,image/apng,*/*;q=0.8',
  'accept-encoding' => 'gzip, deflate, br',
  'accept-language' => 'zh-CN,zh;q=0.8',
)
[ info ] [ PARAM ] array (
)
[ info ] [ RUN ] app\Admin\controller\Admin->file[ D:\wamp\www\Blogs\application\admin\controller\Admin.php ]
[ info ] [ VIEW ] D:\wamp\www\Blogs\public/../application/admin\view\admin\file.html [ array (
) ]
[ info ] [ LOG ] INIT File
---------------------------------------------------------------
[ 2017-12-27T15:52:46+08:00 ] ::1 ::1 POST /Blogs/public/index.php/admin/admin/ajaxfile.html
[ info ] localhost/Blogs/public/index.php/admin/admin/ajaxfile.html [运行时间：0.029036s][吞吐率：34.44req/s] [内存消耗：1,973.06kb] [文件加载：44]
[ info ] [ LANG ] D:\wamp\www\Blogs\thinkphp\lang\zh-cn.php
[ info ] [ ROUTE ] array (
  'type' => 'module',
  'module' => 
  array (
    0 => 'admin',
    1 => 'admin',
    2 => 'ajaxfile',
  ),
)
[ info ] [ HEADER ] array (
  'host' => 'localhost',
  'connection' => 'keep-alive',
  'content-length' => '19',
  'accept' => '*/*',
  'origin' => 'http://localhost',
  'x-requested-with' => 'XMLHttpRequest',
  'user-agent' => 'Mozilla/5.0 (Windows NT 10.0; WOW64) AppleWebKit/537.36 (KHTML, like Gecko) Chrome/60.0.3112.10 Safari/537.36',
  'content-type' => 'application/x-www-form-urlencoded; charset=UTF-8',
  'referer' => 'http://localhost/Blogs/public/index.php/Admin/admin/file',
  'accept-encoding' => 'gzip, deflate, br',
  'accept-language' => 'zh-CN,zh;q=0.8',
)
[ info ] [ PARAM ] array (
)
[ info ] [ RUN ] app\Admin\controller\Admin->ajaxfile[ D:\wamp\www\Blogs\application\admin\controller\Admin.php ]
[ info ] [ LOG ] INIT File
---------------------------------------------------------------
[ 2017-12-27T15:54:26+08:00 ] ::1 ::1 GET /Blogs/public/index.php/Admin/admin/file
[ info ] localhost/Blogs/public/index.php/Admin/admin/file [运行时间：0.035076s][吞吐率：28.51req/s] [内存消耗：2,209.95kb] [文件加载：48]
[ info ] [ LANG ] D:\wamp\www\Blogs\thinkphp\lang\zh-cn.php
[ info ] [ ROUTE ] array (
  'type' => 'module',
  'module' => 
  array (
    0 => 'Admin',
    1 => 'admin',
    2 => 'file',
  ),
)
[ info ] [ HEADER ] array (
  'host' => 'localhost',
  'connection' => 'keep-alive',
  'cache-control' => 'max-age=0',
  'upgrade-insecure-requests' => '1',
  'user-agent' => 'Mozilla/5.0 (Windows NT 10.0; WOW64) AppleWebKit/537.36 (KHTML, like Gecko) Chrome/60.0.3112.10 Safari/537.36',
  'accept' => 'text/html,application/xhtml+xml,application/xml;q=0.9,image/webp,image/apng,*/*;q=0.8',
  'accept-encoding' => 'gzip, deflate, br',
  'accept-language' => 'zh-CN,zh;q=0.8',
)
[ info ] [ PARAM ] array (
)
[ info ] [ RUN ] app\Admin\controller\Admin->file[ D:\wamp\www\Blogs\application\admin\controller\Admin.php ]
[ info ] [ VIEW ] D:\wamp\www\Blogs\public/../application/admin\view\admin\file.html [ array (
) ]
[ info ] [ LOG ] INIT File
---------------------------------------------------------------
[ 2017-12-27T15:54:29+08:00 ] ::1 ::1 POST /Blogs/public/index.php/admin/admin/ajaxfile.html
[ info ] localhost/Blogs/public/index.php/admin/admin/ajaxfile.html [运行时间：0.029317s][吞吐率：34.11req/s] [内存消耗：1,972.72kb] [文件加载：44]
[ info ] [ LANG ] D:\wamp\www\Blogs\thinkphp\lang\zh-cn.php
[ info ] [ ROUTE ] array (
  'type' => 'module',
  'module' => 
  array (
    0 => 'admin',
    1 => 'admin',
    2 => 'ajaxfile',
  ),
)
[ info ] [ HEADER ] array (
  'host' => 'localhost',
  'connection' => 'keep-alive',
  'content-length' => '0',
  'accept' => '*/*',
  'origin' => 'http://localhost',
  'x-requested-with' => 'XMLHttpRequest',
  'user-agent' => 'Mozilla/5.0 (Windows NT 10.0; WOW64) AppleWebKit/537.36 (KHTML, like Gecko) Chrome/60.0.3112.10 Safari/537.36',
  'referer' => 'http://localhost/Blogs/public/index.php/Admin/admin/file',
  'accept-encoding' => 'gzip, deflate, br',
  'accept-language' => 'zh-CN,zh;q=0.8',
)
[ info ] [ PARAM ] array (
)
[ info ] [ RUN ] app\Admin\controller\Admin->ajaxfile[ D:\wamp\www\Blogs\application\admin\controller\Admin.php ]
[ info ] [ LOG ] INIT File
---------------------------------------------------------------
[ 2017-12-27T15:55:12+08:00 ] ::1 ::1 GET /Blogs/public/index.php/Admin/admin/file
[ info ] localhost/Blogs/public/index.php/Admin/admin/file [运行时间：0.038489s][吞吐率：25.98req/s] [内存消耗：2,209.94kb] [文件加载：48]
[ info ] [ LANG ] D:\wamp\www\Blogs\thinkphp\lang\zh-cn.php
[ info ] [ ROUTE ] array (
  'type' => 'module',
  'module' => 
  array (
    0 => 'Admin',
    1 => 'admin',
    2 => 'file',
  ),
)
[ info ] [ HEADER ] array (
  'host' => 'localhost',
  'connection' => 'keep-alive',
  'cache-control' => 'max-age=0',
  'upgrade-insecure-requests' => '1',
  'user-agent' => 'Mozilla/5.0 (Windows NT 10.0; WOW64) AppleWebKit/537.36 (KHTML, like Gecko) Chrome/60.0.3112.10 Safari/537.36',
  'accept' => 'text/html,application/xhtml+xml,application/xml;q=0.9,image/webp,image/apng,*/*;q=0.8',
  'accept-encoding' => 'gzip, deflate, br',
  'accept-language' => 'zh-CN,zh;q=0.8',
)
[ info ] [ PARAM ] array (
)
[ info ] [ RUN ] app\Admin\controller\Admin->file[ D:\wamp\www\Blogs\application\admin\controller\Admin.php ]
[ info ] [ VIEW ] D:\wamp\www\Blogs\public/../application/admin\view\admin\file.html [ array (
) ]
[ info ] [ LOG ] INIT File
---------------------------------------------------------------
[ 2017-12-27T15:55:15+08:00 ] ::1 ::1 POST /Blogs/public/index.php/admin/admin/ajaxfile.html
[ info ] localhost/Blogs/public/index.php/admin/admin/ajaxfile.html [运行时间：0.025398s][吞吐率：39.37req/s] [内存消耗：1,972.72kb] [文件加载：44]
[ info ] [ LANG ] D:\wamp\www\Blogs\thinkphp\lang\zh-cn.php
[ info ] [ ROUTE ] array (
  'type' => 'module',
  'module' => 
  array (
    0 => 'admin',
    1 => 'admin',
    2 => 'ajaxfile',
  ),
)
[ info ] [ HEADER ] array (
  'host' => 'localhost',
  'connection' => 'keep-alive',
  'content-length' => '0',
  'accept' => '*/*',
  'origin' => 'http://localhost',
  'x-requested-with' => 'XMLHttpRequest',
  'user-agent' => 'Mozilla/5.0 (Windows NT 10.0; WOW64) AppleWebKit/537.36 (KHTML, like Gecko) Chrome/60.0.3112.10 Safari/537.36',
  'referer' => 'http://localhost/Blogs/public/index.php/Admin/admin/file',
  'accept-encoding' => 'gzip, deflate, br',
  'accept-language' => 'zh-CN,zh;q=0.8',
)
[ info ] [ PARAM ] array (
)
[ info ] [ RUN ] app\Admin\controller\Admin->ajaxfile[ D:\wamp\www\Blogs\application\admin\controller\Admin.php ]
[ info ] [ LOG ] INIT File
---------------------------------------------------------------
[ 2017-12-27T15:55:47+08:00 ] ::1 ::1 GET /Blogs/public/index.php/Admin/admin/file
[ info ] localhost/Blogs/public/index.php/Admin/admin/file [运行时间：0.037267s][吞吐率：26.83req/s] [内存消耗：2,209.97kb] [文件加载：48]
[ info ] [ LANG ] D:\wamp\www\Blogs\thinkphp\lang\zh-cn.php
[ info ] [ ROUTE ] array (
  'type' => 'module',
  'module' => 
  array (
    0 => 'Admin',
    1 => 'admin',
    2 => 'file',
  ),
)
[ info ] [ HEADER ] array (
  'host' => 'localhost',
  'connection' => 'keep-alive',
  'cache-control' => 'max-age=0',
  'upgrade-insecure-requests' => '1',
  'user-agent' => 'Mozilla/5.0 (Windows NT 10.0; WOW64) AppleWebKit/537.36 (KHTML, like Gecko) Chrome/60.0.3112.10 Safari/537.36',
  'accept' => 'text/html,application/xhtml+xml,application/xml;q=0.9,image/webp,image/apng,*/*;q=0.8',
  'accept-encoding' => 'gzip, deflate, br',
  'accept-language' => 'zh-CN,zh;q=0.8',
)
[ info ] [ PARAM ] array (
)
[ info ] [ RUN ] app\Admin\controller\Admin->file[ D:\wamp\www\Blogs\application\admin\controller\Admin.php ]
[ info ] [ VIEW ] D:\wamp\www\Blogs\public/../application/admin\view\admin\file.html [ array (
) ]
[ info ] [ LOG ] INIT File
---------------------------------------------------------------
[ 2017-12-27T15:55:49+08:00 ] ::1 ::1 POST /Blogs/public/index.php/admin/admin/ajaxfile.html
[ info ] localhost/Blogs/public/index.php/admin/admin/ajaxfile.html [运行时间：0.027245s][吞吐率：36.70req/s] [内存消耗：1,972.72kb] [文件加载：44]
[ info ] [ LANG ] D:\wamp\www\Blogs\thinkphp\lang\zh-cn.php
[ info ] [ ROUTE ] array (
  'type' => 'module',
  'module' => 
  array (
    0 => 'admin',
    1 => 'admin',
    2 => 'ajaxfile',
  ),
)
[ info ] [ HEADER ] array (
  'host' => 'localhost',
  'connection' => 'keep-alive',
  'content-length' => '0',
  'accept' => '*/*',
  'origin' => 'http://localhost',
  'x-requested-with' => 'XMLHttpRequest',
  'user-agent' => 'Mozilla/5.0 (Windows NT 10.0; WOW64) AppleWebKit/537.36 (KHTML, like Gecko) Chrome/60.0.3112.10 Safari/537.36',
  'referer' => 'http://localhost/Blogs/public/index.php/Admin/admin/file',
  'accept-encoding' => 'gzip, deflate, br',
  'accept-language' => 'zh-CN,zh;q=0.8',
)
[ info ] [ PARAM ] array (
)
[ info ] [ RUN ] app\Admin\controller\Admin->ajaxfile[ D:\wamp\www\Blogs\application\admin\controller\Admin.php ]
[ info ] [ LOG ] INIT File
---------------------------------------------------------------
[ 2017-12-27T15:56:27+08:00 ] ::1 ::1 GET /Blogs/public/index.php/Admin/admin/file
[ info ] localhost/Blogs/public/index.php/Admin/admin/file [运行时间：0.035037s][吞吐率：28.54req/s] [内存消耗：2,209.99kb] [文件加载：48]
[ info ] [ LANG ] D:\wamp\www\Blogs\thinkphp\lang\zh-cn.php
[ info ] [ ROUTE ] array (
  'type' => 'module',
  'module' => 
  array (
    0 => 'Admin',
    1 => 'admin',
    2 => 'file',
  ),
)
[ info ] [ HEADER ] array (
  'host' => 'localhost',
  'connection' => 'keep-alive',
  'cache-control' => 'max-age=0',
  'upgrade-insecure-requests' => '1',
  'user-agent' => 'Mozilla/5.0 (Windows NT 10.0; WOW64) AppleWebKit/537.36 (KHTML, like Gecko) Chrome/60.0.3112.10 Safari/537.36',
  'accept' => 'text/html,application/xhtml+xml,application/xml;q=0.9,image/webp,image/apng,*/*;q=0.8',
  'accept-encoding' => 'gzip, deflate, br',
  'accept-language' => 'zh-CN,zh;q=0.8',
)
[ info ] [ PARAM ] array (
)
[ info ] [ RUN ] app\Admin\controller\Admin->file[ D:\wamp\www\Blogs\application\admin\controller\Admin.php ]
[ info ] [ VIEW ] D:\wamp\www\Blogs\public/../application/admin\view\admin\file.html [ array (
) ]
[ info ] [ LOG ] INIT File
---------------------------------------------------------------
[ 2017-12-27T15:56:29+08:00 ] ::1 ::1 POST /Blogs/public/index.php/admin/admin/ajaxfile.html
[ info ] localhost/Blogs/public/index.php/admin/admin/ajaxfile.html [运行时间：0.026304s][吞吐率：38.02req/s] [内存消耗：1,972.72kb] [文件加载：44]
[ info ] [ LANG ] D:\wamp\www\Blogs\thinkphp\lang\zh-cn.php
[ info ] [ ROUTE ] array (
  'type' => 'module',
  'module' => 
  array (
    0 => 'admin',
    1 => 'admin',
    2 => 'ajaxfile',
  ),
)
[ info ] [ HEADER ] array (
  'host' => 'localhost',
  'connection' => 'keep-alive',
  'content-length' => '0',
  'accept' => '*/*',
  'origin' => 'http://localhost',
  'x-requested-with' => 'XMLHttpRequest',
  'user-agent' => 'Mozilla/5.0 (Windows NT 10.0; WOW64) AppleWebKit/537.36 (KHTML, like Gecko) Chrome/60.0.3112.10 Safari/537.36',
  'referer' => 'http://localhost/Blogs/public/index.php/Admin/admin/file',
  'accept-encoding' => 'gzip, deflate, br',
  'accept-language' => 'zh-CN,zh;q=0.8',
)
[ info ] [ PARAM ] array (
)
[ info ] [ RUN ] app\Admin\controller\Admin->ajaxfile[ D:\wamp\www\Blogs\application\admin\controller\Admin.php ]
[ info ] [ LOG ] INIT File
---------------------------------------------------------------
[ 2017-12-27T15:57:33+08:00 ] ::1 ::1 GET /Blogs/public/index.php/Admin/admin/file
[ info ] localhost/Blogs/public/index.php/Admin/admin/file [运行时间：0.038315s][吞吐率：26.10req/s] [内存消耗：2,210.02kb] [文件加载：48]
[ info ] [ LANG ] D:\wamp\www\Blogs\thinkphp\lang\zh-cn.php
[ info ] [ ROUTE ] array (
  'type' => 'module',
  'module' => 
  array (
    0 => 'Admin',
    1 => 'admin',
    2 => 'file',
  ),
)
[ info ] [ HEADER ] array (
  'host' => 'localhost',
  'connection' => 'keep-alive',
  'cache-control' => 'max-age=0',
  'upgrade-insecure-requests' => '1',
  'user-agent' => 'Mozilla/5.0 (Windows NT 10.0; WOW64) AppleWebKit/537.36 (KHTML, like Gecko) Chrome/60.0.3112.10 Safari/537.36',
  'accept' => 'text/html,application/xhtml+xml,application/xml;q=0.9,image/webp,image/apng,*/*;q=0.8',
  'accept-encoding' => 'gzip, deflate, br',
  'accept-language' => 'zh-CN,zh;q=0.8',
)
[ info ] [ PARAM ] array (
)
[ info ] [ RUN ] app\Admin\controller\Admin->file[ D:\wamp\www\Blogs\application\admin\controller\Admin.php ]
[ info ] [ VIEW ] D:\wamp\www\Blogs\public/../application/admin\view\admin\file.html [ array (
) ]
[ info ] [ LOG ] INIT File
---------------------------------------------------------------
[ 2017-12-27T15:57:36+08:00 ] ::1 ::1 POST /Blogs/public/index.php/admin/admin/ajaxfile.html
[ info ] localhost/Blogs/public/index.php/admin/admin/ajaxfile.html [运行时间：0.032075s][吞吐率：31.18req/s] [内存消耗：1,972.72kb] [文件加载：44]
[ info ] [ LANG ] D:\wamp\www\Blogs\thinkphp\lang\zh-cn.php
[ info ] [ ROUTE ] array (
  'type' => 'module',
  'module' => 
  array (
    0 => 'admin',
    1 => 'admin',
    2 => 'ajaxfile',
  ),
)
[ info ] [ HEADER ] array (
  'host' => 'localhost',
  'connection' => 'keep-alive',
  'content-length' => '0',
  'accept' => '*/*',
  'origin' => 'http://localhost',
  'x-requested-with' => 'XMLHttpRequest',
  'user-agent' => 'Mozilla/5.0 (Windows NT 10.0; WOW64) AppleWebKit/537.36 (KHTML, like Gecko) Chrome/60.0.3112.10 Safari/537.36',
  'referer' => 'http://localhost/Blogs/public/index.php/Admin/admin/file',
  'accept-encoding' => 'gzip, deflate, br',
  'accept-language' => 'zh-CN,zh;q=0.8',
)
[ info ] [ PARAM ] array (
)
[ info ] [ RUN ] app\Admin\controller\Admin->ajaxfile[ D:\wamp\www\Blogs\application\admin\controller\Admin.php ]
[ info ] [ LOG ] INIT File
---------------------------------------------------------------
[ 2017-12-27T16:01:32+08:00 ] ::1 ::1 GET /Blogs/public/index.php/Admin/admin/file
[ info ] localhost/Blogs/public/index.php/Admin/admin/file [运行时间：0.043795s][吞吐率：22.83req/s] [内存消耗：2,209.96kb] [文件加载：48]
[ info ] [ LANG ] D:\wamp\www\Blogs\thinkphp\lang\zh-cn.php
[ info ] [ ROUTE ] array (
  'type' => 'module',
  'module' => 
  array (
    0 => 'Admin',
    1 => 'admin',
    2 => 'file',
  ),
)
[ info ] [ HEADER ] array (
  'host' => 'localhost',
  'connection' => 'keep-alive',
  'cache-control' => 'max-age=0',
  'upgrade-insecure-requests' => '1',
  'user-agent' => 'Mozilla/5.0 (Windows NT 10.0; WOW64) AppleWebKit/537.36 (KHTML, like Gecko) Chrome/60.0.3112.10 Safari/537.36',
  'accept' => 'text/html,application/xhtml+xml,application/xml;q=0.9,image/webp,image/apng,*/*;q=0.8',
  'accept-encoding' => 'gzip, deflate, br',
  'accept-language' => 'zh-CN,zh;q=0.8',
)
[ info ] [ PARAM ] array (
)
[ info ] [ RUN ] app\Admin\controller\Admin->file[ D:\wamp\www\Blogs\application\admin\controller\Admin.php ]
[ info ] [ VIEW ] D:\wamp\www\Blogs\public/../application/admin\view\admin\file.html [ array (
) ]
[ info ] [ LOG ] INIT File
---------------------------------------------------------------
[ 2017-12-27T16:05:42+08:00 ] ::1 ::1 GET /Blogs/public/index.php/Admin/admin/file
[ info ] localhost/Blogs/public/index.php/Admin/admin/file [运行时间：0.042368s][吞吐率：23.60req/s] [内存消耗：2,209.94kb] [文件加载：48]
[ info ] [ LANG ] D:\wamp\www\Blogs\thinkphp\lang\zh-cn.php
[ info ] [ ROUTE ] array (
  'type' => 'module',
  'module' => 
  array (
    0 => 'Admin',
    1 => 'admin',
    2 => 'file',
  ),
)
[ info ] [ HEADER ] array (
  'host' => 'localhost',
  'connection' => 'keep-alive',
  'cache-control' => 'max-age=0',
  'upgrade-insecure-requests' => '1',
  'user-agent' => 'Mozilla/5.0 (Windows NT 10.0; WOW64) AppleWebKit/537.36 (KHTML, like Gecko) Chrome/60.0.3112.10 Safari/537.36',
  'accept' => 'text/html,application/xhtml+xml,application/xml;q=0.9,image/webp,image/apng,*/*;q=0.8',
  'accept-encoding' => 'gzip, deflate, br',
  'accept-language' => 'zh-CN,zh;q=0.8',
)
[ info ] [ PARAM ] array (
)
[ info ] [ RUN ] app\Admin\controller\Admin->file[ D:\wamp\www\Blogs\application\admin\controller\Admin.php ]
[ info ] [ VIEW ] D:\wamp\www\Blogs\public/../application/admin\view\admin\file.html [ array (
) ]
[ info ] [ LOG ] INIT File
---------------------------------------------------------------
[ 2017-12-27T16:05:54+08:00 ] ::1 ::1 GET /Blogs/public/index.php/Admin/admin/file
[ info ] localhost/Blogs/public/index.php/Admin/admin/file [运行时间：0.034371s][吞吐率：29.09req/s] [内存消耗：2,209.96kb] [文件加载：48]
[ info ] [ LANG ] D:\wamp\www\Blogs\thinkphp\lang\zh-cn.php
[ info ] [ ROUTE ] array (
  'type' => 'module',
  'module' => 
  array (
    0 => 'Admin',
    1 => 'admin',
    2 => 'file',
  ),
)
[ info ] [ HEADER ] array (
  'host' => 'localhost',
  'connection' => 'keep-alive',
  'cache-control' => 'max-age=0',
  'upgrade-insecure-requests' => '1',
  'user-agent' => 'Mozilla/5.0 (Windows NT 10.0; WOW64) AppleWebKit/537.36 (KHTML, like Gecko) Chrome/60.0.3112.10 Safari/537.36',
  'accept' => 'text/html,application/xhtml+xml,application/xml;q=0.9,image/webp,image/apng,*/*;q=0.8',
  'accept-encoding' => 'gzip, deflate, br',
  'accept-language' => 'zh-CN,zh;q=0.8',
)
[ info ] [ PARAM ] array (
)
[ info ] [ RUN ] app\Admin\controller\Admin->file[ D:\wamp\www\Blogs\application\admin\controller\Admin.php ]
[ info ] [ VIEW ] D:\wamp\www\Blogs\public/../application/admin\view\admin\file.html [ array (
) ]
[ info ] [ LOG ] INIT File
---------------------------------------------------------------
[ 2017-12-27T16:05:57+08:00 ] ::1 ::1 POST /Blogs/public/index.php/admin/admin/ajaxfile.html
[ info ] localhost/Blogs/public/index.php/admin/admin/ajaxfile.html [运行时间：0.020287s][吞吐率：49.29req/s] [内存消耗：1,972.72kb] [文件加载：44]
[ info ] [ LANG ] D:\wamp\www\Blogs\thinkphp\lang\zh-cn.php
[ info ] [ ROUTE ] array (
  'type' => 'module',
  'module' => 
  array (
    0 => 'admin',
    1 => 'admin',
    2 => 'ajaxfile',
  ),
)
[ info ] [ HEADER ] array (
  'host' => 'localhost',
  'connection' => 'keep-alive',
  'content-length' => '0',
  'accept' => '*/*',
  'origin' => 'http://localhost',
  'x-requested-with' => 'XMLHttpRequest',
  'user-agent' => 'Mozilla/5.0 (Windows NT 10.0; WOW64) AppleWebKit/537.36 (KHTML, like Gecko) Chrome/60.0.3112.10 Safari/537.36',
  'referer' => 'http://localhost/Blogs/public/index.php/Admin/admin/file',
  'accept-encoding' => 'gzip, deflate, br',
  'accept-language' => 'zh-CN,zh;q=0.8',
)
[ info ] [ PARAM ] array (
)
[ info ] [ RUN ] app\Admin\controller\Admin->ajaxfile[ D:\wamp\www\Blogs\application\admin\controller\Admin.php ]
[ info ] [ LOG ] INIT File
---------------------------------------------------------------
[ 2017-12-27T16:06:36+08:00 ] ::1 ::1 GET /Blogs/public/index.php/Admin/admin/file
[ info ] localhost/Blogs/public/index.php/Admin/admin/file [运行时间：0.033007s][吞吐率：30.30req/s] [内存消耗：2,209.94kb] [文件加载：48]
[ info ] [ LANG ] D:\wamp\www\Blogs\thinkphp\lang\zh-cn.php
[ info ] [ ROUTE ] array (
  'type' => 'module',
  'module' => 
  array (
    0 => 'Admin',
    1 => 'admin',
    2 => 'file',
  ),
)
[ info ] [ HEADER ] array (
  'host' => 'localhost',
  'connection' => 'keep-alive',
  'cache-control' => 'max-age=0',
  'upgrade-insecure-requests' => '1',
  'user-agent' => 'Mozilla/5.0 (Windows NT 10.0; WOW64) AppleWebKit/537.36 (KHTML, like Gecko) Chrome/60.0.3112.10 Safari/537.36',
  'accept' => 'text/html,application/xhtml+xml,application/xml;q=0.9,image/webp,image/apng,*/*;q=0.8',
  'accept-encoding' => 'gzip, deflate, br',
  'accept-language' => 'zh-CN,zh;q=0.8',
)
[ info ] [ PARAM ] array (
)
[ info ] [ RUN ] app\Admin\controller\Admin->file[ D:\wamp\www\Blogs\application\admin\controller\Admin.php ]
[ info ] [ VIEW ] D:\wamp\www\Blogs\public/../application/admin\view\admin\file.html [ array (
) ]
[ info ] [ LOG ] INIT File
---------------------------------------------------------------
[ 2017-12-27T16:06:39+08:00 ] ::1 ::1 POST /Blogs/public/index.php/admin/admin/ajaxfile.html
[ info ] localhost/Blogs/public/index.php/admin/admin/ajaxfile.html [运行时间：0.029614s][吞吐率：33.77req/s] [内存消耗：1,972.72kb] [文件加载：44]
[ info ] [ LANG ] D:\wamp\www\Blogs\thinkphp\lang\zh-cn.php
[ info ] [ ROUTE ] array (
  'type' => 'module',
  'module' => 
  array (
    0 => 'admin',
    1 => 'admin',
    2 => 'ajaxfile',
  ),
)
[ info ] [ HEADER ] array (
  'host' => 'localhost',
  'connection' => 'keep-alive',
  'content-length' => '0',
  'accept' => '*/*',
  'origin' => 'http://localhost',
  'x-requested-with' => 'XMLHttpRequest',
  'user-agent' => 'Mozilla/5.0 (Windows NT 10.0; WOW64) AppleWebKit/537.36 (KHTML, like Gecko) Chrome/60.0.3112.10 Safari/537.36',
  'referer' => 'http://localhost/Blogs/public/index.php/Admin/admin/file',
  'accept-encoding' => 'gzip, deflate, br',
  'accept-language' => 'zh-CN,zh;q=0.8',
)
[ info ] [ PARAM ] array (
)
[ info ] [ RUN ] app\Admin\controller\Admin->ajaxfile[ D:\wamp\www\Blogs\application\admin\controller\Admin.php ]
[ info ] [ LOG ] INIT File
---------------------------------------------------------------
[ 2017-12-27T16:07:07+08:00 ] ::1 ::1 GET /Blogs/public/index.php/Admin/admin/file
[ info ] localhost/Blogs/public/index.php/Admin/admin/file [运行时间：0.047245s][吞吐率：21.17req/s] [内存消耗：2,209.97kb] [文件加载：48]
[ info ] [ LANG ] D:\wamp\www\Blogs\thinkphp\lang\zh-cn.php
[ info ] [ ROUTE ] array (
  'type' => 'module',
  'module' => 
  array (
    0 => 'Admin',
    1 => 'admin',
    2 => 'file',
  ),
)
[ info ] [ HEADER ] array (
  'host' => 'localhost',
  'connection' => 'keep-alive',
  'cache-control' => 'max-age=0',
  'upgrade-insecure-requests' => '1',
  'user-agent' => 'Mozilla/5.0 (Windows NT 10.0; WOW64) AppleWebKit/537.36 (KHTML, like Gecko) Chrome/60.0.3112.10 Safari/537.36',
  'accept' => 'text/html,application/xhtml+xml,application/xml;q=0.9,image/webp,image/apng,*/*;q=0.8',
  'accept-encoding' => 'gzip, deflate, br',
  'accept-language' => 'zh-CN,zh;q=0.8',
)
[ info ] [ PARAM ] array (
)
[ info ] [ RUN ] app\Admin\controller\Admin->file[ D:\wamp\www\Blogs\application\admin\controller\Admin.php ]
[ info ] [ VIEW ] D:\wamp\www\Blogs\public/../application/admin\view\admin\file.html [ array (
) ]
[ info ] [ LOG ] INIT File
---------------------------------------------------------------
[ 2017-12-27T16:07:09+08:00 ] ::1 ::1 POST /Blogs/public/index.php/admin/admin/ajaxfile.html
[ info ] localhost/Blogs/public/index.php/admin/admin/ajaxfile.html [运行时间：0.027348s][吞吐率：36.57req/s] [内存消耗：1,972.72kb] [文件加载：44]
[ info ] [ LANG ] D:\wamp\www\Blogs\thinkphp\lang\zh-cn.php
[ info ] [ ROUTE ] array (
  'type' => 'module',
  'module' => 
  array (
    0 => 'admin',
    1 => 'admin',
    2 => 'ajaxfile',
  ),
)
[ info ] [ HEADER ] array (
  'host' => 'localhost',
  'connection' => 'keep-alive',
  'content-length' => '0',
  'accept' => '*/*',
  'origin' => 'http://localhost',
  'x-requested-with' => 'XMLHttpRequest',
  'user-agent' => 'Mozilla/5.0 (Windows NT 10.0; WOW64) AppleWebKit/537.36 (KHTML, like Gecko) Chrome/60.0.3112.10 Safari/537.36',
  'referer' => 'http://localhost/Blogs/public/index.php/Admin/admin/file',
  'accept-encoding' => 'gzip, deflate, br',
  'accept-language' => 'zh-CN,zh;q=0.8',
)
[ info ] [ PARAM ] array (
)
[ info ] [ RUN ] app\Admin\controller\Admin->ajaxfile[ D:\wamp\www\Blogs\application\admin\controller\Admin.php ]
[ info ] [ LOG ] INIT File
---------------------------------------------------------------
[ 2017-12-27T16:07:21+08:00 ] ::1 ::1 GET /Blogs/public/index.php/Admin/admin/file
[ info ] localhost/Blogs/public/index.php/Admin/admin/file [运行时间：0.038544s][吞吐率：25.94req/s] [内存消耗：2,210.00kb] [文件加载：48]
[ info ] [ LANG ] D:\wamp\www\Blogs\thinkphp\lang\zh-cn.php
[ info ] [ ROUTE ] array (
  'type' => 'module',
  'module' => 
  array (
    0 => 'Admin',
    1 => 'admin',
    2 => 'file',
  ),
)
[ info ] [ HEADER ] array (
  'host' => 'localhost',
  'connection' => 'keep-alive',
  'cache-control' => 'max-age=0',
  'upgrade-insecure-requests' => '1',
  'user-agent' => 'Mozilla/5.0 (Windows NT 10.0; WOW64) AppleWebKit/537.36 (KHTML, like Gecko) Chrome/60.0.3112.10 Safari/537.36',
  'accept' => 'text/html,application/xhtml+xml,application/xml;q=0.9,image/webp,image/apng,*/*;q=0.8',
  'accept-encoding' => 'gzip, deflate, br',
  'accept-language' => 'zh-CN,zh;q=0.8',
)
[ info ] [ PARAM ] array (
)
[ info ] [ RUN ] app\Admin\controller\Admin->file[ D:\wamp\www\Blogs\application\admin\controller\Admin.php ]
[ info ] [ VIEW ] D:\wamp\www\Blogs\public/../application/admin\view\admin\file.html [ array (
) ]
[ info ] [ LOG ] INIT File
---------------------------------------------------------------
[ 2017-12-27T16:07:46+08:00 ] ::1 ::1 GET /Blogs/public/index.php/Admin/admin/file
[ info ] localhost/Blogs/public/index.php/Admin/admin/file [运行时间：0.044467s][吞吐率：22.49req/s] [内存消耗：2,209.97kb] [文件加载：48]
[ info ] [ LANG ] D:\wamp\www\Blogs\thinkphp\lang\zh-cn.php
[ info ] [ ROUTE ] array (
  'type' => 'module',
  'module' => 
  array (
    0 => 'Admin',
    1 => 'admin',
    2 => 'file',
  ),
)
[ info ] [ HEADER ] array (
  'host' => 'localhost',
  'connection' => 'keep-alive',
  'cache-control' => 'max-age=0',
  'upgrade-insecure-requests' => '1',
  'user-agent' => 'Mozilla/5.0 (Windows NT 10.0; WOW64) AppleWebKit/537.36 (KHTML, like Gecko) Chrome/60.0.3112.10 Safari/537.36',
  'accept' => 'text/html,application/xhtml+xml,application/xml;q=0.9,image/webp,image/apng,*/*;q=0.8',
  'accept-encoding' => 'gzip, deflate, br',
  'accept-language' => 'zh-CN,zh;q=0.8',
)
[ info ] [ PARAM ] array (
)
[ info ] [ RUN ] app\Admin\controller\Admin->file[ D:\wamp\www\Blogs\application\admin\controller\Admin.php ]
[ info ] [ VIEW ] D:\wamp\www\Blogs\public/../application/admin\view\admin\file.html [ array (
) ]
[ info ] [ LOG ] INIT File
---------------------------------------------------------------
[ 2017-12-27T16:08:18+08:00 ] ::1 ::1 GET /Blogs/public/index.php/Admin/admin/file
[ info ] localhost/Blogs/public/index.php/Admin/admin/file [运行时间：0.023003s][吞吐率：43.47req/s] [内存消耗：2,052.77kb] [文件加载：46]
[ info ] [ LANG ] D:\wamp\www\Blogs\thinkphp\lang\zh-cn.php
[ info ] [ ROUTE ] array (
  'type' => 'module',
  'module' => 
  array (
    0 => 'Admin',
    1 => 'admin',
    2 => 'file',
  ),
)
[ info ] [ HEADER ] array (
  'host' => 'localhost',
  'connection' => 'keep-alive',
  'cache-control' => 'max-age=0',
  'upgrade-insecure-requests' => '1',
  'user-agent' => 'Mozilla/5.0 (Windows NT 10.0; WOW64) AppleWebKit/537.36 (KHTML, like Gecko) Chrome/60.0.3112.10 Safari/537.36',
  'accept' => 'text/html,application/xhtml+xml,application/xml;q=0.9,image/webp,image/apng,*/*;q=0.8',
  'accept-encoding' => 'gzip, deflate, br',
  'accept-language' => 'zh-CN,zh;q=0.8',
)
[ info ] [ PARAM ] array (
)
[ info ] [ RUN ] app\Admin\controller\Admin->file[ D:\wamp\www\Blogs\application\admin\controller\Admin.php ]
[ info ] [ VIEW ] D:\wamp\www\Blogs\public/../application/admin\view\admin\file.html [ array (
) ]
[ info ] [ LOG ] INIT File
---------------------------------------------------------------
[ 2017-12-27T16:08:47+08:00 ] ::1 ::1 GET /Blogs/public/index.php/Admin/Index/index
[ info ] localhost/Blogs/public/index.php/Admin/Index/index [运行时间：0.024381s][吞吐率：41.02req/s] [内存消耗：1,928.14kb] [文件加载：45]
[ info ] [ LANG ] D:\wamp\www\Blogs\thinkphp\lang\zh-cn.php
[ info ] [ ROUTE ] array (
  'type' => 'module',
  'module' => 
  array (
    0 => 'Admin',
    1 => 'Index',
    2 => 'index',
  ),
)
[ info ] [ HEADER ] array (
  'host' => 'localhost',
  'connection' => 'keep-alive',
  'upgrade-insecure-requests' => '1',
  'user-agent' => 'Mozilla/5.0 (Windows NT 10.0; WOW64) AppleWebKit/537.36 (KHTML, like Gecko) Chrome/60.0.3112.10 Safari/537.36',
  'accept' => 'text/html,application/xhtml+xml,application/xml;q=0.9,image/webp,image/apng,*/*;q=0.8',
  'accept-encoding' => 'gzip, deflate, br',
  'accept-language' => 'zh-CN,zh;q=0.8',
)
[ info ] [ PARAM ] array (
)
[ info ] [ RUN ] app\admin\controller\Index->index[ D:\wamp\www\Blogs\application\admin\controller\Index.php ]
[ info ] [ VIEW ] D:\wamp\www\Blogs\public/../application/admin\view\index\index.html [ array (
) ]
[ info ] [ LOG ] INIT File
---------------------------------------------------------------
[ 2017-12-27T16:08:47+08:00 ] ::1 ::1 GET /Blogs/public/index.php/Admin/Index/top.html
[ info ] localhost/Blogs/public/index.php/Admin/Index/top.html [运行时间：0.037212s][吞吐率：26.87req/s] [内存消耗：1,928.53kb] [文件加载：45]
[ info ] [ LANG ] D:\wamp\www\Blogs\thinkphp\lang\zh-cn.php
[ info ] [ ROUTE ] array (
  'type' => 'module',
  'module' => 
  array (
    0 => 'Admin',
    1 => 'Index',
    2 => 'top',
  ),
)
[ info ] [ HEADER ] array (
  'host' => 'localhost',
  'connection' => 'keep-alive',
  'upgrade-insecure-requests' => '1',
  'user-agent' => 'Mozilla/5.0 (Windows NT 10.0; WOW64) AppleWebKit/537.36 (KHTML, like Gecko) Chrome/60.0.3112.10 Safari/537.36',
  'accept' => 'text/html,application/xhtml+xml,application/xml;q=0.9,image/webp,image/apng,*/*;q=0.8',
  'referer' => 'http://localhost/Blogs/public/index.php/Admin/Index/index',
  'accept-encoding' => 'gzip, deflate, br',
  'accept-language' => 'zh-CN,zh;q=0.8',
)
[ info ] [ PARAM ] array (
)
[ info ] [ RUN ] app\admin\controller\Index->top[ D:\wamp\www\Blogs\application\admin\controller\Index.php ]
[ info ] [ VIEW ] D:\wamp\www\Blogs\public/../application/admin\view\index\top.html [ array (
) ]
[ info ] [ LOG ] INIT File
---------------------------------------------------------------
[ 2017-12-27T16:08:47+08:00 ] ::1 ::1 GET /Blogs/public/index.php/Admin/Index/menu.html
[ info ] localhost/Blogs/public/index.php/Admin/Index/menu.html [运行时间：0.036507s][吞吐率：27.39req/s] [内存消耗：1,928.60kb] [文件加载：45]
[ info ] [ LANG ] D:\wamp\www\Blogs\thinkphp\lang\zh-cn.php
[ info ] [ ROUTE ] array (
  'type' => 'module',
  'module' => 
  array (
    0 => 'Admin',
    1 => 'Index',
    2 => 'menu',
  ),
)
[ info ] [ HEADER ] array (
  'host' => 'localhost',
  'connection' => 'keep-alive',
  'upgrade-insecure-requests' => '1',
  'user-agent' => 'Mozilla/5.0 (Windows NT 10.0; WOW64) AppleWebKit/537.36 (KHTML, like Gecko) Chrome/60.0.3112.10 Safari/537.36',
  'accept' => 'text/html,application/xhtml+xml,application/xml;q=0.9,image/webp,image/apng,*/*;q=0.8',
  'referer' => 'http://localhost/Blogs/public/index.php/Admin/Index/index',
  'accept-encoding' => 'gzip, deflate, br',
  'accept-language' => 'zh-CN,zh;q=0.8',
)
[ info ] [ PARAM ] array (
)
[ info ] [ RUN ] app\admin\controller\Index->menu[ D:\wamp\www\Blogs\application\admin\controller\Index.php ]
[ info ] [ VIEW ] D:\wamp\www\Blogs\public/../application/admin\view\index\menu.html [ array (
) ]
[ info ] [ LOG ] INIT File
---------------------------------------------------------------
[ 2017-12-27T16:08:47+08:00 ] ::1 ::1 GET /Blogs/public/index.php/Admin/Index/bar.html
[ info ] localhost/Blogs/public/index.php/Admin/Index/bar.html [运行时间：0.036699s][吞吐率：27.25req/s] [内存消耗：1,928.53kb] [文件加载：45]
[ info ] [ LANG ] D:\wamp\www\Blogs\thinkphp\lang\zh-cn.php
[ info ] [ ROUTE ] array (
  'type' => 'module',
  'module' => 
  array (
    0 => 'Admin',
    1 => 'Index',
    2 => 'bar',
  ),
)
[ info ] [ HEADER ] array (
  'host' => 'localhost',
  'connection' => 'keep-alive',
  'upgrade-insecure-requests' => '1',
  'user-agent' => 'Mozilla/5.0 (Windows NT 10.0; WOW64) AppleWebKit/537.36 (KHTML, like Gecko) Chrome/60.0.3112.10 Safari/537.36',
  'accept' => 'text/html,application/xhtml+xml,application/xml;q=0.9,image/webp,image/apng,*/*;q=0.8',
  'referer' => 'http://localhost/Blogs/public/index.php/Admin/Index/index',
  'accept-encoding' => 'gzip, deflate, br',
  'accept-language' => 'zh-CN,zh;q=0.8',
)
[ info ] [ PARAM ] array (
)
[ info ] [ RUN ] app\admin\controller\Index->bar[ D:\wamp\www\Blogs\application\admin\controller\Index.php ]
[ info ] [ VIEW ] D:\wamp\www\Blogs\public/../application/admin\view\index\bar.html [ array (
) ]
[ info ] [ LOG ] INIT File
---------------------------------------------------------------
[ 2017-12-27T16:08:47+08:00 ] ::1 ::1 GET /Blogs/public/index.php/Admin/Index/main.html
[ info ] localhost/Blogs/public/index.php/Admin/Index/main.html [运行时间：0.058582s][吞吐率：17.07req/s] [内存消耗：1,928.54kb] [文件加载：45]
[ info ] [ LANG ] D:\wamp\www\Blogs\thinkphp\lang\zh-cn.php
[ info ] [ ROUTE ] array (
  'type' => 'module',
  'module' => 
  array (
    0 => 'Admin',
    1 => 'Index',
    2 => 'main',
  ),
)
[ info ] [ HEADER ] array (
  'host' => 'localhost',
  'connection' => 'keep-alive',
  'upgrade-insecure-requests' => '1',
  'user-agent' => 'Mozilla/5.0 (Windows NT 10.0; WOW64) AppleWebKit/537.36 (KHTML, like Gecko) Chrome/60.0.3112.10 Safari/537.36',
  'accept' => 'text/html,application/xhtml+xml,application/xml;q=0.9,image/webp,image/apng,*/*;q=0.8',
  'referer' => 'http://localhost/Blogs/public/index.php/Admin/Index/index',
  'accept-encoding' => 'gzip, deflate, br',
  'accept-language' => 'zh-CN,zh;q=0.8',
)
[ info ] [ PARAM ] array (
)
[ info ] [ RUN ] app\admin\controller\Index->main[ D:\wamp\www\Blogs\application\admin\controller\Index.php ]
[ info ] [ VIEW ] D:\wamp\www\Blogs\public/../application/admin\view\index\main.html [ array (
) ]
[ info ] [ LOG ] INIT File
---------------------------------------------------------------
[ 2017-12-27T16:08:47+08:00 ] ::1 ::1 GET /Blogs/public/static/images/admin_bg.png
[ info ] localhost/Blogs/public/static/images/admin_bg.png [运行时间：0.035611s][吞吐率：28.08req/s] [内存消耗：1,633.70kb] [文件加载：39]
[ info ] [ LANG ] D:\wamp\www\Blogs\thinkphp\lang\zh-cn.php
[ info ] [ ROUTE ] array (
  'type' => 'module',
  'module' => 
  array (
    0 => 'static',
    1 => 'images',
    2 => 'admin_bg.png',
  ),
)
[ info ] [ HEADER ] array (
  'host' => 'localhost',
  'connection' => 'keep-alive',
  'user-agent' => 'Mozilla/5.0 (Windows NT 10.0; WOW64) AppleWebKit/537.36 (KHTML, like Gecko) Chrome/60.0.3112.10 Safari/537.36',
  'accept' => 'image/webp,image/apng,image/*,*/*;q=0.8',
  'referer' => 'http://localhost/Blogs/public/static/css/adminStyle.css',
  'accept-encoding' => 'gzip, deflate, br',
  'accept-language' => 'zh-CN,zh;q=0.8',
)
[ info ] [ PARAM ] array (
)
[ info ] [ LOG ] INIT File
---------------------------------------------------------------
[ 2017-12-27T16:08:47+08:00 ] ::1 ::1 GET /Blogs/public/static/imagearrow_left.gif
[ info ] localhost/Blogs/public/static/imagearrow_left.gif [运行时间：0.033227s][吞吐率：30.10req/s] [内存消耗：1,633.62kb] [文件加载：39]
[ info ] [ LANG ] D:\wamp\www\Blogs\thinkphp\lang\zh-cn.php
[ info ] [ ROUTE ] array (
  'type' => 'module',
  'module' => 
  array (
    0 => 'static',
    1 => 'imagearrow_left.gif',
    2 => NULL,
  ),
)
[ info ] [ HEADER ] array (
  'host' => 'localhost',
  'connection' => 'keep-alive',
  'user-agent' => 'Mozilla/5.0 (Windows NT 10.0; WOW64) AppleWebKit/537.36 (KHTML, like Gecko) Chrome/60.0.3112.10 Safari/537.36',
  'accept' => 'image/webp,image/apng,image/*,*/*;q=0.8',
  'referer' => 'http://localhost/Blogs/public/index.php/Admin/Index/bar.html',
  'accept-encoding' => 'gzip, deflate, br',
  'accept-language' => 'zh-CN,zh;q=0.8',
)
[ info ] [ PARAM ] array (
)
[ info ] [ LOG ] INIT File
---------------------------------------------------------------
[ 2017-12-27T16:08:47+08:00 ] ::1 ::1 GET /Blogs/public/static/imagearrow_right.gif
[ info ] localhost/Blogs/public/static/imagearrow_right.gif [运行时间：0.033838s][吞吐率：29.55req/s] [内存消耗：1,633.60kb] [文件加载：39]
[ info ] [ LANG ] D:\wamp\www\Blogs\thinkphp\lang\zh-cn.php
[ info ] [ ROUTE ] array (
  'type' => 'module',
  'module' => 
  array (
    0 => 'static',
    1 => 'imagearrow_right.gif',
    2 => NULL,
  ),
)
[ info ] [ HEADER ] array (
  'host' => 'localhost',
  'connection' => 'keep-alive',
  'user-agent' => 'Mozilla/5.0 (Windows NT 10.0; WOW64) AppleWebKit/537.36 (KHTML, like Gecko) Chrome/60.0.3112.10 Safari/537.36',
  'accept' => 'image/webp,image/apng,image/*,*/*;q=0.8',
  'referer' => 'http://localhost/Blogs/public/index.php/Admin/Index/bar.html',
  'accept-encoding' => 'gzip, deflate, br',
  'accept-language' => 'zh-CN,zh;q=0.8',
)
[ info ] [ PARAM ] array (
)
[ info ] [ LOG ] INIT File
---------------------------------------------------------------
[ 2017-12-27T16:08:47+08:00 ] ::1 ::1 GET /Blogs/public/static/js/eject.js
[ info ] localhost/Blogs/public/static/js/eject.js [运行时间：0.029572s][吞吐率：33.82req/s] [内存消耗：1,633.49kb] [文件加载：39]
[ info ] [ LANG ] D:\wamp\www\Blogs\thinkphp\lang\zh-cn.php
[ info ] [ ROUTE ] array (
  'type' => 'module',
  'module' => 
  array (
    0 => 'static',
    1 => 'js',
    2 => 'eject.js',
  ),
)
[ info ] [ HEADER ] array (
  'host' => 'localhost',
  'connection' => 'keep-alive',
  'user-agent' => 'Mozilla/5.0 (Windows NT 10.0; WOW64) AppleWebKit/537.36 (KHTML, like Gecko) Chrome/60.0.3112.10 Safari/537.36',
  'accept' => '*/*',
  'referer' => 'http://localhost/Blogs/public/index.php/Admin/Index/main.html',
  'accept-encoding' => 'gzip, deflate, br',
  'accept-language' => 'zh-CN,zh;q=0.8',
)
[ info ] [ PARAM ] array (
)
[ info ] [ LOG ] INIT File
---------------------------------------------------------------
[ 2017-12-27T16:08:47+08:00 ] ::1 ::1 GET /Blogs/public/static/images/admin_bg.png
[ info ] localhost/Blogs/public/static/images/admin_bg.png [运行时间：0.023608s][吞吐率：42.36req/s] [内存消耗：1,633.70kb] [文件加载：39]
[ info ] [ LANG ] D:\wamp\www\Blogs\thinkphp\lang\zh-cn.php
[ info ] [ ROUTE ] array (
  'type' => 'module',
  'module' => 
  array (
    0 => 'static',
    1 => 'images',
    2 => 'admin_bg.png',
  ),
)
[ info ] [ HEADER ] array (
  'host' => 'localhost',
  'connection' => 'keep-alive',
  'user-agent' => 'Mozilla/5.0 (Windows NT 10.0; WOW64) AppleWebKit/537.36 (KHTML, like Gecko) Chrome/60.0.3112.10 Safari/537.36',
  'accept' => 'image/webp,image/apng,image/*,*/*;q=0.8',
  'referer' => 'http://localhost/Blogs/public/static/css/adminStyle.css',
  'accept-encoding' => 'gzip, deflate, br',
  'accept-language' => 'zh-CN,zh;q=0.8',
)
[ info ] [ PARAM ] array (
)
[ info ] [ LOG ] INIT File
---------------------------------------------------------------
[ 2017-12-27T16:08:53+08:00 ] ::1 ::1 GET /Blogs/public/index.php/Admin/admin/file
[ info ] localhost/Blogs/public/index.php/Admin/admin/file [运行时间：0.024471s][吞吐率：40.87req/s] [内存消耗：2,052.55kb] [文件加载：46]
[ info ] [ LANG ] D:\wamp\www\Blogs\thinkphp\lang\zh-cn.php
[ info ] [ ROUTE ] array (
  'type' => 'module',
  'module' => 
  array (
    0 => 'Admin',
    1 => 'admin',
    2 => 'file',
  ),
)
[ info ] [ HEADER ] array (
  'host' => 'localhost',
  'connection' => 'keep-alive',
  'upgrade-insecure-requests' => '1',
  'user-agent' => 'Mozilla/5.0 (Windows NT 10.0; WOW64) AppleWebKit/537.36 (KHTML, like Gecko) Chrome/60.0.3112.10 Safari/537.36',
  'accept' => 'text/html,application/xhtml+xml,application/xml;q=0.9,image/webp,image/apng,*/*;q=0.8',
  'accept-encoding' => 'gzip, deflate, br',
  'accept-language' => 'zh-CN,zh;q=0.8',
)
[ info ] [ PARAM ] array (
)
[ info ] [ RUN ] app\Admin\controller\Admin->file[ D:\wamp\www\Blogs\application\admin\controller\Admin.php ]
[ info ] [ VIEW ] D:\wamp\www\Blogs\public/../application/admin\view\admin\file.html [ array (
) ]
[ info ] [ LOG ] INIT File
---------------------------------------------------------------
[ 2017-12-27T16:09:07+08:00 ] ::1 ::1 GET /Blogs/public/index.php/Admin/admin/file
[ info ] localhost/Blogs/public/index.php/Admin/admin/file [运行时间：0.027033s][吞吐率：36.99req/s] [内存消耗：2,210.00kb] [文件加载：48]
[ info ] [ LANG ] D:\wamp\www\Blogs\thinkphp\lang\zh-cn.php
[ info ] [ ROUTE ] array (
  'type' => 'module',
  'module' => 
  array (
    0 => 'Admin',
    1 => 'admin',
    2 => 'file',
  ),
)
[ info ] [ HEADER ] array (
  'host' => 'localhost',
  'connection' => 'keep-alive',
  'cache-control' => 'max-age=0',
  'upgrade-insecure-requests' => '1',
  'user-agent' => 'Mozilla/5.0 (Windows NT 10.0; WOW64) AppleWebKit/537.36 (KHTML, like Gecko) Chrome/60.0.3112.10 Safari/537.36',
  'accept' => 'text/html,application/xhtml+xml,application/xml;q=0.9,image/webp,image/apng,*/*;q=0.8',
  'accept-encoding' => 'gzip, deflate, br',
  'accept-language' => 'zh-CN,zh;q=0.8',
)
[ info ] [ PARAM ] array (
)
[ info ] [ RUN ] app\Admin\controller\Admin->file[ D:\wamp\www\Blogs\application\admin\controller\Admin.php ]
[ info ] [ VIEW ] D:\wamp\www\Blogs\public/../application/admin\view\admin\file.html [ array (
) ]
[ info ] [ LOG ] INIT File
---------------------------------------------------------------
[ 2017-12-27T16:09:28+08:00 ] ::1 ::1 GET /Blogs/public/index.php/Admin/admin/file
[ info ] localhost/Blogs/public/index.php/Admin/admin/file [运行时间：0.031230s][吞吐率：32.02req/s] [内存消耗：2,210.00kb] [文件加载：48]
[ info ] [ LANG ] D:\wamp\www\Blogs\thinkphp\lang\zh-cn.php
[ info ] [ ROUTE ] array (
  'type' => 'module',
  'module' => 
  array (
    0 => 'Admin',
    1 => 'admin',
    2 => 'file',
  ),
)
[ info ] [ HEADER ] array (
  'host' => 'localhost',
  'connection' => 'keep-alive',
  'cache-control' => 'max-age=0',
  'upgrade-insecure-requests' => '1',
  'user-agent' => 'Mozilla/5.0 (Windows NT 10.0; WOW64) AppleWebKit/537.36 (KHTML, like Gecko) Chrome/60.0.3112.10 Safari/537.36',
  'accept' => 'text/html,application/xhtml+xml,application/xml;q=0.9,image/webp,image/apng,*/*;q=0.8',
  'accept-encoding' => 'gzip, deflate, br',
  'accept-language' => 'zh-CN,zh;q=0.8',
)
[ info ] [ PARAM ] array (
)
[ info ] [ RUN ] app\Admin\controller\Admin->file[ D:\wamp\www\Blogs\application\admin\controller\Admin.php ]
[ info ] [ VIEW ] D:\wamp\www\Blogs\public/../application/admin\view\admin\file.html [ array (
) ]
[ info ] [ LOG ] INIT File
---------------------------------------------------------------
[ 2017-12-27T16:11:11+08:00 ] ::1 ::1 GET /Blogs/public/index.php/Admin/admin/file
[ info ] localhost/Blogs/public/index.php/Admin/admin/file [运行时间：0.032394s][吞吐率：30.87req/s] [内存消耗：2,209.98kb] [文件加载：48]
[ info ] [ LANG ] D:\wamp\www\Blogs\thinkphp\lang\zh-cn.php
[ info ] [ ROUTE ] array (
  'type' => 'module',
  'module' => 
  array (
    0 => 'Admin',
    1 => 'admin',
    2 => 'file',
  ),
)
[ info ] [ HEADER ] array (
  'host' => 'localhost',
  'connection' => 'keep-alive',
  'cache-control' => 'max-age=0',
  'upgrade-insecure-requests' => '1',
  'user-agent' => 'Mozilla/5.0 (Windows NT 10.0; WOW64) AppleWebKit/537.36 (KHTML, like Gecko) Chrome/60.0.3112.10 Safari/537.36',
  'accept' => 'text/html,application/xhtml+xml,application/xml;q=0.9,image/webp,image/apng,*/*;q=0.8',
  'accept-encoding' => 'gzip, deflate, br',
  'accept-language' => 'zh-CN,zh;q=0.8',
)
[ info ] [ PARAM ] array (
)
[ info ] [ RUN ] app\Admin\controller\Admin->file[ D:\wamp\www\Blogs\application\admin\controller\Admin.php ]
[ info ] [ VIEW ] D:\wamp\www\Blogs\public/../application/admin\view\admin\file.html [ array (
) ]
[ info ] [ LOG ] INIT File
---------------------------------------------------------------
[ 2017-12-27T16:11:13+08:00 ] ::1 ::1 POST /Blogs/public/index.php/admin/admin/ajaxfile.html
[ info ] localhost/Blogs/public/index.php/admin/admin/ajaxfile.html [运行时间：0.019853s][吞吐率：50.37req/s] [内存消耗：1,973.21kb] [文件加载：44]
[ info ] [ LANG ] D:\wamp\www\Blogs\thinkphp\lang\zh-cn.php
[ info ] [ ROUTE ] array (
  'type' => 'module',
  'module' => 
  array (
    0 => 'admin',
    1 => 'admin',
    2 => 'ajaxfile',
  ),
)
[ info ] [ HEADER ] array (
  'host' => 'localhost',
  'connection' => 'keep-alive',
  'content-length' => '7',
  'accept' => '*/*',
  'origin' => 'http://localhost',
  'x-requested-with' => 'XMLHttpRequest',
  'user-agent' => 'Mozilla/5.0 (Windows NT 10.0; WOW64) AppleWebKit/537.36 (KHTML, like Gecko) Chrome/60.0.3112.10 Safari/537.36',
  'content-type' => 'application/x-www-form-urlencoded; charset=UTF-8',
  'referer' => 'http://localhost/Blogs/public/index.php/Admin/admin/file',
  'accept-encoding' => 'gzip, deflate, br',
  'accept-language' => 'zh-CN,zh;q=0.8',
)
[ info ] [ PARAM ] array (
  'image' => '1',
)
[ info ] [ RUN ] app\Admin\controller\Admin->ajaxfile[ D:\wamp\www\Blogs\application\admin\controller\Admin.php ]
[ info ] [ LOG ] INIT File
---------------------------------------------------------------
[ 2017-12-27T16:12:55+08:00 ] ::1 ::1 GET /Blogs/public/index.php/Admin/admin/file
[ info ] localhost/Blogs/public/index.php/Admin/admin/file [运行时间：0.044311s][吞吐率：22.57req/s] [内存消耗：2,209.98kb] [文件加载：48]
[ info ] [ LANG ] D:\wamp\www\Blogs\thinkphp\lang\zh-cn.php
[ info ] [ ROUTE ] array (
  'type' => 'module',
  'module' => 
  array (
    0 => 'Admin',
    1 => 'admin',
    2 => 'file',
  ),
)
[ info ] [ HEADER ] array (
  'host' => 'localhost',
  'connection' => 'keep-alive',
  'cache-control' => 'max-age=0',
  'upgrade-insecure-requests' => '1',
  'user-agent' => 'Mozilla/5.0 (Windows NT 10.0; WOW64) AppleWebKit/537.36 (KHTML, like Gecko) Chrome/60.0.3112.10 Safari/537.36',
  'accept' => 'text/html,application/xhtml+xml,application/xml;q=0.9,image/webp,image/apng,*/*;q=0.8',
  'accept-encoding' => 'gzip, deflate, br',
  'accept-language' => 'zh-CN,zh;q=0.8',
)
[ info ] [ PARAM ] array (
)
[ info ] [ RUN ] app\Admin\controller\Admin->file[ D:\wamp\www\Blogs\application\admin\controller\Admin.php ]
[ info ] [ VIEW ] D:\wamp\www\Blogs\public/../application/admin\view\admin\file.html [ array (
) ]
[ info ] [ LOG ] INIT File
---------------------------------------------------------------
[ 2017-12-27T16:12:58+08:00 ] ::1 ::1 POST /Blogs/public/index.php/admin/admin/ajaxfile.html
[ info ] localhost/Blogs/public/index.php/admin/admin/ajaxfile.html [运行时间：0.029955s][吞吐率：33.38req/s] [内存消耗：1,972.72kb] [文件加载：44]
[ info ] [ LANG ] D:\wamp\www\Blogs\thinkphp\lang\zh-cn.php
[ info ] [ ROUTE ] array (
  'type' => 'module',
  'module' => 
  array (
    0 => 'admin',
    1 => 'admin',
    2 => 'ajaxfile',
  ),
)
[ info ] [ HEADER ] array (
  'host' => 'localhost',
  'connection' => 'keep-alive',
  'content-length' => '0',
  'accept' => '*/*',
  'origin' => 'http://localhost',
  'x-requested-with' => 'XMLHttpRequest',
  'user-agent' => 'Mozilla/5.0 (Windows NT 10.0; WOW64) AppleWebKit/537.36 (KHTML, like Gecko) Chrome/60.0.3112.10 Safari/537.36',
  'referer' => 'http://localhost/Blogs/public/index.php/Admin/admin/file',
  'accept-encoding' => 'gzip, deflate, br',
  'accept-language' => 'zh-CN,zh;q=0.8',
)
[ info ] [ PARAM ] array (
)
[ info ] [ RUN ] app\Admin\controller\Admin->ajaxfile[ D:\wamp\www\Blogs\application\admin\controller\Admin.php ]
[ info ] [ LOG ] INIT File
---------------------------------------------------------------
[ 2017-12-27T16:21:37+08:00 ] ::1 ::1 GET /Blogs/public/index.php/Admin/admin/file
[ info ] localhost/Blogs/public/index.php/Admin/admin/file [运行时间：0.025784s][吞吐率：38.78req/s] [内存消耗：2,052.42kb] [文件加载：46]
[ info ] [ LANG ] D:\wamp\www\Blogs\thinkphp\lang\zh-cn.php
[ info ] [ ROUTE ] array (
  'type' => 'module',
  'module' => 
  array (
    0 => 'Admin',
    1 => 'admin',
    2 => 'file',
  ),
)
[ info ] [ HEADER ] array (
  'accept' => 'text/html, application/xhtml+xml, image/jxr, */*',
  'accept-language' => 'zh-CN',
  'user-agent' => 'Mozilla/5.0 (Windows NT 10.0; WOW64; Trident/7.0; rv:11.0) like Gecko',
  'accept-encoding' => 'gzip, deflate',
  'host' => 'localhost',
  'connection' => 'Keep-Alive',
  'cookie' => 'pgv_pvi=8280115200; __guid=111872281.4529547721719652400.1512805618564.0325',
)
[ info ] [ PARAM ] array (
)
[ info ] [ RUN ] app\Admin\controller\Admin->file[ D:\wamp\www\Blogs\application\admin\controller\Admin.php ]
[ info ] [ VIEW ] D:\wamp\www\Blogs\public/../application/admin\view\admin\file.html [ array (
) ]
[ info ] [ LOG ] INIT File
---------------------------------------------------------------
[ 2017-12-27T16:22:12+08:00 ] ::1 ::1 GET /Blogs/public/index.php/Admin/admin/file
[ info ] localhost/Blogs/public/index.php/Admin/admin/file [运行时间：0.029189s][吞吐率：34.26req/s] [内存消耗：2,052.30kb] [文件加载：46]
[ info ] [ LANG ] D:\wamp\www\Blogs\thinkphp\lang\zh-cn.php
[ info ] [ ROUTE ] array (
  'type' => 'module',
  'module' => 
  array (
    0 => 'Admin',
    1 => 'admin',
    2 => 'file',
  ),
)
[ info ] [ HEADER ] array (
  'accept' => 'text/html, application/xhtml+xml, image/jxr, */*',
  'accept-language' => 'zh-CN',
  'user-agent' => 'Mozilla/5.0 (Windows NT 10.0; WOW64; Trident/7.0; rv:11.0) like Gecko',
  'accept-encoding' => 'gzip, deflate',
  'host' => 'localhost',
  'connection' => 'Keep-Alive',
  'cookie' => 'pgv_pvi=8280115200; __guid=111872281.4529547721719652400.1512805618564.0325',
)
[ info ] [ PARAM ] array (
)
[ info ] [ RUN ] app\Admin\controller\Admin->file[ D:\wamp\www\Blogs\application\admin\controller\Admin.php ]
[ info ] [ VIEW ] D:\wamp\www\Blogs\public/../application/admin\view\admin\file.html [ array (
) ]
[ info ] [ LOG ] INIT File
---------------------------------------------------------------
[ 2017-12-27T16:22:24+08:00 ] ::1 ::1 POST /Blogs/public/index.php/admin/admin/ajaxfile.html
[ info ] localhost/Blogs/public/index.php/admin/admin/ajaxfile.html [运行时间：0.024058s][吞吐率：41.57req/s] [内存消耗：1,973.13kb] [文件加载：44]
[ info ] [ LANG ] D:\wamp\www\Blogs\thinkphp\lang\zh-cn.php
[ info ] [ ROUTE ] array (
  'type' => 'module',
  'module' => 
  array (
    0 => 'admin',
    1 => 'admin',
    2 => 'ajaxfile',
  ),
)
[ info ] [ HEADER ] array (
  'accept' => '*/*',
  'x-requested-with' => 'XMLHttpRequest',
  'referer' => 'http://localhost/Blogs/public/index.php/Admin/admin/file',
  'accept-language' => 'zh-CN',
  'accept-encoding' => 'gzip, deflate',
  'user-agent' => 'Mozilla/5.0 (Windows NT 10.0; WOW64; Trident/7.0; rv:11.0) like Gecko',
  'host' => 'localhost',
  'content-length' => '0',
  'connection' => 'Keep-Alive',
  'cache-control' => 'no-cache',
  'cookie' => 'pgv_pvi=8280115200; __guid=111872281.4529547721719652400.1512805618564.0325',
)
[ info ] [ PARAM ] array (
)
[ info ] [ RUN ] app\Admin\controller\Admin->ajaxfile[ D:\wamp\www\Blogs\application\admin\controller\Admin.php ]
[ info ] [ LOG ] INIT File
---------------------------------------------------------------
[ 2017-12-27T16:22:41+08:00 ] ::1 ::1 GET /Blogs/public/index.php/Admin/admin/file
[ info ] localhost/Blogs/public/index.php/Admin/admin/file [运行时间：0.029512s][吞吐率：33.88req/s] [内存消耗：2,052.30kb] [文件加载：46]
[ info ] [ LANG ] D:\wamp\www\Blogs\thinkphp\lang\zh-cn.php
[ info ] [ ROUTE ] array (
  'type' => 'module',
  'module' => 
  array (
    0 => 'Admin',
    1 => 'admin',
    2 => 'file',
  ),
)
[ info ] [ HEADER ] array (
  'accept' => 'text/html, application/xhtml+xml, image/jxr, */*',
  'accept-language' => 'zh-CN',
  'user-agent' => 'Mozilla/5.0 (Windows NT 10.0; WOW64; Trident/7.0; rv:11.0) like Gecko',
  'accept-encoding' => 'gzip, deflate',
  'host' => 'localhost',
  'connection' => 'Keep-Alive',
  'cookie' => 'pgv_pvi=8280115200; __guid=111872281.4529547721719652400.1512805618564.0325',
)
[ info ] [ PARAM ] array (
)
[ info ] [ RUN ] app\Admin\controller\Admin->file[ D:\wamp\www\Blogs\application\admin\controller\Admin.php ]
[ info ] [ VIEW ] D:\wamp\www\Blogs\public/../application/admin\view\admin\file.html [ array (
) ]
[ info ] [ LOG ] INIT File
---------------------------------------------------------------
[ 2017-12-27T16:23:01+08:00 ] ::1 ::1 GET /Blogs/public/index.php/Admin/admin/file
[ info ] localhost/Blogs/public/index.php/Admin/admin/file [运行时间：0.036787s][吞吐率：27.18req/s] [内存消耗：2,209.97kb] [文件加载：48]
[ info ] [ LANG ] D:\wamp\www\Blogs\thinkphp\lang\zh-cn.php
[ info ] [ ROUTE ] array (
  'type' => 'module',
  'module' => 
  array (
    0 => 'Admin',
    1 => 'admin',
    2 => 'file',
  ),
)
[ info ] [ HEADER ] array (
  'host' => 'localhost',
  'connection' => 'keep-alive',
  'cache-control' => 'max-age=0',
  'upgrade-insecure-requests' => '1',
  'user-agent' => 'Mozilla/5.0 (Windows NT 10.0; WOW64) AppleWebKit/537.36 (KHTML, like Gecko) Chrome/60.0.3112.10 Safari/537.36',
  'accept' => 'text/html,application/xhtml+xml,application/xml;q=0.9,image/webp,image/apng,*/*;q=0.8',
  'accept-encoding' => 'gzip, deflate, br',
  'accept-language' => 'zh-CN,zh;q=0.8',
)
[ info ] [ PARAM ] array (
)
[ info ] [ RUN ] app\Admin\controller\Admin->file[ D:\wamp\www\Blogs\application\admin\controller\Admin.php ]
[ info ] [ VIEW ] D:\wamp\www\Blogs\public/../application/admin\view\admin\file.html [ array (
) ]
[ info ] [ LOG ] INIT File
---------------------------------------------------------------
[ 2017-12-27T16:23:04+08:00 ] ::1 ::1 POST /Blogs/public/index.php/admin/admin/ajaxfile.html
[ info ] localhost/Blogs/public/index.php/admin/admin/ajaxfile.html [运行时间：0.025045s][吞吐率：39.93req/s] [内存消耗：1,973.30kb] [文件加载：44]
[ info ] [ LANG ] D:\wamp\www\Blogs\thinkphp\lang\zh-cn.php
[ info ] [ ROUTE ] array (
  'type' => 'module',
  'module' => 
  array (
    0 => 'admin',
    1 => 'admin',
    2 => 'ajaxfile',
  ),
)
[ info ] [ HEADER ] array (
  'host' => 'localhost',
  'connection' => 'keep-alive',
  'content-length' => '32',
  'accept' => '*/*',
  'origin' => 'http://localhost',
  'x-requested-with' => 'XMLHttpRequest',
  'user-agent' => 'Mozilla/5.0 (Windows NT 10.0; WOW64) AppleWebKit/537.36 (KHTML, like Gecko) Chrome/60.0.3112.10 Safari/537.36',
  'content-type' => 'application/x-www-form-urlencoded; charset=UTF-8',
  'referer' => 'http://localhost/Blogs/public/index.php/Admin/admin/file',
  'accept-encoding' => 'gzip, deflate, br',
  'accept-language' => 'zh-CN,zh;q=0.8',
)
[ info ] [ PARAM ] array (
  'image' => 'C:\\fakepath\\4.10.png',
)
[ info ] [ RUN ] app\Admin\controller\Admin->ajaxfile[ D:\wamp\www\Blogs\application\admin\controller\Admin.php ]
[ info ] [ LOG ] INIT File
---------------------------------------------------------------
[ 2017-12-27T16:23:45+08:00 ] ::1 ::1 GET /Blogs/public/index.php/Admin/admin/file
[ info ] localhost/Blogs/public/index.php/Admin/admin/file [运行时间：0.036798s][吞吐率：27.18req/s] [内存消耗：2,210.02kb] [文件加载：48]
[ info ] [ LANG ] D:\wamp\www\Blogs\thinkphp\lang\zh-cn.php
[ info ] [ ROUTE ] array (
  'type' => 'module',
  'module' => 
  array (
    0 => 'Admin',
    1 => 'admin',
    2 => 'file',
  ),
)
[ info ] [ HEADER ] array (
  'host' => 'localhost',
  'connection' => 'keep-alive',
  'cache-control' => 'max-age=0',
  'upgrade-insecure-requests' => '1',
  'user-agent' => 'Mozilla/5.0 (Windows NT 10.0; WOW64) AppleWebKit/537.36 (KHTML, like Gecko) Chrome/60.0.3112.10 Safari/537.36',
  'accept' => 'text/html,application/xhtml+xml,application/xml;q=0.9,image/webp,image/apng,*/*;q=0.8',
  'accept-encoding' => 'gzip, deflate, br',
  'accept-language' => 'zh-CN,zh;q=0.8',
)
[ info ] [ PARAM ] array (
)
[ info ] [ RUN ] app\Admin\controller\Admin->file[ D:\wamp\www\Blogs\application\admin\controller\Admin.php ]
[ info ] [ VIEW ] D:\wamp\www\Blogs\public/../application/admin\view\admin\file.html [ array (
) ]
[ info ] [ LOG ] INIT File
---------------------------------------------------------------
[ 2017-12-27T16:23:48+08:00 ] ::1 ::1 POST /Blogs/public/index.php/admin/admin/ajaxfile.html
[ info ] localhost/Blogs/public/index.php/admin/admin/ajaxfile.html [运行时间：0.020724s][吞吐率：48.25req/s] [内存消耗：1,973.32kb] [文件加载：44]
[ info ] [ LANG ] D:\wamp\www\Blogs\thinkphp\lang\zh-cn.php
[ info ] [ ROUTE ] array (
  'type' => 'module',
  'module' => 
  array (
    0 => 'admin',
    1 => 'admin',
    2 => 'ajaxfile',
  ),
)
[ info ] [ HEADER ] array (
  'host' => 'localhost',
  'connection' => 'keep-alive',
  'content-length' => '32',
  'accept' => '*/*',
  'origin' => 'http://localhost',
  'x-requested-with' => 'XMLHttpRequest',
  'user-agent' => 'Mozilla/5.0 (Windows NT 10.0; WOW64) AppleWebKit/537.36 (KHTML, like Gecko) Chrome/60.0.3112.10 Safari/537.36',
  'content-type' => 'application/x-www-form-urlencoded; charset=UTF-8',
  'referer' => 'http://localhost/Blogs/public/index.php/Admin/admin/file',
  'accept-encoding' => 'gzip, deflate, br',
  'accept-language' => 'zh-CN,zh;q=0.8',
)
[ info ] [ PARAM ] array (
  'image' => 'C:\\fakepath\\4.10.png',
)
[ info ] [ RUN ] app\Admin\controller\Admin->ajaxfile[ D:\wamp\www\Blogs\application\admin\controller\Admin.php ]
[ info ] [ LOG ] INIT File
---------------------------------------------------------------
[ 2017-12-27T16:24:58+08:00 ] ::1 ::1 GET /Blogs/public/index.php/Admin/admin/file
[ info ] localhost/Blogs/public/index.php/Admin/admin/file [运行时间：0.040541s][吞吐率：24.67req/s] [内存消耗：2,210.11kb] [文件加载：48]
[ info ] [ LANG ] D:\wamp\www\Blogs\thinkphp\lang\zh-cn.php
[ info ] [ ROUTE ] array (
  'type' => 'module',
  'module' => 
  array (
    0 => 'Admin',
    1 => 'admin',
    2 => 'file',
  ),
)
[ info ] [ HEADER ] array (
  'host' => 'localhost',
  'connection' => 'keep-alive',
  'cache-control' => 'max-age=0',
  'upgrade-insecure-requests' => '1',
  'user-agent' => 'Mozilla/5.0 (Windows NT 10.0; WOW64) AppleWebKit/537.36 (KHTML, like Gecko) Chrome/60.0.3112.10 Safari/537.36',
  'accept' => 'text/html,application/xhtml+xml,application/xml;q=0.9,image/webp,image/apng,*/*;q=0.8',
  'accept-encoding' => 'gzip, deflate, br',
  'accept-language' => 'zh-CN,zh;q=0.8',
)
[ info ] [ PARAM ] array (
)
[ info ] [ RUN ] app\Admin\controller\Admin->file[ D:\wamp\www\Blogs\application\admin\controller\Admin.php ]
[ info ] [ VIEW ] D:\wamp\www\Blogs\public/../application/admin\view\admin\file.html [ array (
) ]
[ info ] [ LOG ] INIT File
---------------------------------------------------------------
[ 2017-12-27T16:25:02+08:00 ] ::1 ::1 POST /Blogs/public/index.php/admin/admin/ajaxfile.html
[ info ] localhost/Blogs/public/index.php/admin/admin/ajaxfile.html [运行时间：0.023388s][吞吐率：42.76req/s] [内存消耗：1,973.25kb] [文件加载：44]
[ info ] [ LANG ] D:\wamp\www\Blogs\thinkphp\lang\zh-cn.php
[ info ] [ ROUTE ] array (
  'type' => 'module',
  'module' => 
  array (
    0 => 'admin',
    1 => 'admin',
    2 => 'ajaxfile',
  ),
)
[ info ] [ HEADER ] array (
  'host' => 'localhost',
  'connection' => 'keep-alive',
  'content-length' => '31',
  'accept' => '*/*',
  'origin' => 'http://localhost',
  'x-requested-with' => 'XMLHttpRequest',
  'user-agent' => 'Mozilla/5.0 (Windows NT 10.0; WOW64) AppleWebKit/537.36 (KHTML, like Gecko) Chrome/60.0.3112.10 Safari/537.36',
  'content-type' => 'application/x-www-form-urlencoded; charset=UTF-8',
  'referer' => 'http://localhost/Blogs/public/index.php/Admin/admin/file',
  'accept-encoding' => 'gzip, deflate, br',
  'accept-language' => 'zh-CN,zh;q=0.8',
)
[ info ] [ PARAM ] array (
  'image' => 'C:\\fakepath\\4.9.png',
)
[ info ] [ RUN ] app\Admin\controller\Admin->ajaxfile[ D:\wamp\www\Blogs\application\admin\controller\Admin.php ]
[ info ] [ LOG ] INIT File
---------------------------------------------------------------
[ 2017-12-27T16:25:13+08:00 ] ::1 ::1 GET /Blogs/public/index.php/Admin/admin/C:/fakepath/4.9.png
[ info ] localhost/Blogs/public/index.php/Admin/admin/C:/fakepath/4.9.png [运行时间：0.035685s][吞吐率：28.02req/s] [内存消耗：2,011.45kb] [文件加载：46]
[ info ] [ LANG ] D:\wamp\www\Blogs\thinkphp\lang\zh-cn.php
[ info ] [ ROUTE ] array (
  'type' => 'module',
  'module' => 
  array (
    0 => 'Admin',
    1 => 'admin',
    2 => 'C:',
  ),
)
[ info ] [ HEADER ] array (
  'host' => 'localhost',
  'connection' => 'keep-alive',
  'upgrade-insecure-requests' => '1',
  'user-agent' => 'Mozilla/5.0 (Windows NT 10.0; WOW64) AppleWebKit/537.36 (KHTML, like Gecko) Chrome/60.0.3112.10 Safari/537.36',
  'accept' => 'text/html,application/xhtml+xml,application/xml;q=0.9,image/webp,image/apng,*/*;q=0.8',
  'accept-encoding' => 'gzip, deflate, br',
  'accept-language' => 'zh-CN,zh;q=0.8',
)
[ info ] [ PARAM ] array (
  'fakepath' => '4.9.png',
)
[ info ] [ LOG ] INIT File
---------------------------------------------------------------
[ 2017-12-27T16:25:38+08:00 ] ::1 ::1 GET /Blogs/public/index.php/Admin/admin/file
[ info ] localhost/Blogs/public/index.php/Admin/admin/file [运行时间：0.036441s][吞吐率：27.44req/s] [内存消耗：2,052.81kb] [文件加载：46]
[ info ] [ LANG ] D:\wamp\www\Blogs\thinkphp\lang\zh-cn.php
[ info ] [ ROUTE ] array (
  'type' => 'module',
  'module' => 
  array (
    0 => 'Admin',
    1 => 'admin',
    2 => 'file',
  ),
)
[ info ] [ HEADER ] array (
  'host' => 'localhost',
  'connection' => 'keep-alive',
  'cache-control' => 'max-age=0',
  'upgrade-insecure-requests' => '1',
  'user-agent' => 'Mozilla/5.0 (Windows NT 10.0; WOW64) AppleWebKit/537.36 (KHTML, like Gecko) Chrome/60.0.3112.10 Safari/537.36',
  'accept' => 'text/html,application/xhtml+xml,application/xml;q=0.9,image/webp,image/apng,*/*;q=0.8',
  'accept-encoding' => 'gzip, deflate, br',
  'accept-language' => 'zh-CN,zh;q=0.8',
)
[ info ] [ PARAM ] array (
)
[ info ] [ RUN ] app\Admin\controller\Admin->file[ D:\wamp\www\Blogs\application\admin\controller\Admin.php ]
[ info ] [ VIEW ] D:\wamp\www\Blogs\public/../application/admin\view\admin\file.html [ array (
) ]
[ info ] [ LOG ] INIT File
---------------------------------------------------------------
[ 2017-12-27T16:25:48+08:00 ] ::1 ::1 POST /Blogs/public/index.php/admin/admin/ajaxfile.html
[ info ] localhost/Blogs/public/index.php/admin/admin/ajaxfile.html [运行时间：0.022700s][吞吐率：44.05req/s] [内存消耗：1,973.21kb] [文件加载：44]
[ info ] [ LANG ] D:\wamp\www\Blogs\thinkphp\lang\zh-cn.php
[ info ] [ ROUTE ] array (
  'type' => 'module',
  'module' => 
  array (
    0 => 'admin',
    1 => 'admin',
    2 => 'ajaxfile',
  ),
)
[ info ] [ HEADER ] array (
  'host' => 'localhost',
  'connection' => 'keep-alive',
  'content-length' => '29',
  'accept' => '*/*',
  'origin' => 'http://localhost',
  'x-requested-with' => 'XMLHttpRequest',
  'user-agent' => 'Mozilla/5.0 (Windows NT 10.0; WOW64) AppleWebKit/537.36 (KHTML, like Gecko) Chrome/60.0.3112.10 Safari/537.36',
  'content-type' => 'application/x-www-form-urlencoded; charset=UTF-8',
  'referer' => 'http://localhost/Blogs/public/index.php/Admin/admin/file',
  'accept-encoding' => 'gzip, deflate, br',
  'accept-language' => 'zh-CN,zh;q=0.8',
)
[ info ] [ PARAM ] array (
  'image' => 'C:\\fakepath\\2.jpg',
)
[ info ] [ RUN ] app\Admin\controller\Admin->ajaxfile[ D:\wamp\www\Blogs\application\admin\controller\Admin.php ]
[ info ] [ LOG ] INIT File
---------------------------------------------------------------
[ 2017-12-27T16:25:54+08:00 ] ::1 ::1 GET /Blogs/public/index.php/Admin/admin/C:/fakepath/2.jpg
[ info ] localhost/Blogs/public/index.php/Admin/admin/C:/fakepath/2.jpg [运行时间：0.036655s][吞吐率：27.28req/s] [内存消耗：2,011.41kb] [文件加载：46]
[ info ] [ LANG ] D:\wamp\www\Blogs\thinkphp\lang\zh-cn.php
[ info ] [ ROUTE ] array (
  'type' => 'module',
  'module' => 
  array (
    0 => 'Admin',
    1 => 'admin',
    2 => 'C:',
  ),
)
[ info ] [ HEADER ] array (
  'host' => 'localhost',
  'connection' => 'keep-alive',
  'upgrade-insecure-requests' => '1',
  'user-agent' => 'Mozilla/5.0 (Windows NT 10.0; WOW64) AppleWebKit/537.36 (KHTML, like Gecko) Chrome/60.0.3112.10 Safari/537.36',
  'accept' => 'text/html,application/xhtml+xml,application/xml;q=0.9,image/webp,image/apng,*/*;q=0.8',
  'accept-encoding' => 'gzip, deflate, br',
  'accept-language' => 'zh-CN,zh;q=0.8',
)
[ info ] [ PARAM ] array (
  'fakepath' => '2.jpg',
)
[ info ] [ LOG ] INIT File
---------------------------------------------------------------
[ 2017-12-27T16:26:12+08:00 ] ::1 ::1 GET /Blogs/public/index.php/Admin/admin/file
[ info ] localhost/Blogs/public/index.php/Admin/admin/file [运行时间：0.033031s][吞吐率：30.27req/s] [内存消耗：2,052.81kb] [文件加载：46]
[ info ] [ LANG ] D:\wamp\www\Blogs\thinkphp\lang\zh-cn.php
[ info ] [ ROUTE ] array (
  'type' => 'module',
  'module' => 
  array (
    0 => 'Admin',
    1 => 'admin',
    2 => 'file',
  ),
)
[ info ] [ HEADER ] array (
  'host' => 'localhost',
  'connection' => 'keep-alive',
  'cache-control' => 'max-age=0',
  'upgrade-insecure-requests' => '1',
  'user-agent' => 'Mozilla/5.0 (Windows NT 10.0; WOW64) AppleWebKit/537.36 (KHTML, like Gecko) Chrome/60.0.3112.10 Safari/537.36',
  'accept' => 'text/html,application/xhtml+xml,application/xml;q=0.9,image/webp,image/apng,*/*;q=0.8',
  'accept-encoding' => 'gzip, deflate, br',
  'accept-language' => 'zh-CN,zh;q=0.8',
)
[ info ] [ PARAM ] array (
)
[ info ] [ RUN ] app\Admin\controller\Admin->file[ D:\wamp\www\Blogs\application\admin\controller\Admin.php ]
[ info ] [ VIEW ] D:\wamp\www\Blogs\public/../application/admin\view\admin\file.html [ array (
) ]
[ info ] [ LOG ] INIT File
---------------------------------------------------------------
[ 2017-12-27T16:29:55+08:00 ] ::1 ::1 GET /Blogs/public/index.php/Admin/admin/file
[ info ] localhost/Blogs/public/index.php/Admin/admin/file [运行时间：0.030899s][吞吐率：32.36req/s] [内存消耗：2,052.32kb] [文件加载：46]
[ info ] [ LANG ] D:\wamp\www\Blogs\thinkphp\lang\zh-cn.php
[ info ] [ ROUTE ] array (
  'type' => 'module',
  'module' => 
  array (
    0 => 'Admin',
    1 => 'admin',
    2 => 'file',
  ),
)
[ info ] [ HEADER ] array (
  'accept' => 'text/html, application/xhtml+xml, image/jxr, */*',
  'accept-language' => 'zh-CN',
  'user-agent' => 'Mozilla/5.0 (Windows NT 10.0; WOW64; Trident/7.0; rv:11.0) like Gecko',
  'accept-encoding' => 'gzip, deflate',
  'host' => 'localhost',
  'connection' => 'Keep-Alive',
  'cookie' => 'pgv_pvi=8280115200; __guid=111872281.4529547721719652400.1512805618564.0325',
)
[ info ] [ PARAM ] array (
)
[ info ] [ RUN ] app\Admin\controller\Admin->file[ D:\wamp\www\Blogs\application\admin\controller\Admin.php ]
[ info ] [ VIEW ] D:\wamp\www\Blogs\public/../application/admin\view\admin\file.html [ array (
) ]
[ info ] [ LOG ] INIT File
---------------------------------------------------------------
[ 2017-12-27T16:30:04+08:00 ] ::1 ::1 POST /Blogs/public/index.php/admin/admin/ajaxfile.html
[ info ] localhost/Blogs/public/index.php/admin/admin/ajaxfile.html [运行时间：0.034929s][吞吐率：28.63req/s] [内存消耗：1,973.85kb] [文件加载：44]
[ info ] [ LANG ] D:\wamp\www\Blogs\thinkphp\lang\zh-cn.php
[ info ] [ ROUTE ] array (
  'type' => 'module',
  'module' => 
  array (
    0 => 'admin',
    1 => 'admin',
    2 => 'ajaxfile',
  ),
)
[ info ] [ HEADER ] array (
  'content-type' => 'application/x-www-form-urlencoded; charset=UTF-8',
  'accept' => '*/*',
  'x-requested-with' => 'XMLHttpRequest',
  'referer' => 'http://localhost/Blogs/public/index.php/Admin/admin/file',
  'accept-language' => 'zh-CN',
  'accept-encoding' => 'gzip, deflate',
  'user-agent' => 'Mozilla/5.0 (Windows NT 10.0; WOW64; Trident/7.0; rv:11.0) like Gecko',
  'host' => 'localhost',
  'content-length' => '126',
  'connection' => 'Keep-Alive',
  'cache-control' => 'no-cache',
  'cookie' => 'pgv_pvi=8280115200; __guid=111872281.4529547721719652400.1512805618564.0325',
)
[ info ] [ PARAM ] array (
  'image' => 'C:\\Users\\xiaoqiang\\Desktop\\新建文件夹\\]Y7EZ9(8}_U(1LN_`M1[G6O.png',
)
[ info ] [ RUN ] app\Admin\controller\Admin->ajaxfile[ D:\wamp\www\Blogs\application\admin\controller\Admin.php ]
[ info ] [ LOG ] INIT File
---------------------------------------------------------------
[ 2017-12-27T16:35:20+08:00 ] ::1 ::1 GET /Blogs/public/index.php/Admin/admin/file
[ info ] localhost/Blogs/public/index.php/Admin/admin/file [运行时间：0.027254s][吞吐率：36.69req/s] [内存消耗：2,052.81kb] [文件加载：46]
[ info ] [ LANG ] D:\wamp\www\Blogs\thinkphp\lang\zh-cn.php
[ info ] [ ROUTE ] array (
  'type' => 'module',
  'module' => 
  array (
    0 => 'Admin',
    1 => 'admin',
    2 => 'file',
  ),
)
[ info ] [ HEADER ] array (
  'host' => 'localhost',
  'connection' => 'keep-alive',
  'cache-control' => 'max-age=0',
  'upgrade-insecure-requests' => '1',
  'user-agent' => 'Mozilla/5.0 (Windows NT 10.0; WOW64) AppleWebKit/537.36 (KHTML, like Gecko) Chrome/60.0.3112.10 Safari/537.36',
  'accept' => 'text/html,application/xhtml+xml,application/xml;q=0.9,image/webp,image/apng,*/*;q=0.8',
  'accept-encoding' => 'gzip, deflate, br',
  'accept-language' => 'zh-CN,zh;q=0.8',
)
[ info ] [ PARAM ] array (
)
[ info ] [ RUN ] app\Admin\controller\Admin->file[ D:\wamp\www\Blogs\application\admin\controller\Admin.php ]
[ info ] [ VIEW ] D:\wamp\www\Blogs\public/../application/admin\view\admin\file.html [ array (
) ]
[ info ] [ LOG ] INIT File
---------------------------------------------------------------
[ 2017-12-27T16:35:24+08:00 ] ::1 ::1 POST /Blogs/public/index.php/admin/admin/ajaxfile.html
[ info ] localhost/Blogs/public/index.php/admin/admin/ajaxfile.html [运行时间：0.019662s][吞吐率：50.86req/s] [内存消耗：1,973.21kb] [文件加载：44]
[ info ] [ LANG ] D:\wamp\www\Blogs\thinkphp\lang\zh-cn.php
[ info ] [ ROUTE ] array (
  'type' => 'module',
  'module' => 
  array (
    0 => 'admin',
    1 => 'admin',
    2 => 'ajaxfile',
  ),
)
[ info ] [ HEADER ] array (
  'host' => 'localhost',
  'connection' => 'keep-alive',
  'content-length' => '29',
  'accept' => '*/*',
  'origin' => 'http://localhost',
  'x-requested-with' => 'XMLHttpRequest',
  'user-agent' => 'Mozilla/5.0 (Windows NT 10.0; WOW64) AppleWebKit/537.36 (KHTML, like Gecko) Chrome/60.0.3112.10 Safari/537.36',
  'content-type' => 'application/x-www-form-urlencoded; charset=UTF-8',
  'referer' => 'http://localhost/Blogs/public/index.php/Admin/admin/file',
  'accept-encoding' => 'gzip, deflate, br',
  'accept-language' => 'zh-CN,zh;q=0.8',
)
[ info ] [ PARAM ] array (
  'image' => 'C:\\fakepath\\2.jpg',
)
[ info ] [ RUN ] app\Admin\controller\Admin->ajaxfile[ D:\wamp\www\Blogs\application\admin\controller\Admin.php ]
[ info ] [ LOG ] INIT File
---------------------------------------------------------------
[ 2017-12-27T16:35:50+08:00 ] ::1 ::1 GET /Blogs/public/index.php/Admin/admin/file
[ info ] localhost/Blogs/public/index.php/Admin/admin/file [运行时间：0.025350s][吞吐率：39.45req/s] [内存消耗：2,052.81kb] [文件加载：46]
[ info ] [ LANG ] D:\wamp\www\Blogs\thinkphp\lang\zh-cn.php
[ info ] [ ROUTE ] array (
  'type' => 'module',
  'module' => 
  array (
    0 => 'Admin',
    1 => 'admin',
    2 => 'file',
  ),
)
[ info ] [ HEADER ] array (
  'host' => 'localhost',
  'connection' => 'keep-alive',
  'cache-control' => 'max-age=0',
  'upgrade-insecure-requests' => '1',
  'user-agent' => 'Mozilla/5.0 (Windows NT 10.0; WOW64) AppleWebKit/537.36 (KHTML, like Gecko) Chrome/60.0.3112.10 Safari/537.36',
  'accept' => 'text/html,application/xhtml+xml,application/xml;q=0.9,image/webp,image/apng,*/*;q=0.8',
  'accept-encoding' => 'gzip, deflate, br',
  'accept-language' => 'zh-CN,zh;q=0.8',
)
[ info ] [ PARAM ] array (
)
[ info ] [ RUN ] app\Admin\controller\Admin->file[ D:\wamp\www\Blogs\application\admin\controller\Admin.php ]
[ info ] [ VIEW ] D:\wamp\www\Blogs\public/../application/admin\view\admin\file.html [ array (
) ]
[ info ] [ LOG ] INIT File
---------------------------------------------------------------
[ 2017-12-27T16:35:53+08:00 ] ::1 ::1 POST /Blogs/public/index.php/admin/admin/ajaxfile.html
[ info ] localhost/Blogs/public/index.php/admin/admin/ajaxfile.html [运行时间：0.020855s][吞吐率：47.95req/s] [内存消耗：1,973.25kb] [文件加载：44]
[ info ] [ LANG ] D:\wamp\www\Blogs\thinkphp\lang\zh-cn.php
[ info ] [ ROUTE ] array (
  'type' => 'module',
  'module' => 
  array (
    0 => 'admin',
    1 => 'admin',
    2 => 'ajaxfile',
  ),
)
[ info ] [ HEADER ] array (
  'host' => 'localhost',
  'connection' => 'keep-alive',
  'content-length' => '29',
  'accept' => '*/*',
  'origin' => 'http://localhost',
  'x-requested-with' => 'XMLHttpRequest',
  'user-agent' => 'Mozilla/5.0 (Windows NT 10.0; WOW64) AppleWebKit/537.36 (KHTML, like Gecko) Chrome/60.0.3112.10 Safari/537.36',
  'content-type' => 'application/x-www-form-urlencoded; charset=UTF-8',
  'referer' => 'http://localhost/Blogs/public/index.php/Admin/admin/file',
  'accept-encoding' => 'gzip, deflate, br',
  'accept-language' => 'zh-CN,zh;q=0.8',
)
[ info ] [ PARAM ] array (
  'image' => 'C:\\fakepath\\1.jpg',
)
[ info ] [ RUN ] app\Admin\controller\Admin->ajaxfile[ D:\wamp\www\Blogs\application\admin\controller\Admin.php ]
[ info ] [ LOG ] INIT File
---------------------------------------------------------------
[ 2017-12-27T16:35:57+08:00 ] ::1 ::1 GET /Blogs/public/index.php/Admin/admin/file
[ info ] localhost/Blogs/public/index.php/Admin/admin/file [运行时间：0.024249s][吞吐率：41.24req/s] [内存消耗：2,052.81kb] [文件加载：46]
[ info ] [ LANG ] D:\wamp\www\Blogs\thinkphp\lang\zh-cn.php
[ info ] [ ROUTE ] array (
  'type' => 'module',
  'module' => 
  array (
    0 => 'Admin',
    1 => 'admin',
    2 => 'file',
  ),
)
[ info ] [ HEADER ] array (
  'host' => 'localhost',
  'connection' => 'keep-alive',
  'cache-control' => 'max-age=0',
  'upgrade-insecure-requests' => '1',
  'user-agent' => 'Mozilla/5.0 (Windows NT 10.0; WOW64) AppleWebKit/537.36 (KHTML, like Gecko) Chrome/60.0.3112.10 Safari/537.36',
  'accept' => 'text/html,application/xhtml+xml,application/xml;q=0.9,image/webp,image/apng,*/*;q=0.8',
  'accept-encoding' => 'gzip, deflate, br',
  'accept-language' => 'zh-CN,zh;q=0.8',
)
[ info ] [ PARAM ] array (
)
[ info ] [ RUN ] app\Admin\controller\Admin->file[ D:\wamp\www\Blogs\application\admin\controller\Admin.php ]
[ info ] [ VIEW ] D:\wamp\www\Blogs\public/../application/admin\view\admin\file.html [ array (
) ]
[ info ] [ LOG ] INIT File
---------------------------------------------------------------
[ 2017-12-27T16:36:39+08:00 ] ::1 ::1 GET /Blogs/public/index.php/Admin/admin/file
[ info ] localhost/Blogs/public/index.php/Admin/admin/file [运行时间：0.022889s][吞吐率：43.69req/s] [内存消耗：2,052.56kb] [文件加载：46]
[ info ] [ LANG ] D:\wamp\www\Blogs\thinkphp\lang\zh-cn.php
[ info ] [ ROUTE ] array (
  'type' => 'module',
  'module' => 
  array (
    0 => 'Admin',
    1 => 'admin',
    2 => 'file',
  ),
)
[ info ] [ HEADER ] array (
  'host' => 'localhost',
  'connection' => 'keep-alive',
  'upgrade-insecure-requests' => '1',
  'user-agent' => 'Mozilla/5.0 (Windows NT 10.0; WOW64) AppleWebKit/537.36 (KHTML, like Gecko) Chrome/60.0.3112.10 Safari/537.36',
  'accept' => 'text/html,application/xhtml+xml,application/xml;q=0.9,image/webp,image/apng,*/*;q=0.8',
  'accept-encoding' => 'gzip, deflate, br',
  'accept-language' => 'zh-CN,zh;q=0.8',
)
[ info ] [ PARAM ] array (
)
[ info ] [ RUN ] app\Admin\controller\Admin->file[ D:\wamp\www\Blogs\application\admin\controller\Admin.php ]
[ info ] [ VIEW ] D:\wamp\www\Blogs\public/../application/admin\view\admin\file.html [ array (
) ]
[ info ] [ LOG ] INIT File
---------------------------------------------------------------
[ 2017-12-27T16:36:43+08:00 ] ::1 ::1 POST /Blogs/public/index.php/admin/admin/ajaxfile.html
[ info ] localhost/Blogs/public/index.php/admin/admin/ajaxfile.html [运行时间：0.019903s][吞吐率：50.24req/s] [内存消耗：1,973.21kb] [文件加载：44]
[ info ] [ LANG ] D:\wamp\www\Blogs\thinkphp\lang\zh-cn.php
[ info ] [ ROUTE ] array (
  'type' => 'module',
  'module' => 
  array (
    0 => 'admin',
    1 => 'admin',
    2 => 'ajaxfile',
  ),
)
[ info ] [ HEADER ] array (
  'host' => 'localhost',
  'connection' => 'keep-alive',
  'content-length' => '29',
  'accept' => '*/*',
  'origin' => 'http://localhost',
  'x-requested-with' => 'XMLHttpRequest',
  'user-agent' => 'Mozilla/5.0 (Windows NT 10.0; WOW64) AppleWebKit/537.36 (KHTML, like Gecko) Chrome/60.0.3112.10 Safari/537.36',
  'content-type' => 'application/x-www-form-urlencoded; charset=UTF-8',
  'referer' => 'http://localhost/Blogs/public/index.php/Admin/admin/file',
  'accept-encoding' => 'gzip, deflate, br',
  'accept-language' => 'zh-CN,zh;q=0.8',
)
[ info ] [ PARAM ] array (
  'image' => 'C:\\fakepath\\1.jpg',
)
[ info ] [ RUN ] app\Admin\controller\Admin->ajaxfile[ D:\wamp\www\Blogs\application\admin\controller\Admin.php ]
[ info ] [ LOG ] INIT File
---------------------------------------------------------------
[ 2017-12-27T16:40:57+08:00 ] ::1 ::1 GET /Blogs/public/index.php/Admin/admin/file
[ info ] localhost/Blogs/public/index.php/Admin/admin/file [运行时间：0.024424s][吞吐率：40.94req/s] [内存消耗：2,052.81kb] [文件加载：46]
[ info ] [ LANG ] D:\wamp\www\Blogs\thinkphp\lang\zh-cn.php
[ info ] [ ROUTE ] array (
  'type' => 'module',
  'module' => 
  array (
    0 => 'Admin',
    1 => 'admin',
    2 => 'file',
  ),
)
[ info ] [ HEADER ] array (
  'host' => 'localhost',
  'connection' => 'keep-alive',
  'cache-control' => 'max-age=0',
  'upgrade-insecure-requests' => '1',
  'user-agent' => 'Mozilla/5.0 (Windows NT 10.0; WOW64) AppleWebKit/537.36 (KHTML, like Gecko) Chrome/60.0.3112.10 Safari/537.36',
  'accept' => 'text/html,application/xhtml+xml,application/xml;q=0.9,image/webp,image/apng,*/*;q=0.8',
  'accept-encoding' => 'gzip, deflate, br',
  'accept-language' => 'zh-CN,zh;q=0.8',
)
[ info ] [ PARAM ] array (
)
[ info ] [ RUN ] app\Admin\controller\Admin->file[ D:\wamp\www\Blogs\application\admin\controller\Admin.php ]
[ info ] [ VIEW ] D:\wamp\www\Blogs\public/../application/admin\view\admin\file.html [ array (
) ]
[ info ] [ LOG ] INIT File
---------------------------------------------------------------
[ 2017-12-27T16:41:05+08:00 ] ::1 ::1 POST /Blogs/public/index.php/admin/admin/ajaxfile.html
[ info ] localhost/Blogs/public/index.php/admin/admin/ajaxfile.html [运行时间：0.023891s][吞吐率：41.86req/s] [内存消耗：1,973.25kb] [文件加载：44]
[ info ] [ LANG ] D:\wamp\www\Blogs\thinkphp\lang\zh-cn.php
[ info ] [ ROUTE ] array (
  'type' => 'module',
  'module' => 
  array (
    0 => 'admin',
    1 => 'admin',
    2 => 'ajaxfile',
  ),
)
[ info ] [ HEADER ] array (
  'host' => 'localhost',
  'connection' => 'keep-alive',
  'content-length' => '29',
  'accept' => '*/*',
  'origin' => 'http://localhost',
  'x-requested-with' => 'XMLHttpRequest',
  'user-agent' => 'Mozilla/5.0 (Windows NT 10.0; WOW64) AppleWebKit/537.36 (KHTML, like Gecko) Chrome/60.0.3112.10 Safari/537.36',
  'content-type' => 'application/x-www-form-urlencoded; charset=UTF-8',
  'referer' => 'http://localhost/Blogs/public/index.php/Admin/admin/file',
  'accept-encoding' => 'gzip, deflate, br',
  'accept-language' => 'zh-CN,zh;q=0.8',
)
[ info ] [ PARAM ] array (
  'image' => 'C:\\fakepath\\2.jpg',
)
[ info ] [ RUN ] app\Admin\controller\Admin->ajaxfile[ D:\wamp\www\Blogs\application\admin\controller\Admin.php ]
[ info ] [ LOG ] INIT File
