---------------------------------------------------------------
[ 2018-05-11T09:27:44+08:00 ] ::1 ::1 GET /Blogs/public/index.php/Admin/Index/login
[ info ] localhost/Blogs/public/index.php/Admin/Index/login [运行时间：1.136106s][吞吐率：0.88req/s] [内存消耗：1,934.23kb] [文件加载：45]
[ info ] [ LANG ] D:\wamp\www\Blogs\thinkphp\lang\zh-cn.php
[ info ] [ ROUTE ] array (
  'type' => 'module',
  'module' => 
  array (
    0 => 'Admin',
    1 => 'Index',
    2 => 'login',
  ),
)
[ info ] [ HEADER ] array (
  'host' => 'localhost',
  'user-agent' => 'Mozilla/5.0 (Windows NT 10.0; Win64; x64; rv:59.0) Gecko/20100101 Firefox/59.0',
  'accept' => 'text/html,application/xhtml+xml,application/xml;q=0.9,*/*;q=0.8',
  'accept-language' => 'zh-CN,zh;q=0.8,zh-TW;q=0.7,zh-HK;q=0.5,en-US;q=0.3,en;q=0.2',
  'accept-encoding' => 'gzip, deflate',
  'connection' => 'keep-alive',
  'upgrade-insecure-requests' => '1',
)
[ info ] [ PARAM ] array (
)
[ info ] [ RUN ] app\admin\controller\Index->login[ D:\wamp\www\Blogs\application\admin\controller\Index.php ]
[ info ] [ VIEW ] D:\wamp\www\Blogs\public/../application/admin\view\index\login.html [ array (
) ]
[ info ] [ LOG ] INIT File
